{"/Users/leo/testcopy/sports2-backend/src/middleware/auth.js": {"path":"/Users/leo/testcopy/sports2-backend/src/middleware/auth.js","statementMap":{"0":{"start":{"line":1,"column":12},"end":{"line":1,"column":35}},"1":{"start":{"line":2,"column":17},"end":{"line":2,"column":37}},"2":{"start":{"line":3,"column":30},"end":{"line":3,"column":74}},"3":{"start":{"line":5,"column":16},"end":{"line":52,"column":1}},"4":{"start":{"line":9,"column":2},"end":{"line":13,"column":3}},"5":{"start":{"line":10,"column":4},"end":{"line":10,"column":52}},"6":{"start":{"line":11,"column":9},"end":{"line":13,"column":3}},"7":{"start":{"line":12,"column":4},"end":{"line":12,"column":28}},"8":{"start":{"line":15,"column":2},"end":{"line":51,"column":3}},"9":{"start":{"line":16,"column":4},"end":{"line":48,"column":5}},"10":{"start":{"line":19,"column":22},"end":{"line":19,"column":63}},"11":{"start":{"line":22,"column":6},"end":{"line":33,"column":7}},"12":{"start":{"line":23,"column":30},"end":{"line":23,"column":79}},"13":{"start":{"line":24,"column":30},"end":{"line":28,"column":9}},"14":{"start":{"line":30,"column":8},"end":{"line":32,"column":9}},"15":{"start":{"line":31,"column":10},"end":{"line":31,"column":91}},"16":{"start":{"line":36,"column":6},"end":{"line":38,"column":9}},"17":{"start":{"line":40,"column":6},"end":{"line":42,"column":7}},"18":{"start":{"line":41,"column":8},"end":{"line":41,"column":81}},"19":{"start":{"line":44,"column":6},"end":{"line":44,"column":13}},"20":{"start":{"line":46,"column":6},"end":{"line":46,"column":56}},"21":{"start":{"line":47,"column":6},"end":{"line":47,"column":79}},"22":{"start":{"line":50,"column":4},"end":{"line":50,"column":87}},"23":{"start":{"line":55,"column":20},"end":{"line":61,"column":1}},"24":{"start":{"line":56,"column":2},"end":{"line":60,"column":3}},"25":{"start":{"line":57,"column":4},"end":{"line":57,"column":11}},"26":{"start":{"line":59,"column":4},"end":{"line":59,"column":102}},"27":{"start":{"line":64,"column":19},"end":{"line":70,"column":1}},"28":{"start":{"line":65,"column":2},"end":{"line":69,"column":3}},"29":{"start":{"line":66,"column":4},"end":{"line":66,"column":11}},"30":{"start":{"line":68,"column":4},"end":{"line":68,"column":96}},"31":{"start":{"line":72,"column":0},"end":{"line":72,"column":54}}},"fnMap":{"0":{"name":"(anonymous_0)","decl":{"start":{"line":5,"column":16},"end":{"line":5,"column":17}},"loc":{"start":{"line":5,"column":42},"end":{"line":52,"column":1}},"line":5},"1":{"name":"(anonymous_1)","decl":{"start":{"line":55,"column":20},"end":{"line":55,"column":21}},"loc":{"start":{"line":55,"column":40},"end":{"line":61,"column":1}},"line":55},"2":{"name":"(anonymous_2)","decl":{"start":{"line":64,"column":19},"end":{"line":64,"column":20}},"loc":{"start":{"line":64,"column":39},"end":{"line":70,"column":1}},"line":64}},"branchMap":{"0":{"loc":{"start":{"line":9,"column":2},"end":{"line":13,"column":3}},"type":"if","locations":[{"start":{"line":9,"column":2},"end":{"line":13,"column":3}},{"start":{"line":11,"column":9},"end":{"line":13,"column":3}}],"line":9},"1":{"loc":{"start":{"line":9,"column":6},"end":{"line":9,"column":81}},"type":"binary-expr","locations":[{"start":{"line":9,"column":6},"end":{"line":9,"column":31}},{"start":{"line":9,"column":35},"end":{"line":9,"column":81}}],"line":9},"2":{"loc":{"start":{"line":11,"column":9},"end":{"line":13,"column":3}},"type":"if","locations":[{"start":{"line":11,"column":9},"end":{"line":13,"column":3}},{"start":{},"end":{}}],"line":11},"3":{"loc":{"start":{"line":11,"column":13},"end":{"line":11,"column":43}},"type":"binary-expr","locations":[{"start":{"line":11,"column":13},"end":{"line":11,"column":24}},{"start":{"line":11,"column":28},"end":{"line":11,"column":43}}],"line":11},"4":{"loc":{"start":{"line":15,"column":2},"end":{"line":51,"column":3}},"type":"if","locations":[{"start":{"line":15,"column":2},"end":{"line":51,"column":3}},{"start":{"line":49,"column":9},"end":{"line":51,"column":3}}],"line":15},"5":{"loc":{"start":{"line":22,"column":6},"end":{"line":33,"column":7}},"type":"if","locations":[{"start":{"line":22,"column":6},"end":{"line":33,"column":7}},{"start":{},"end":{}}],"line":22},"6":{"loc":{"start":{"line":23,"column":30},"end":{"line":23,"column":79}},"type":"cond-expr","locations":[{"start":{"line":23,"column":44},"end":{"line":23,"column":72}},{"start":{"line":23,"column":75},"end":{"line":23,"column":79}}],"line":23},"7":{"loc":{"start":{"line":30,"column":8},"end":{"line":32,"column":9}},"type":"if","locations":[{"start":{"line":30,"column":8},"end":{"line":32,"column":9}},{"start":{},"end":{}}],"line":30},"8":{"loc":{"start":{"line":40,"column":6},"end":{"line":42,"column":7}},"type":"if","locations":[{"start":{"line":40,"column":6},"end":{"line":42,"column":7}},{"start":{},"end":{}}],"line":40},"9":{"loc":{"start":{"line":56,"column":2},"end":{"line":60,"column":3}},"type":"if","locations":[{"start":{"line":56,"column":2},"end":{"line":60,"column":3}},{"start":{"line":58,"column":9},"end":{"line":60,"column":3}}],"line":56},"10":{"loc":{"start":{"line":56,"column":6},"end":{"line":56,"column":48}},"type":"binary-expr","locations":[{"start":{"line":56,"column":6},"end":{"line":56,"column":14}},{"start":{"line":56,"column":18},"end":{"line":56,"column":48}}],"line":56},"11":{"loc":{"start":{"line":65,"column":2},"end":{"line":69,"column":3}},"type":"if","locations":[{"start":{"line":65,"column":2},"end":{"line":69,"column":3}},{"start":{"line":67,"column":9},"end":{"line":69,"column":3}}],"line":65},"12":{"loc":{"start":{"line":65,"column":6},"end":{"line":65,"column":56}},"type":"binary-expr","locations":[{"start":{"line":65,"column":6},"end":{"line":65,"column":14}},{"start":{"line":65,"column":18},"end":{"line":65,"column":56}}],"line":65}},"s":{"0":22,"1":22,"2":22,"3":22,"4":20,"5":17,"6":3,"7":0,"8":20,"9":17,"10":17,"11":15,"12":5,"13":5,"14":5,"15":2,"16":13,"17":5,"18":0,"19":5,"20":10,"21":10,"22":3,"23":22,"24":2,"25":1,"26":1,"27":22,"28":2,"29":1,"30":1,"31":22},"f":{"0":20,"1":2,"2":2},"b":{"0":[17,3],"1":[20,17],"2":[0,3],"3":[3,2],"4":[17,3],"5":[5,10],"6":[4,1],"7":[2,3],"8":[0,5],"9":[1,1],"10":[2,2],"11":[1,1],"12":[2,2]},"_coverageSchema":"1a1c01bbd47fc00a2c39e90264f33305004495a9","hash":"55dc713a2c8f8078796cae103e8f4b43670cb473"}
,"/Users/leo/testcopy/sports2-backend/src/middleware/csrf.js": {"path":"/Users/leo/testcopy/sports2-backend/src/middleware/csrf.js","statementMap":{"0":{"start":{"line":1,"column":23},"end":{"line":1,"column":43}},"1":{"start":{"line":4,"column":19},"end":{"line":4,"column":95}},"2":{"start":{"line":7,"column":0},"end":{"line":9,"column":1}},"3":{"start":{"line":8,"column":2},"end":{"line":8,"column":117}},"4":{"start":{"line":12,"column":21},"end":{"line":12,"column":58}},"5":{"start":{"line":13,"column":22},"end":{"line":18,"column":1}},"6":{"start":{"line":22,"column":19},"end":{"line":22,"column":84}},"7":{"start":{"line":29,"column":4},"end":{"line":36,"column":2}},"8":{"start":{"line":30,"column":19},"end":{"line":30,"column":29}},"9":{"start":{"line":35,"column":32},"end":{"line":35,"column":59}},"10":{"start":{"line":39,"column":25},"end":{"line":47,"column":1}},"11":{"start":{"line":40,"column":2},"end":{"line":45,"column":3}},"12":{"start":{"line":41,"column":4},"end":{"line":44,"column":7}},"13":{"start":{"line":46,"column":2},"end":{"line":46,"column":12}},"14":{"start":{"line":49,"column":0},"end":{"line":54,"column":2}}},"fnMap":{"0":{"name":"(anonymous_0)","decl":{"start":{"line":30,"column":13},"end":{"line":30,"column":14}},"loc":{"start":{"line":30,"column":19},"end":{"line":30,"column":29}},"line":30},"1":{"name":"(anonymous_1)","decl":{"start":{"line":35,"column":23},"end":{"line":35,"column":24}},"loc":{"start":{"line":35,"column":32},"end":{"line":35,"column":59}},"line":35},"2":{"name":"(anonymous_2)","decl":{"start":{"line":39,"column":25},"end":{"line":39,"column":26}},"loc":{"start":{"line":39,"column":50},"end":{"line":47,"column":1}},"line":39}},"branchMap":{"0":{"loc":{"start":{"line":4,"column":19},"end":{"line":4,"column":95}},"type":"binary-expr","locations":[{"start":{"line":4,"column":19},"end":{"line":4,"column":42}},{"start":{"line":4,"column":46},"end":{"line":4,"column":95}}],"line":4},"1":{"loc":{"start":{"line":7,"column":0},"end":{"line":9,"column":1}},"type":"if","locations":[{"start":{"line":7,"column":0},"end":{"line":9,"column":1}},{"start":{},"end":{}}],"line":7},"2":{"loc":{"start":{"line":7,"column":4},"end":{"line":7,"column":69}},"type":"binary-expr","locations":[{"start":{"line":7,"column":4},"end":{"line":7,"column":28}},{"start":{"line":7,"column":32},"end":{"line":7,"column":69}}],"line":7},"3":{"loc":{"start":{"line":14,"column":12},"end":{"line":14,"column":43}},"type":"cond-expr","locations":[{"start":{"line":14,"column":27},"end":{"line":14,"column":35}},{"start":{"line":14,"column":38},"end":{"line":14,"column":43}}],"line":14},"4":{"loc":{"start":{"line":22,"column":19},"end":{"line":22,"column":84}},"type":"cond-expr","locations":[{"start":{"line":22,"column":34},"end":{"line":22,"column":61}},{"start":{"line":22,"column":64},"end":{"line":22,"column":84}}],"line":22},"5":{"loc":{"start":{"line":40,"column":2},"end":{"line":45,"column":3}},"type":"if","locations":[{"start":{"line":40,"column":2},"end":{"line":45,"column":3}},{"start":{},"end":{}}],"line":40}},"s":{"0":22,"1":22,"2":22,"3":0,"4":22,"5":22,"6":22,"7":22,"8":51,"9":21,"10":22,"11":4,"12":3,"13":1,"14":22},"f":{"0":51,"1":21,"2":4},"b":{"0":[22,22],"1":[0,22],"2":[22,22],"3":[0,22],"4":[0,22],"5":[3,1]},"_coverageSchema":"1a1c01bbd47fc00a2c39e90264f33305004495a9","hash":"d05d6e03d796d7002a9bf9909652183981d9b4be"}
,"/Users/leo/testcopy/sports2-backend/src/middleware/errorHandler.js": {"path":"/Users/leo/testcopy/sports2-backend/src/middleware/errorHandler.js","statementMap":{"0":{"start":{"line":1,"column":21},"end":{"line":42,"column":1}},"1":{"start":{"line":2,"column":14},"end":{"line":2,"column":24}},"2":{"start":{"line":3,"column":2},"end":{"line":3,"column":30}},"3":{"start":{"line":6,"column":2},"end":{"line":6,"column":31}},"4":{"start":{"line":9,"column":2},"end":{"line":12,"column":3}},"5":{"start":{"line":10,"column":20},"end":{"line":10,"column":80}},"6":{"start":{"line":10,"column":57},"end":{"line":10,"column":68}},"7":{"start":{"line":11,"column":4},"end":{"line":11,"column":41}},"8":{"start":{"line":15,"column":2},"end":{"line":18,"column":3}},"9":{"start":{"line":16,"column":20},"end":{"line":16,"column":51}},"10":{"start":{"line":17,"column":4},"end":{"line":17,"column":41}},"11":{"start":{"line":21,"column":2},"end":{"line":24,"column":3}},"12":{"start":{"line":22,"column":20},"end":{"line":22,"column":35}},"13":{"start":{"line":23,"column":4},"end":{"line":23,"column":41}},"14":{"start":{"line":26,"column":2},"end":{"line":29,"column":3}},"15":{"start":{"line":27,"column":20},"end":{"line":27,"column":35}},"16":{"start":{"line":28,"column":4},"end":{"line":28,"column":41}},"17":{"start":{"line":32,"column":2},"end":{"line":35,"column":3}},"18":{"start":{"line":33,"column":20},"end":{"line":33,"column":40}},"19":{"start":{"line":34,"column":4},"end":{"line":34,"column":41}},"20":{"start":{"line":37,"column":2},"end":{"line":41,"column":5}},"21":{"start":{"line":44,"column":0},"end":{"line":44,"column":30}}},"fnMap":{"0":{"name":"(anonymous_0)","decl":{"start":{"line":1,"column":21},"end":{"line":1,"column":22}},"loc":{"start":{"line":1,"column":47},"end":{"line":42,"column":1}},"line":1},"1":{"name":"(anonymous_1)","decl":{"start":{"line":10,"column":50},"end":{"line":10,"column":51}},"loc":{"start":{"line":10,"column":57},"end":{"line":10,"column":68}},"line":10}},"branchMap":{"0":{"loc":{"start":{"line":9,"column":2},"end":{"line":12,"column":3}},"type":"if","locations":[{"start":{"line":9,"column":2},"end":{"line":12,"column":3}},{"start":{},"end":{}}],"line":9},"1":{"loc":{"start":{"line":15,"column":2},"end":{"line":18,"column":3}},"type":"if","locations":[{"start":{"line":15,"column":2},"end":{"line":18,"column":3}},{"start":{},"end":{}}],"line":15},"2":{"loc":{"start":{"line":21,"column":2},"end":{"line":24,"column":3}},"type":"if","locations":[{"start":{"line":21,"column":2},"end":{"line":24,"column":3}},{"start":{},"end":{}}],"line":21},"3":{"loc":{"start":{"line":26,"column":2},"end":{"line":29,"column":3}},"type":"if","locations":[{"start":{"line":26,"column":2},"end":{"line":29,"column":3}},{"start":{},"end":{}}],"line":26},"4":{"loc":{"start":{"line":32,"column":2},"end":{"line":35,"column":3}},"type":"if","locations":[{"start":{"line":32,"column":2},"end":{"line":35,"column":3}},{"start":{},"end":{}}],"line":32},"5":{"loc":{"start":{"line":37,"column":13},"end":{"line":37,"column":36}},"type":"binary-expr","locations":[{"start":{"line":37,"column":13},"end":{"line":37,"column":29}},{"start":{"line":37,"column":33},"end":{"line":37,"column":36}}],"line":37},"6":{"loc":{"start":{"line":39,"column":11},"end":{"line":39,"column":42}},"type":"binary-expr","locations":[{"start":{"line":39,"column":11},"end":{"line":39,"column":24}},{"start":{"line":39,"column":28},"end":{"line":39,"column":42}}],"line":39},"7":{"loc":{"start":{"line":40,"column":8},"end":{"line":40,"column":70}},"type":"binary-expr","locations":[{"start":{"line":40,"column":8},"end":{"line":40,"column":46}},{"start":{"line":40,"column":50},"end":{"line":40,"column":70}}],"line":40}},"s":{"0":22,"1":28,"2":28,"3":28,"4":28,"5":3,"6":3,"7":3,"8":28,"9":2,"10":2,"11":28,"12":3,"13":3,"14":28,"15":2,"16":2,"17":28,"18":2,"19":2,"20":28,"21":22},"f":{"0":28,"1":3},"b":{"0":[3,25],"1":[2,26],"2":[3,25],"3":[2,26],"4":[2,26],"5":[28,15],"6":[28,2],"7":[28,1]},"_coverageSchema":"1a1c01bbd47fc00a2c39e90264f33305004495a9","hash":"7830d95977ab54f4191cd2d6ba99e9e904605028"}
,"/Users/leo/testcopy/sports2-backend/src/middleware/notFound.js": {"path":"/Users/leo/testcopy/sports2-backend/src/middleware/notFound.js","statementMap":{"0":{"start":{"line":1,"column":17},"end":{"line":5,"column":1}},"1":{"start":{"line":2,"column":16},"end":{"line":2,"column":59}},"2":{"start":{"line":3,"column":2},"end":{"line":3,"column":18}},"3":{"start":{"line":4,"column":2},"end":{"line":4,"column":14}},"4":{"start":{"line":7,"column":0},"end":{"line":7,"column":26}}},"fnMap":{"0":{"name":"(anonymous_0)","decl":{"start":{"line":1,"column":17},"end":{"line":1,"column":18}},"loc":{"start":{"line":1,"column":37},"end":{"line":5,"column":1}},"line":1}},"branchMap":{},"s":{"0":21,"1":1,"2":1,"3":1,"4":21},"f":{"0":1},"b":{},"_coverageSchema":"1a1c01bbd47fc00a2c39e90264f33305004495a9","hash":"e3d39cf7e4d33e173d74620705ffaa52cefc1e72"}
,"/Users/leo/testcopy/sports2-backend/src/middleware/permissions.js": {"path":"/Users/leo/testcopy/sports2-backend/src/middleware/permissions.js","statementMap":{"0":{"start":{"line":1,"column":27},"end":{"line":1,"column":47}},"1":{"start":{"line":2,"column":15},"end":{"line":2,"column":41}},"2":{"start":{"line":9,"column":21},"end":{"line":11,"column":1}},"3":{"start":{"line":10,"column":2},"end":{"line":10,"column":45}},"4":{"start":{"line":18,"column":24},"end":{"line":63,"column":1}},"5":{"start":{"line":19,"column":2},"end":{"line":62,"column":4}},"6":{"start":{"line":20,"column":4},"end":{"line":61,"column":5}},"7":{"start":{"line":22,"column":6},"end":{"line":24,"column":7}},"8":{"start":{"line":23,"column":8},"end":{"line":23,"column":22}},"9":{"start":{"line":26,"column":21},"end":{"line":26,"column":32}},"10":{"start":{"line":27,"column":21},"end":{"line":27,"column":37}},"11":{"start":{"line":30,"column":25},"end":{"line":37,"column":8}},"12":{"start":{"line":40,"column":6},"end":{"line":45,"column":7}},"13":{"start":{"line":41,"column":8},"end":{"line":44,"column":11}},"14":{"start":{"line":47,"column":6},"end":{"line":52,"column":7}},"15":{"start":{"line":48,"column":8},"end":{"line":51,"column":11}},"16":{"start":{"line":54,"column":6},"end":{"line":54,"column":13}},"17":{"start":{"line":56,"column":6},"end":{"line":56,"column":53}},"18":{"start":{"line":57,"column":6},"end":{"line":60,"column":9}},"19":{"start":{"line":70,"column":27},"end":{"line":115,"column":1}},"20":{"start":{"line":71,"column":2},"end":{"line":114,"column":4}},"21":{"start":{"line":72,"column":4},"end":{"line":113,"column":5}},"22":{"start":{"line":74,"column":6},"end":{"line":76,"column":7}},"23":{"start":{"line":75,"column":8},"end":{"line":75,"column":22}},"24":{"start":{"line":78,"column":21},"end":{"line":78,"column":32}},"25":{"start":{"line":79,"column":21},"end":{"line":79,"column":37}},"26":{"start":{"line":82,"column":25},"end":{"line":89,"column":8}},"27":{"start":{"line":92,"column":6},"end":{"line":97,"column":7}},"28":{"start":{"line":93,"column":8},"end":{"line":96,"column":11}},"29":{"start":{"line":99,"column":6},"end":{"line":104,"column":7}},"30":{"start":{"line":100,"column":8},"end":{"line":103,"column":11}},"31":{"start":{"line":106,"column":6},"end":{"line":106,"column":13}},"32":{"start":{"line":108,"column":6},"end":{"line":108,"column":53}},"33":{"start":{"line":109,"column":6},"end":{"line":112,"column":9}},"34":{"start":{"line":122,"column":28},"end":{"line":171,"column":1}},"35":{"start":{"line":123,"column":2},"end":{"line":170,"column":4}},"36":{"start":{"line":124,"column":4},"end":{"line":169,"column":5}},"37":{"start":{"line":126,"column":6},"end":{"line":128,"column":7}},"38":{"start":{"line":127,"column":8},"end":{"line":127,"column":22}},"39":{"start":{"line":130,"column":21},"end":{"line":130,"column":32}},"40":{"start":{"line":131,"column":21},"end":{"line":131,"column":37}},"41":{"start":{"line":134,"column":26},"end":{"line":141,"column":8}},"42":{"start":{"line":144,"column":32},"end":{"line":146,"column":7}},"43":{"start":{"line":145,"column":22},"end":{"line":145,"column":81}},"44":{"start":{"line":148,"column":6},"end":{"line":153,"column":7}},"45":{"start":{"line":149,"column":8},"end":{"line":152,"column":11}},"46":{"start":{"line":155,"column":6},"end":{"line":160,"column":7}},"47":{"start":{"line":156,"column":8},"end":{"line":159,"column":11}},"48":{"start":{"line":162,"column":6},"end":{"line":162,"column":13}},"49":{"start":{"line":164,"column":6},"end":{"line":164,"column":53}},"50":{"start":{"line":165,"column":6},"end":{"line":168,"column":9}},"51":{"start":{"line":174,"column":30},"end":{"line":184,"column":1}},"52":{"start":{"line":186,"column":0},"end":{"line":192,"column":2}}},"fnMap":{"0":{"name":"(anonymous_0)","decl":{"start":{"line":9,"column":21},"end":{"line":9,"column":22}},"loc":{"start":{"line":9,"column":31},"end":{"line":11,"column":1}},"line":9},"1":{"name":"(anonymous_1)","decl":{"start":{"line":18,"column":24},"end":{"line":18,"column":25}},"loc":{"start":{"line":18,"column":44},"end":{"line":63,"column":1}},"line":18},"2":{"name":"(anonymous_2)","decl":{"start":{"line":19,"column":9},"end":{"line":19,"column":10}},"loc":{"start":{"line":19,"column":35},"end":{"line":62,"column":3}},"line":19},"3":{"name":"(anonymous_3)","decl":{"start":{"line":70,"column":27},"end":{"line":70,"column":28}},"loc":{"start":{"line":70,"column":48},"end":{"line":115,"column":1}},"line":70},"4":{"name":"(anonymous_4)","decl":{"start":{"line":71,"column":9},"end":{"line":71,"column":10}},"loc":{"start":{"line":71,"column":35},"end":{"line":114,"column":3}},"line":71},"5":{"name":"(anonymous_5)","decl":{"start":{"line":122,"column":28},"end":{"line":122,"column":29}},"loc":{"start":{"line":122,"column":49},"end":{"line":171,"column":1}},"line":122},"6":{"name":"(anonymous_6)","decl":{"start":{"line":123,"column":9},"end":{"line":123,"column":10}},"loc":{"start":{"line":123,"column":35},"end":{"line":170,"column":3}},"line":123},"7":{"name":"(anonymous_7)","decl":{"start":{"line":145,"column":8},"end":{"line":145,"column":9}},"loc":{"start":{"line":145,"column":22},"end":{"line":145,"column":81}},"line":145}},"branchMap":{"0":{"loc":{"start":{"line":10,"column":9},"end":{"line":10,"column":44}},"type":"binary-expr","locations":[{"start":{"line":10,"column":9},"end":{"line":10,"column":13}},{"start":{"line":10,"column":17},"end":{"line":10,"column":44}}],"line":10},"1":{"loc":{"start":{"line":22,"column":6},"end":{"line":24,"column":7}},"type":"if","locations":[{"start":{"line":22,"column":6},"end":{"line":24,"column":7}},{"start":{},"end":{}}],"line":22},"2":{"loc":{"start":{"line":40,"column":6},"end":{"line":45,"column":7}},"type":"if","locations":[{"start":{"line":40,"column":6},"end":{"line":45,"column":7}},{"start":{},"end":{}}],"line":40},"3":{"loc":{"start":{"line":40,"column":10},"end":{"line":40,"column":83}},"type":"binary-expr","locations":[{"start":{"line":40,"column":10},"end":{"line":40,"column":20}},{"start":{"line":40,"column":24},"end":{"line":40,"column":45}},{"start":{"line":40,"column":49},"end":{"line":40,"column":83}}],"line":40},"4":{"loc":{"start":{"line":47,"column":6},"end":{"line":52,"column":7}},"type":"if","locations":[{"start":{"line":47,"column":6},"end":{"line":52,"column":7}},{"start":{},"end":{}}],"line":47},"5":{"loc":{"start":{"line":74,"column":6},"end":{"line":76,"column":7}},"type":"if","locations":[{"start":{"line":74,"column":6},"end":{"line":76,"column":7}},{"start":{},"end":{}}],"line":74},"6":{"loc":{"start":{"line":92,"column":6},"end":{"line":97,"column":7}},"type":"if","locations":[{"start":{"line":92,"column":6},"end":{"line":97,"column":7}},{"start":{},"end":{}}],"line":92},"7":{"loc":{"start":{"line":92,"column":10},"end":{"line":92,"column":83}},"type":"binary-expr","locations":[{"start":{"line":92,"column":10},"end":{"line":92,"column":20}},{"start":{"line":92,"column":24},"end":{"line":92,"column":45}},{"start":{"line":92,"column":49},"end":{"line":92,"column":83}}],"line":92},"8":{"loc":{"start":{"line":99,"column":6},"end":{"line":104,"column":7}},"type":"if","locations":[{"start":{"line":99,"column":6},"end":{"line":104,"column":7}},{"start":{},"end":{}}],"line":99},"9":{"loc":{"start":{"line":126,"column":6},"end":{"line":128,"column":7}},"type":"if","locations":[{"start":{"line":126,"column":6},"end":{"line":128,"column":7}},{"start":{},"end":{}}],"line":126},"10":{"loc":{"start":{"line":145,"column":22},"end":{"line":145,"column":81}},"type":"binary-expr","locations":[{"start":{"line":145,"column":22},"end":{"line":145,"column":43}},{"start":{"line":145,"column":47},"end":{"line":145,"column":81}}],"line":145},"11":{"loc":{"start":{"line":148,"column":6},"end":{"line":153,"column":7}},"type":"if","locations":[{"start":{"line":148,"column":6},"end":{"line":153,"column":7}},{"start":{},"end":{}}],"line":148},"12":{"loc":{"start":{"line":155,"column":6},"end":{"line":160,"column":7}},"type":"if","locations":[{"start":{"line":155,"column":6},"end":{"line":160,"column":7}},{"start":{},"end":{}}],"line":155}},"s":{"0":26,"1":26,"2":26,"3":5,"4":26,"5":688,"6":2,"7":2,"8":0,"9":2,"10":2,"11":2,"12":2,"13":0,"14":2,"15":1,"16":1,"17":0,"18":0,"19":26,"20":53,"21":1,"22":1,"23":0,"24":1,"25":1,"26":1,"27":1,"28":0,"29":1,"30":0,"31":1,"32":0,"33":0,"34":26,"35":2,"36":2,"37":2,"38":0,"39":2,"40":2,"41":2,"42":2,"43":3,"44":2,"45":1,"46":1,"47":0,"48":1,"49":0,"50":0,"51":26,"52":26},"f":{"0":5,"1":688,"2":2,"3":53,"4":1,"5":2,"6":2,"7":3},"b":{"0":[5,5],"1":[0,2],"2":[0,2],"3":[2,1,0],"4":[1,1],"5":[0,1],"6":[0,1],"7":[1,1,0],"8":[0,1],"9":[0,2],"10":[3,1],"11":[1,1],"12":[0,1]},"_coverageSchema":"1a1c01bbd47fc00a2c39e90264f33305004495a9","hash":"d85e725ce8eb4297005bdc87659dd13eeb290ea4"}
,"/Users/leo/testcopy/sports2-backend/src/middleware/upload.js": {"path":"/Users/leo/testcopy/sports2-backend/src/middleware/upload.js","statementMap":{"0":{"start":{"line":1,"column":15},"end":{"line":1,"column":32}},"1":{"start":{"line":2,"column":13},"end":{"line":2,"column":28}},"2":{"start":{"line":3,"column":11},"end":{"line":3,"column":24}},"3":{"start":{"line":6,"column":19},"end":{"line":6,"column":56}},"4":{"start":{"line":7,"column":18},"end":{"line":7,"column":49}},"5":{"start":{"line":8,"column":17},"end":{"line":8,"column":47}},"6":{"start":{"line":11,"column":0},"end":{"line":23,"column":1}},"7":{"start":{"line":12,"column":2},"end":{"line":14,"column":3}},"8":{"start":{"line":13,"column":4},"end":{"line":13,"column":50}},"9":{"start":{"line":15,"column":2},"end":{"line":17,"column":3}},"10":{"start":{"line":16,"column":4},"end":{"line":16,"column":49}},"11":{"start":{"line":18,"column":2},"end":{"line":20,"column":3}},"12":{"start":{"line":19,"column":4},"end":{"line":19,"column":48}},"13":{"start":{"line":22,"column":2},"end":{"line":22,"column":100}},"14":{"start":{"line":26,"column":16},"end":{"line":37,"column":2}},"15":{"start":{"line":28,"column":4},"end":{"line":28,"column":24}},"16":{"start":{"line":32,"column":21},"end":{"line":32,"column":43}},"17":{"start":{"line":33,"column":22},"end":{"line":33,"column":32}},"18":{"start":{"line":34,"column":25},"end":{"line":34,"column":73}},"19":{"start":{"line":35,"column":4},"end":{"line":35,"column":57}},"20":{"start":{"line":40,"column":19},"end":{"line":57,"column":1}},"21":{"start":{"line":41,"column":27},"end":{"line":47,"column":3}},"22":{"start":{"line":49,"column":28},"end":{"line":49,"column":69}},"23":{"start":{"line":50,"column":24},"end":{"line":50,"column":69}},"24":{"start":{"line":52,"column":2},"end":{"line":56,"column":3}},"25":{"start":{"line":53,"column":4},"end":{"line":53,"column":19}},"26":{"start":{"line":55,"column":4},"end":{"line":55,"column":77}},"27":{"start":{"line":60,"column":15},"end":{"line":66,"column":2}},"28":{"start":{"line":69,"column":20},"end":{"line":69,"column":42}},"29":{"start":{"line":72,"column":20},"end":{"line":82,"column":2}},"30":{"start":{"line":74,"column":4},"end":{"line":74,"column":23}},"31":{"start":{"line":77,"column":19},"end":{"line":77,"column":49}},"32":{"start":{"line":78,"column":22},"end":{"line":78,"column":32}},"33":{"start":{"line":79,"column":16},"end":{"line":79,"column":61}},"34":{"start":{"line":80,"column":4},"end":{"line":80,"column":50}},"35":{"start":{"line":85,"column":24},"end":{"line":102,"column":1}},"36":{"start":{"line":86,"column":27},"end":{"line":92,"column":3}},"37":{"start":{"line":94,"column":28},"end":{"line":94,"column":70}},"38":{"start":{"line":95,"column":24},"end":{"line":95,"column":69}},"39":{"start":{"line":97,"column":2},"end":{"line":101,"column":3}},"40":{"start":{"line":98,"column":4},"end":{"line":98,"column":19}},"41":{"start":{"line":100,"column":4},"end":{"line":100,"column":96}},"42":{"start":{"line":105,"column":19},"end":{"line":111,"column":2}},"43":{"start":{"line":114,"column":19},"end":{"line":114,"column":44}},"44":{"start":{"line":117,"column":26},"end":{"line":140,"column":1}},"45":{"start":{"line":118,"column":2},"end":{"line":129,"column":3}},"46":{"start":{"line":119,"column":4},"end":{"line":124,"column":5}},"47":{"start":{"line":120,"column":6},"end":{"line":123,"column":9}},"48":{"start":{"line":125,"column":4},"end":{"line":128,"column":7}},"49":{"start":{"line":131,"column":2},"end":{"line":137,"column":3}},"50":{"start":{"line":133,"column":4},"end":{"line":136,"column":7}},"51":{"start":{"line":139,"column":2},"end":{"line":139,"column":14}},"52":{"start":{"line":142,"column":0},"end":{"line":147,"column":2}}},"fnMap":{"0":{"name":"(anonymous_0)","decl":{"start":{"line":27,"column":15},"end":{"line":27,"column":16}},"loc":{"start":{"line":27,"column":34},"end":{"line":29,"column":3}},"line":27},"1":{"name":"(anonymous_1)","decl":{"start":{"line":30,"column":12},"end":{"line":30,"column":13}},"loc":{"start":{"line":30,"column":31},"end":{"line":36,"column":3}},"line":30},"2":{"name":"(anonymous_2)","decl":{"start":{"line":40,"column":19},"end":{"line":40,"column":20}},"loc":{"start":{"line":40,"column":38},"end":{"line":57,"column":1}},"line":40},"3":{"name":"(anonymous_3)","decl":{"start":{"line":73,"column":15},"end":{"line":73,"column":16}},"loc":{"start":{"line":73,"column":34},"end":{"line":75,"column":3}},"line":73},"4":{"name":"(anonymous_4)","decl":{"start":{"line":76,"column":12},"end":{"line":76,"column":13}},"loc":{"start":{"line":76,"column":31},"end":{"line":81,"column":3}},"line":76},"5":{"name":"(anonymous_5)","decl":{"start":{"line":85,"column":24},"end":{"line":85,"column":25}},"loc":{"start":{"line":85,"column":43},"end":{"line":102,"column":1}},"line":85},"6":{"name":"(anonymous_6)","decl":{"start":{"line":117,"column":26},"end":{"line":117,"column":27}},"loc":{"start":{"line":117,"column":53},"end":{"line":140,"column":1}},"line":117}},"branchMap":{"0":{"loc":{"start":{"line":12,"column":2},"end":{"line":14,"column":3}},"type":"if","locations":[{"start":{"line":12,"column":2},"end":{"line":14,"column":3}},{"start":{},"end":{}}],"line":12},"1":{"loc":{"start":{"line":15,"column":2},"end":{"line":17,"column":3}},"type":"if","locations":[{"start":{"line":15,"column":2},"end":{"line":17,"column":3}},{"start":{},"end":{}}],"line":15},"2":{"loc":{"start":{"line":18,"column":2},"end":{"line":20,"column":3}},"type":"if","locations":[{"start":{"line":18,"column":2},"end":{"line":20,"column":3}},{"start":{},"end":{}}],"line":18},"3":{"loc":{"start":{"line":32,"column":21},"end":{"line":32,"column":43}},"type":"binary-expr","locations":[{"start":{"line":32,"column":21},"end":{"line":32,"column":34}},{"start":{"line":32,"column":38},"end":{"line":32,"column":43}}],"line":32},"4":{"loc":{"start":{"line":52,"column":2},"end":{"line":56,"column":3}},"type":"if","locations":[{"start":{"line":52,"column":2},"end":{"line":56,"column":3}},{"start":{"line":54,"column":9},"end":{"line":56,"column":3}}],"line":52},"5":{"loc":{"start":{"line":52,"column":6},"end":{"line":52,"column":91}},"type":"binary-expr","locations":[{"start":{"line":52,"column":6},"end":{"line":52,"column":46}},{"start":{"line":52,"column":50},"end":{"line":52,"column":91}}],"line":52},"6":{"loc":{"start":{"line":77,"column":19},"end":{"line":77,"column":49}},"type":"binary-expr","locations":[{"start":{"line":77,"column":19},"end":{"line":77,"column":36}},{"start":{"line":77,"column":40},"end":{"line":77,"column":49}}],"line":77},"7":{"loc":{"start":{"line":97,"column":2},"end":{"line":101,"column":3}},"type":"if","locations":[{"start":{"line":97,"column":2},"end":{"line":101,"column":3}},{"start":{"line":99,"column":9},"end":{"line":101,"column":3}}],"line":97},"8":{"loc":{"start":{"line":97,"column":6},"end":{"line":97,"column":91}},"type":"binary-expr","locations":[{"start":{"line":97,"column":6},"end":{"line":97,"column":46}},{"start":{"line":97,"column":50},"end":{"line":97,"column":91}}],"line":97},"9":{"loc":{"start":{"line":118,"column":2},"end":{"line":129,"column":3}},"type":"if","locations":[{"start":{"line":118,"column":2},"end":{"line":129,"column":3}},{"start":{},"end":{}}],"line":118},"10":{"loc":{"start":{"line":119,"column":4},"end":{"line":124,"column":5}},"type":"if","locations":[{"start":{"line":119,"column":4},"end":{"line":124,"column":5}},{"start":{},"end":{}}],"line":119},"11":{"loc":{"start":{"line":131,"column":2},"end":{"line":137,"column":3}},"type":"if","locations":[{"start":{"line":131,"column":2},"end":{"line":137,"column":3}},{"start":{},"end":{}}],"line":131},"12":{"loc":{"start":{"line":131,"column":6},"end":{"line":132,"column":93}},"type":"binary-expr","locations":[{"start":{"line":131,"column":6},"end":{"line":131,"column":74}},{"start":{"line":132,"column":6},"end":{"line":132,"column":93}}],"line":131}},"s":{"0":21,"1":21,"2":21,"3":21,"4":21,"5":21,"6":21,"7":21,"8":0,"9":21,"10":0,"11":21,"12":0,"13":0,"14":21,"15":0,"16":0,"17":0,"18":0,"19":0,"20":21,"21":0,"22":0,"23":0,"24":0,"25":0,"26":0,"27":21,"28":21,"29":21,"30":0,"31":0,"32":0,"33":0,"34":0,"35":21,"36":0,"37":0,"38":0,"39":0,"40":0,"41":0,"42":21,"43":21,"44":21,"45":0,"46":0,"47":0,"48":0,"49":0,"50":0,"51":0,"52":21},"f":{"0":0,"1":0,"2":0,"3":0,"4":0,"5":0,"6":0},"b":{"0":[0,21],"1":[0,21],"2":[0,21],"3":[0,0],"4":[0,0],"5":[0,0],"6":[0,0],"7":[0,0],"8":[0,0],"9":[0,0],"10":[0,0],"11":[0,0],"12":[0,0]},"_coverageSchema":"1a1c01bbd47fc00a2c39e90264f33305004495a9","hash":"9093fbe0ccce7f7d64e9a45ce36311d3af8faad8"}
,"/Users/leo/testcopy/sports2-backend/src/middleware/validation.js": {"path":"/Users/leo/testcopy/sports2-backend/src/middleware/validation.js","statementMap":{"0":{"start":{"line":1,"column":29},"end":{"line":1,"column":57}},"1":{"start":{"line":72,"column":31},"end":{"line":82,"column":1}},"2":{"start":{"line":73,"column":17},"end":{"line":73,"column":38}},"3":{"start":{"line":74,"column":2},"end":{"line":80,"column":3}},"4":{"start":{"line":75,"column":4},"end":{"line":79,"column":7}},"5":{"start":{"line":81,"column":2},"end":{"line":81,"column":9}},"6":{"start":{"line":84,"column":0},"end":{"line":86,"column":2}}},"fnMap":{"0":{"name":"(anonymous_0)","decl":{"start":{"line":72,"column":31},"end":{"line":72,"column":32}},"loc":{"start":{"line":72,"column":51},"end":{"line":82,"column":1}},"line":72}},"branchMap":{"0":{"loc":{"start":{"line":74,"column":2},"end":{"line":80,"column":3}},"type":"if","locations":[{"start":{"line":74,"column":2},"end":{"line":80,"column":3}},{"start":{},"end":{}}],"line":74}},"s":{"0":0,"1":0,"2":0,"3":0,"4":0,"5":0,"6":0},"f":{"0":0},"b":{"0":[0,0]}}
,"/Users/leo/testcopy/sports2-backend/src/migrations/20240101000000-add-video-to-players.js": {"path":"/Users/leo/testcopy/sports2-backend/src/migrations/20240101000000-add-video-to-players.js","statementMap":{"0":{"start":{"line":3,"column":0},"end":{"line":36,"column":2}},"1":{"start":{"line":7,"column":4},"end":{"line":12,"column":5}},"2":{"start":{"line":8,"column":6},"end":{"line":8,"column":52}},"3":{"start":{"line":10,"column":6},"end":{"line":10,"column":128}},"4":{"start":{"line":11,"column":6},"end":{"line":11,"column":13}},"5":{"start":{"line":14,"column":18},"end":{"line":14,"column":63}},"6":{"start":{"line":15,"column":4},"end":{"line":21,"column":5}},"7":{"start":{"line":16,"column":6},"end":{"line":20,"column":9}},"8":{"start":{"line":25,"column":4},"end":{"line":34,"column":5}},"9":{"start":{"line":26,"column":6},"end":{"line":26,"column":52}},"10":{"start":{"line":27,"column":20},"end":{"line":27,"column":65}},"11":{"start":{"line":28,"column":6},"end":{"line":30,"column":7}},"12":{"start":{"line":29,"column":8},"end":{"line":29,"column":66}},"13":{"start":{"line":33,"column":6},"end":{"line":33,"column":13}}},"fnMap":{"0":{"name":"(anonymous_0)","decl":{"start":{"line":4,"column":2},"end":{"line":4,"column":3}},"loc":{"start":{"line":4,"column":38},"end":{"line":22,"column":3}},"line":4},"1":{"name":"(anonymous_1)","decl":{"start":{"line":24,"column":2},"end":{"line":24,"column":3}},"loc":{"start":{"line":24,"column":41},"end":{"line":35,"column":3}},"line":24}},"branchMap":{"0":{"loc":{"start":{"line":15,"column":4},"end":{"line":21,"column":5}},"type":"if","locations":[{"start":{"line":15,"column":4},"end":{"line":21,"column":5}},{"start":{},"end":{}}],"line":15},"1":{"loc":{"start":{"line":28,"column":6},"end":{"line":30,"column":7}},"type":"if","locations":[{"start":{"line":28,"column":6},"end":{"line":30,"column":7}},{"start":{},"end":{}}],"line":28}},"s":{"0":0,"1":0,"2":0,"3":0,"4":0,"5":0,"6":0,"7":0,"8":0,"9":0,"10":0,"11":0,"12":0,"13":0},"f":{"0":0,"1":0},"b":{"0":[0,0],"1":[0,0]}}
,"/Users/leo/testcopy/sports2-backend/src/migrations/20241201000001-create-schedules.js": {"path":"/Users/leo/testcopy/sports2-backend/src/migrations/20241201000001-create-schedules.js","statementMap":{"0":{"start":{"line":3,"column":0},"end":{"line":74,"column":2}},"1":{"start":{"line":5,"column":4},"end":{"line":62,"column":7}},"2":{"start":{"line":65,"column":4},"end":{"line":65,"column":60}},"3":{"start":{"line":66,"column":4},"end":{"line":66,"column":63}},"4":{"start":{"line":67,"column":4},"end":{"line":67,"column":57}},"5":{"start":{"line":68,"column":4},"end":{"line":68,"column":62}},"6":{"start":{"line":72,"column":4},"end":{"line":72,"column":48}}},"fnMap":{"0":{"name":"(anonymous_0)","decl":{"start":{"line":4,"column":6},"end":{"line":4,"column":7}},"loc":{"start":{"line":4,"column":43},"end":{"line":69,"column":3}},"line":4},"1":{"name":"(anonymous_1)","decl":{"start":{"line":71,"column":8},"end":{"line":71,"column":9}},"loc":{"start":{"line":71,"column":46},"end":{"line":73,"column":3}},"line":71}},"branchMap":{},"s":{"0":0,"1":0,"2":0,"3":0,"4":0,"5":0,"6":0},"f":{"0":0,"1":0},"b":{}}
,"/Users/leo/testcopy/sports2-backend/src/migrations/20241201000002-create-schedule-sections.js": {"path":"/Users/leo/testcopy/sports2-backend/src/migrations/20241201000002-create-schedule-sections.js","statementMap":{"0":{"start":{"line":3,"column":0},"end":{"line":64,"column":2}},"1":{"start":{"line":5,"column":4},"end":{"line":53,"column":7}},"2":{"start":{"line":56,"column":4},"end":{"line":56,"column":72}},"3":{"start":{"line":57,"column":4},"end":{"line":57,"column":65}},"4":{"start":{"line":58,"column":4},"end":{"line":58,"column":71}},"5":{"start":{"line":62,"column":4},"end":{"line":62,"column":56}}},"fnMap":{"0":{"name":"(anonymous_0)","decl":{"start":{"line":4,"column":6},"end":{"line":4,"column":7}},"loc":{"start":{"line":4,"column":43},"end":{"line":59,"column":3}},"line":4},"1":{"name":"(anonymous_1)","decl":{"start":{"line":61,"column":8},"end":{"line":61,"column":9}},"loc":{"start":{"line":61,"column":46},"end":{"line":63,"column":3}},"line":61}},"branchMap":{},"s":{"0":0,"1":0,"2":0,"3":0,"4":0,"5":0},"f":{"0":0,"1":0},"b":{}}
,"/Users/leo/testcopy/sports2-backend/src/migrations/20241201000003-create-schedule-activities.js": {"path":"/Users/leo/testcopy/sports2-backend/src/migrations/20241201000003-create-schedule-activities.js","statementMap":{"0":{"start":{"line":3,"column":0},"end":{"line":71,"column":2}},"1":{"start":{"line":5,"column":4},"end":{"line":60,"column":7}},"2":{"start":{"line":63,"column":4},"end":{"line":63,"column":73}},"3":{"start":{"line":64,"column":4},"end":{"line":64,"column":67}},"4":{"start":{"line":65,"column":4},"end":{"line":65,"column":73}},"5":{"start":{"line":69,"column":4},"end":{"line":69,"column":58}}},"fnMap":{"0":{"name":"(anonymous_0)","decl":{"start":{"line":4,"column":6},"end":{"line":4,"column":7}},"loc":{"start":{"line":4,"column":43},"end":{"line":66,"column":3}},"line":4},"1":{"name":"(anonymous_1)","decl":{"start":{"line":68,"column":8},"end":{"line":68,"column":9}},"loc":{"start":{"line":68,"column":46},"end":{"line":70,"column":3}},"line":68}},"branchMap":{},"s":{"0":0,"1":0,"2":0,"3":0,"4":0,"5":0},"f":{"0":0,"1":0},"b":{}}
,"/Users/leo/testcopy/sports2-backend/src/migrations/20241201000004-create-depth-charts.js": {"path":"/Users/leo/testcopy/sports2-backend/src/migrations/20241201000004-create-depth-charts.js","statementMap":{"0":{"start":{"line":3,"column":0},"end":{"line":106,"column":2}},"1":{"start":{"line":6,"column":19},"end":{"line":9,"column":5}},"2":{"start":{"line":10,"column":4},"end":{"line":12,"column":5}},"3":{"start":{"line":11,"column":6},"end":{"line":11,"column":13}},"4":{"start":{"line":13,"column":4},"end":{"line":78,"column":7}},"5":{"start":{"line":81,"column":4},"end":{"line":85,"column":5}},"6":{"start":{"line":82,"column":6},"end":{"line":82,"column":65}},"7":{"start":{"line":86,"column":4},"end":{"line":90,"column":5}},"8":{"start":{"line":87,"column":6},"end":{"line":87,"column":68}},"9":{"start":{"line":91,"column":4},"end":{"line":95,"column":5}},"10":{"start":{"line":92,"column":6},"end":{"line":92,"column":67}},"11":{"start":{"line":96,"column":4},"end":{"line":100,"column":5}},"12":{"start":{"line":97,"column":6},"end":{"line":97,"column":72}},"13":{"start":{"line":104,"column":4},"end":{"line":104,"column":51}}},"fnMap":{"0":{"name":"(anonymous_0)","decl":{"start":{"line":4,"column":6},"end":{"line":4,"column":7}},"loc":{"start":{"line":4,"column":43},"end":{"line":101,"column":3}},"line":4},"1":{"name":"(anonymous_1)","decl":{"start":{"line":103,"column":8},"end":{"line":103,"column":9}},"loc":{"start":{"line":103,"column":46},"end":{"line":105,"column":3}},"line":103}},"branchMap":{"0":{"loc":{"start":{"line":10,"column":4},"end":{"line":12,"column":5}},"type":"if","locations":[{"start":{"line":10,"column":4},"end":{"line":12,"column":5}},{"start":{},"end":{}}],"line":10},"1":{"loc":{"start":{"line":10,"column":8},"end":{"line":10,"column":37}},"type":"binary-expr","locations":[{"start":{"line":10,"column":8},"end":{"line":10,"column":17}},{"start":{"line":10,"column":21},"end":{"line":10,"column":37}}],"line":10}},"s":{"0":0,"1":0,"2":0,"3":0,"4":0,"5":0,"6":0,"7":0,"8":0,"9":0,"10":0,"11":0,"12":0,"13":0},"f":{"0":0,"1":0},"b":{"0":[0,0],"1":[0,0]}}
,"/Users/leo/testcopy/sports2-backend/src/migrations/20241201000004-create-games.js": {"path":"/Users/leo/testcopy/sports2-backend/src/migrations/20241201000004-create-games.js","statementMap":{"0":{"start":{"line":3,"column":0},"end":{"line":104,"column":2}},"1":{"start":{"line":6,"column":19},"end":{"line":9,"column":5}},"2":{"start":{"line":10,"column":4},"end":{"line":12,"column":5}},"3":{"start":{"line":11,"column":6},"end":{"line":11,"column":13}},"4":{"start":{"line":13,"column":4},"end":{"line":87,"column":7}},"5":{"start":{"line":90,"column":4},"end":{"line":94,"column":5}},"6":{"start":{"line":91,"column":6},"end":{"line":91,"column":58}},"7":{"start":{"line":95,"column":4},"end":{"line":95,"column":58}},"8":{"start":{"line":96,"column":4},"end":{"line":96,"column":55}},"9":{"start":{"line":97,"column":4},"end":{"line":97,"column":55}},"10":{"start":{"line":98,"column":4},"end":{"line":98,"column":59}},"11":{"start":{"line":102,"column":4},"end":{"line":102,"column":44}}},"fnMap":{"0":{"name":"(anonymous_0)","decl":{"start":{"line":4,"column":6},"end":{"line":4,"column":7}},"loc":{"start":{"line":4,"column":43},"end":{"line":99,"column":3}},"line":4},"1":{"name":"(anonymous_1)","decl":{"start":{"line":101,"column":8},"end":{"line":101,"column":9}},"loc":{"start":{"line":101,"column":46},"end":{"line":103,"column":3}},"line":101}},"branchMap":{"0":{"loc":{"start":{"line":10,"column":4},"end":{"line":12,"column":5}},"type":"if","locations":[{"start":{"line":10,"column":4},"end":{"line":12,"column":5}},{"start":{},"end":{}}],"line":10},"1":{"loc":{"start":{"line":10,"column":8},"end":{"line":10,"column":37}},"type":"binary-expr","locations":[{"start":{"line":10,"column":8},"end":{"line":10,"column":17}},{"start":{"line":10,"column":21},"end":{"line":10,"column":37}}],"line":10}},"s":{"0":0,"1":0,"2":0,"3":0,"4":0,"5":0,"6":0,"7":0,"8":0,"9":0,"10":0,"11":0},"f":{"0":0,"1":0},"b":{"0":[0,0],"1":[0,0]}}
,"/Users/leo/testcopy/sports2-backend/src/migrations/20241201000005-create-depth-chart-positions.js": {"path":"/Users/leo/testcopy/sports2-backend/src/migrations/20241201000005-create-depth-chart-positions.js","statementMap":{"0":{"start":{"line":3,"column":0},"end":{"line":87,"column":2}},"1":{"start":{"line":5,"column":19},"end":{"line":8,"column":5}},"2":{"start":{"line":9,"column":4},"end":{"line":11,"column":5}},"3":{"start":{"line":10,"column":6},"end":{"line":10,"column":13}},"4":{"start":{"line":12,"column":4},"end":{"line":72,"column":7}},"5":{"start":{"line":75,"column":4},"end":{"line":79,"column":5}},"6":{"start":{"line":76,"column":6},"end":{"line":76,"column":81}},"7":{"start":{"line":80,"column":4},"end":{"line":80,"column":78}},"8":{"start":{"line":81,"column":4},"end":{"line":81,"column":75}},"9":{"start":{"line":85,"column":4},"end":{"line":85,"column":60}}},"fnMap":{"0":{"name":"(anonymous_0)","decl":{"start":{"line":4,"column":6},"end":{"line":4,"column":7}},"loc":{"start":{"line":4,"column":43},"end":{"line":82,"column":3}},"line":4},"1":{"name":"(anonymous_1)","decl":{"start":{"line":84,"column":8},"end":{"line":84,"column":9}},"loc":{"start":{"line":84,"column":46},"end":{"line":86,"column":3}},"line":84}},"branchMap":{"0":{"loc":{"start":{"line":9,"column":4},"end":{"line":11,"column":5}},"type":"if","locations":[{"start":{"line":9,"column":4},"end":{"line":11,"column":5}},{"start":{},"end":{}}],"line":9},"1":{"loc":{"start":{"line":9,"column":8},"end":{"line":9,"column":37}},"type":"binary-expr","locations":[{"start":{"line":9,"column":8},"end":{"line":9,"column":17}},{"start":{"line":9,"column":21},"end":{"line":9,"column":37}}],"line":9}},"s":{"0":0,"1":0,"2":0,"3":0,"4":0,"5":0,"6":0,"7":0,"8":0,"9":0},"f":{"0":0,"1":0},"b":{"0":[0,0],"1":[0,0]}}
,"/Users/leo/testcopy/sports2-backend/src/migrations/20241201000006-create-depth-chart-players.js": {"path":"/Users/leo/testcopy/sports2-backend/src/migrations/20241201000006-create-depth-chart-players.js","statementMap":{"0":{"start":{"line":3,"column":0},"end":{"line":125,"column":2}},"1":{"start":{"line":5,"column":19},"end":{"line":8,"column":5}},"2":{"start":{"line":9,"column":4},"end":{"line":11,"column":5}},"3":{"start":{"line":10,"column":6},"end":{"line":10,"column":13}},"4":{"start":{"line":12,"column":4},"end":{"line":86,"column":7}},"5":{"start":{"line":89,"column":4},"end":{"line":93,"column":5}},"6":{"start":{"line":90,"column":6},"end":{"line":90,"column":79}},"7":{"start":{"line":94,"column":4},"end":{"line":98,"column":5}},"8":{"start":{"line":95,"column":6},"end":{"line":95,"column":76}},"9":{"start":{"line":99,"column":4},"end":{"line":103,"column":5}},"10":{"start":{"line":100,"column":6},"end":{"line":100,"column":74}},"11":{"start":{"line":104,"column":4},"end":{"line":108,"column":5}},"12":{"start":{"line":105,"column":6},"end":{"line":105,"column":76}},"13":{"start":{"line":111,"column":4},"end":{"line":119,"column":5}},"14":{"start":{"line":112,"column":6},"end":{"line":116,"column":9}},"15":{"start":{"line":123,"column":4},"end":{"line":123,"column":58}}},"fnMap":{"0":{"name":"(anonymous_0)","decl":{"start":{"line":4,"column":6},"end":{"line":4,"column":7}},"loc":{"start":{"line":4,"column":43},"end":{"line":120,"column":3}},"line":4},"1":{"name":"(anonymous_1)","decl":{"start":{"line":122,"column":8},"end":{"line":122,"column":9}},"loc":{"start":{"line":122,"column":46},"end":{"line":124,"column":3}},"line":122}},"branchMap":{"0":{"loc":{"start":{"line":9,"column":4},"end":{"line":11,"column":5}},"type":"if","locations":[{"start":{"line":9,"column":4},"end":{"line":11,"column":5}},{"start":{},"end":{}}],"line":9},"1":{"loc":{"start":{"line":9,"column":8},"end":{"line":9,"column":37}},"type":"binary-expr","locations":[{"start":{"line":9,"column":8},"end":{"line":9,"column":17}},{"start":{"line":9,"column":21},"end":{"line":9,"column":37}}],"line":9}},"s":{"0":0,"1":0,"2":0,"3":0,"4":0,"5":0,"6":0,"7":0,"8":0,"9":0,"10":0,"11":0,"12":0,"13":0,"14":0,"15":0},"f":{"0":0,"1":0},"b":{"0":[0,0],"1":[0,0]}}
,"/Users/leo/testcopy/sports2-backend/src/migrations/20241201000007-create-user-permissions.js": {"path":"/Users/leo/testcopy/sports2-backend/src/migrations/20241201000007-create-user-permissions.js","statementMap":{"0":{"start":{"line":3,"column":0},"end":{"line":120,"column":2}},"1":{"start":{"line":5,"column":19},"end":{"line":8,"column":5}},"2":{"start":{"line":9,"column":4},"end":{"line":11,"column":5}},"3":{"start":{"line":10,"column":6},"end":{"line":10,"column":13}},"4":{"start":{"line":12,"column":4},"end":{"line":97,"column":7}},"5":{"start":{"line":100,"column":4},"end":{"line":104,"column":5}},"6":{"start":{"line":101,"column":6},"end":{"line":101,"column":69}},"7":{"start":{"line":105,"column":4},"end":{"line":105,"column":67}},"8":{"start":{"line":106,"column":4},"end":{"line":106,"column":75}},"9":{"start":{"line":107,"column":4},"end":{"line":107,"column":70}},"10":{"start":{"line":110,"column":4},"end":{"line":114,"column":7}},"11":{"start":{"line":118,"column":4},"end":{"line":118,"column":55}}},"fnMap":{"0":{"name":"(anonymous_0)","decl":{"start":{"line":4,"column":6},"end":{"line":4,"column":7}},"loc":{"start":{"line":4,"column":43},"end":{"line":115,"column":3}},"line":4},"1":{"name":"(anonymous_1)","decl":{"start":{"line":117,"column":8},"end":{"line":117,"column":9}},"loc":{"start":{"line":117,"column":46},"end":{"line":119,"column":3}},"line":117}},"branchMap":{"0":{"loc":{"start":{"line":9,"column":4},"end":{"line":11,"column":5}},"type":"if","locations":[{"start":{"line":9,"column":4},"end":{"line":11,"column":5}},{"start":{},"end":{}}],"line":9},"1":{"loc":{"start":{"line":9,"column":8},"end":{"line":9,"column":37}},"type":"binary-expr","locations":[{"start":{"line":9,"column":8},"end":{"line":9,"column":17}},{"start":{"line":9,"column":21},"end":{"line":9,"column":37}}],"line":9}},"s":{"0":0,"1":0,"2":0,"3":0,"4":0,"5":0,"6":0,"7":0,"8":0,"9":0,"10":0,"11":0},"f":{"0":0,"1":0},"b":{"0":[0,0],"1":[0,0]}}
,"/Users/leo/testcopy/sports2-backend/src/migrations/20241201000009-create-schedule-templates.js": {"path":"/Users/leo/testcopy/sports2-backend/src/migrations/20241201000009-create-schedule-templates.js","statementMap":{"0":{"start":{"line":3,"column":0},"end":{"line":78,"column":2}},"1":{"start":{"line":5,"column":4},"end":{"line":60,"column":7}},"2":{"start":{"line":63,"column":4},"end":{"line":63,"column":113}},"3":{"start":{"line":64,"column":4},"end":{"line":64,"column":119}},"4":{"start":{"line":65,"column":4},"end":{"line":65,"column":119}},"5":{"start":{"line":66,"column":4},"end":{"line":66,"column":117}},"6":{"start":{"line":71,"column":4},"end":{"line":71,"column":95}},"7":{"start":{"line":72,"column":4},"end":{"line":72,"column":96}},"8":{"start":{"line":73,"column":4},"end":{"line":73,"column":96}},"9":{"start":{"line":74,"column":4},"end":{"line":74,"column":93}},"10":{"start":{"line":76,"column":4},"end":{"line":76,"column":57}}},"fnMap":{"0":{"name":"(anonymous_0)","decl":{"start":{"line":4,"column":2},"end":{"line":4,"column":3}},"loc":{"start":{"line":4,"column":38},"end":{"line":67,"column":3}},"line":4},"1":{"name":"(anonymous_1)","decl":{"start":{"line":69,"column":2},"end":{"line":69,"column":3}},"loc":{"start":{"line":69,"column":41},"end":{"line":77,"column":3}},"line":69}},"branchMap":{},"s":{"0":0,"1":0,"2":0,"3":0,"4":0,"5":0,"6":0,"7":0,"8":0,"9":0,"10":0},"f":{"0":0,"1":0},"b":{}}
,"/Users/leo/testcopy/sports2-backend/src/migrations/20241201000010-create-coaches.js": {"path":"/Users/leo/testcopy/sports2-backend/src/migrations/20241201000010-create-coaches.js","statementMap":{"0":{"start":{"line":3,"column":0},"end":{"line":102,"column":2}},"1":{"start":{"line":5,"column":4},"end":{"line":84,"column":7}},"2":{"start":{"line":87,"column":4},"end":{"line":87,"column":91}},"3":{"start":{"line":88,"column":4},"end":{"line":88,"column":99}},"4":{"start":{"line":89,"column":4},"end":{"line":89,"column":89}},"5":{"start":{"line":90,"column":4},"end":{"line":90,"column":108}},"6":{"start":{"line":95,"column":4},"end":{"line":95,"column":78}},"7":{"start":{"line":96,"column":4},"end":{"line":96,"column":70}},"8":{"start":{"line":97,"column":4},"end":{"line":97,"column":75}},"9":{"start":{"line":98,"column":4},"end":{"line":98,"column":71}},"10":{"start":{"line":100,"column":4},"end":{"line":100,"column":46}}},"fnMap":{"0":{"name":"(anonymous_0)","decl":{"start":{"line":4,"column":2},"end":{"line":4,"column":3}},"loc":{"start":{"line":4,"column":38},"end":{"line":91,"column":3}},"line":4},"1":{"name":"(anonymous_1)","decl":{"start":{"line":93,"column":2},"end":{"line":93,"column":3}},"loc":{"start":{"line":93,"column":41},"end":{"line":101,"column":3}},"line":93}},"branchMap":{},"s":{"0":0,"1":0,"2":0,"3":0,"4":0,"5":0,"6":0,"7":0,"8":0,"9":0,"10":0},"f":{"0":0,"1":0},"b":{}}
,"/Users/leo/testcopy/sports2-backend/src/migrations/20241201000011-create-scouts.js": {"path":"/Users/leo/testcopy/sports2-backend/src/migrations/20241201000011-create-scouts.js","statementMap":{"0":{"start":{"line":3,"column":0},"end":{"line":110,"column":2}},"1":{"start":{"line":5,"column":4},"end":{"line":92,"column":7}},"2":{"start":{"line":95,"column":4},"end":{"line":95,"column":89}},"3":{"start":{"line":96,"column":4},"end":{"line":96,"column":109}},"4":{"start":{"line":97,"column":4},"end":{"line":97,"column":87}},"5":{"start":{"line":98,"column":4},"end":{"line":98,"column":106}},"6":{"start":{"line":103,"column":4},"end":{"line":103,"column":76}},"7":{"start":{"line":104,"column":4},"end":{"line":104,"column":68}},"8":{"start":{"line":105,"column":4},"end":{"line":105,"column":79}},"9":{"start":{"line":106,"column":4},"end":{"line":106,"column":69}},"10":{"start":{"line":108,"column":4},"end":{"line":108,"column":45}}},"fnMap":{"0":{"name":"(anonymous_0)","decl":{"start":{"line":4,"column":2},"end":{"line":4,"column":3}},"loc":{"start":{"line":4,"column":38},"end":{"line":99,"column":3}},"line":4},"1":{"name":"(anonymous_1)","decl":{"start":{"line":101,"column":2},"end":{"line":101,"column":3}},"loc":{"start":{"line":101,"column":41},"end":{"line":109,"column":3}},"line":101}},"branchMap":{},"s":{"0":0,"1":0,"2":0,"3":0,"4":0,"5":0,"6":0,"7":0,"8":0,"9":0,"10":0},"f":{"0":0,"1":0},"b":{}}
,"/Users/leo/testcopy/sports2-backend/src/migrations/20241201000012-create-vendors.js": {"path":"/Users/leo/testcopy/sports2-backend/src/migrations/20241201000012-create-vendors.js","statementMap":{"0":{"start":{"line":3,"column":0},"end":{"line":149,"column":2}},"1":{"start":{"line":5,"column":4},"end":{"line":129,"column":7}},"2":{"start":{"line":132,"column":4},"end":{"line":132,"column":91}},"3":{"start":{"line":133,"column":4},"end":{"line":133,"column":92}},"4":{"start":{"line":134,"column":4},"end":{"line":134,"column":89}},"5":{"start":{"line":135,"column":4},"end":{"line":135,"column":101}},"6":{"start":{"line":136,"column":4},"end":{"line":136,"column":108}},"7":{"start":{"line":141,"column":4},"end":{"line":141,"column":78}},"8":{"start":{"line":142,"column":4},"end":{"line":142,"column":76}},"9":{"start":{"line":143,"column":4},"end":{"line":143,"column":70}},"10":{"start":{"line":144,"column":4},"end":{"line":144,"column":68}},"11":{"start":{"line":145,"column":4},"end":{"line":145,"column":71}},"12":{"start":{"line":147,"column":4},"end":{"line":147,"column":46}}},"fnMap":{"0":{"name":"(anonymous_0)","decl":{"start":{"line":4,"column":2},"end":{"line":4,"column":3}},"loc":{"start":{"line":4,"column":38},"end":{"line":137,"column":3}},"line":4},"1":{"name":"(anonymous_1)","decl":{"start":{"line":139,"column":2},"end":{"line":139,"column":3}},"loc":{"start":{"line":139,"column":41},"end":{"line":148,"column":3}},"line":139}},"branchMap":{},"s":{"0":0,"1":0,"2":0,"3":0,"4":0,"5":0,"6":0,"7":0,"8":0,"9":0,"10":0,"11":0,"12":0},"f":{"0":0,"1":0},"b":{}}
,"/Users/leo/testcopy/sports2-backend/src/migrations/20241201000013-create-high-school-coaches.js": {"path":"/Users/leo/testcopy/sports2-backend/src/migrations/20241201000013-create-high-school-coaches.js","statementMap":{"0":{"start":{"line":3,"column":0},"end":{"line":156,"column":2}},"1":{"start":{"line":5,"column":4},"end":{"line":134,"column":7}},"2":{"start":{"line":137,"column":4},"end":{"line":137,"column":106}},"3":{"start":{"line":138,"column":4},"end":{"line":138,"column":114}},"4":{"start":{"line":139,"column":4},"end":{"line":139,"column":104}},"5":{"start":{"line":140,"column":4},"end":{"line":140,"column":102}},"6":{"start":{"line":141,"column":4},"end":{"line":141,"column":121}},"7":{"start":{"line":142,"column":4},"end":{"line":142,"column":123}},"8":{"start":{"line":147,"column":4},"end":{"line":147,"column":93}},"9":{"start":{"line":148,"column":4},"end":{"line":148,"column":91}},"10":{"start":{"line":149,"column":4},"end":{"line":149,"column":84}},"11":{"start":{"line":150,"column":4},"end":{"line":150,"column":85}},"12":{"start":{"line":151,"column":4},"end":{"line":151,"column":90}},"13":{"start":{"line":152,"column":4},"end":{"line":152,"column":86}},"14":{"start":{"line":154,"column":4},"end":{"line":154,"column":58}}},"fnMap":{"0":{"name":"(anonymous_0)","decl":{"start":{"line":4,"column":2},"end":{"line":4,"column":3}},"loc":{"start":{"line":4,"column":38},"end":{"line":143,"column":3}},"line":4},"1":{"name":"(anonymous_1)","decl":{"start":{"line":145,"column":2},"end":{"line":145,"column":3}},"loc":{"start":{"line":145,"column":41},"end":{"line":155,"column":3}},"line":145}},"branchMap":{},"s":{"0":0,"1":0,"2":0,"3":0,"4":0,"5":0,"6":0,"7":0,"8":0,"9":0,"10":0,"11":0,"12":0,"13":0,"14":0},"f":{"0":0,"1":0},"b":{}}
,"/Users/leo/testcopy/sports2-backend/src/migrations/20241204000001-create-user-teams.js": {"path":"/Users/leo/testcopy/sports2-backend/src/migrations/20241204000001-create-user-teams.js","statementMap":{"0":{"start":{"line":3,"column":0},"end":{"line":75,"column":2}},"1":{"start":{"line":5,"column":4},"end":{"line":51,"column":7}},"2":{"start":{"line":54,"column":4},"end":{"line":57,"column":7}},"3":{"start":{"line":60,"column":4},"end":{"line":60,"column":61}},"4":{"start":{"line":61,"column":4},"end":{"line":61,"column":61}},"5":{"start":{"line":64,"column":4},"end":{"line":69,"column":7}},"6":{"start":{"line":73,"column":4},"end":{"line":73,"column":49}}},"fnMap":{"0":{"name":"(anonymous_0)","decl":{"start":{"line":4,"column":6},"end":{"line":4,"column":7}},"loc":{"start":{"line":4,"column":43},"end":{"line":70,"column":3}},"line":4},"1":{"name":"(anonymous_1)","decl":{"start":{"line":72,"column":8},"end":{"line":72,"column":9}},"loc":{"start":{"line":72,"column":46},"end":{"line":74,"column":3}},"line":72}},"branchMap":{},"s":{"0":0,"1":0,"2":0,"3":0,"4":0,"5":0,"6":0},"f":{"0":0,"1":0},"b":{}}
,"/Users/leo/testcopy/sports2-backend/src/migrations/20241219000001-add-prestosports-integration.js": {"path":"/Users/leo/testcopy/sports2-backend/src/migrations/20241219000001-add-prestosports-integration.js","statementMap":{"0":{"start":{"line":3,"column":0},"end":{"line":399,"column":2}},"1":{"start":{"line":6,"column":4},"end":{"line":10,"column":7}},"2":{"start":{"line":12,"column":4},"end":{"line":16,"column":7}},"3":{"start":{"line":18,"column":4},"end":{"line":22,"column":7}},"4":{"start":{"line":24,"column":4},"end":{"line":28,"column":7}},"5":{"start":{"line":31,"column":4},"end":{"line":36,"column":7}},"6":{"start":{"line":38,"column":4},"end":{"line":42,"column":7}},"7":{"start":{"line":44,"column":4},"end":{"line":48,"column":7}},"8":{"start":{"line":50,"column":4},"end":{"line":54,"column":7}},"9":{"start":{"line":56,"column":4},"end":{"line":60,"column":7}},"10":{"start":{"line":63,"column":4},"end":{"line":66,"column":7}},"11":{"start":{"line":68,"column":4},"end":{"line":70,"column":7}},"12":{"start":{"line":73,"column":4},"end":{"line":78,"column":7}},"13":{"start":{"line":80,"column":4},"end":{"line":84,"column":7}},"14":{"start":{"line":86,"column":4},"end":{"line":90,"column":7}},"15":{"start":{"line":92,"column":4},"end":{"line":96,"column":7}},"16":{"start":{"line":98,"column":4},"end":{"line":102,"column":7}},"17":{"start":{"line":105,"column":4},"end":{"line":108,"column":7}},"18":{"start":{"line":110,"column":4},"end":{"line":112,"column":7}},"19":{"start":{"line":115,"column":4},"end":{"line":342,"column":7}},"20":{"start":{"line":345,"column":4},"end":{"line":347,"column":7}},"21":{"start":{"line":349,"column":4},"end":{"line":351,"column":7}},"22":{"start":{"line":353,"column":4},"end":{"line":355,"column":7}},"23":{"start":{"line":357,"column":4},"end":{"line":360,"column":7}},"24":{"start":{"line":362,"column":4},"end":{"line":364,"column":7}},"25":{"start":{"line":366,"column":4},"end":{"line":368,"column":7}},"26":{"start":{"line":373,"column":4},"end":{"line":373,"column":54}},"27":{"start":{"line":376,"column":4},"end":{"line":376,"column":78}},"28":{"start":{"line":377,"column":4},"end":{"line":377,"column":77}},"29":{"start":{"line":378,"column":4},"end":{"line":378,"column":63}},"30":{"start":{"line":379,"column":4},"end":{"line":379,"column":66}},"31":{"start":{"line":380,"column":4},"end":{"line":380,"column":67}},"32":{"start":{"line":381,"column":4},"end":{"line":381,"column":66}},"33":{"start":{"line":382,"column":4},"end":{"line":382,"column":64}},"34":{"start":{"line":385,"column":4},"end":{"line":385,"column":74}},"35":{"start":{"line":386,"column":4},"end":{"line":386,"column":73}},"36":{"start":{"line":387,"column":4},"end":{"line":387,"column":62}},"37":{"start":{"line":388,"column":4},"end":{"line":388,"column":60}},"38":{"start":{"line":389,"column":4},"end":{"line":389,"column":65}},"39":{"start":{"line":390,"column":4},"end":{"line":390,"column":64}},"40":{"start":{"line":391,"column":4},"end":{"line":391,"column":62}},"41":{"start":{"line":394,"column":4},"end":{"line":394,"column":70}},"42":{"start":{"line":395,"column":4},"end":{"line":395,"column":67}},"43":{"start":{"line":396,"column":4},"end":{"line":396,"column":65}},"44":{"start":{"line":397,"column":4},"end":{"line":397,"column":69}}},"fnMap":{"0":{"name":"(anonymous_0)","decl":{"start":{"line":4,"column":6},"end":{"line":4,"column":7}},"loc":{"start":{"line":4,"column":43},"end":{"line":369,"column":3}},"line":4},"1":{"name":"(anonymous_1)","decl":{"start":{"line":371,"column":8},"end":{"line":371,"column":9}},"loc":{"start":{"line":371,"column":45},"end":{"line":398,"column":3}},"line":371}},"branchMap":{},"s":{"0":0,"1":0,"2":0,"3":0,"4":0,"5":0,"6":0,"7":0,"8":0,"9":0,"10":0,"11":0,"12":0,"13":0,"14":0,"15":0,"16":0,"17":0,"18":0,"19":0,"20":0,"21":0,"22":0,"23":0,"24":0,"25":0,"26":0,"27":0,"28":0,"29":0,"30":0,"31":0,"32":0,"33":0,"34":0,"35":0,"36":0,"37":0,"38":0,"39":0,"40":0,"41":0,"42":0,"43":0,"44":0},"f":{"0":0,"1":0},"b":{}}
,"/Users/leo/testcopy/sports2-backend/src/migrations/20250105000001-create-token-blacklist.js": {"path":"/Users/leo/testcopy/sports2-backend/src/migrations/20250105000001-create-token-blacklist.js","statementMap":{"0":{"start":{"line":3,"column":0},"end":{"line":81,"column":2}},"1":{"start":{"line":5,"column":19},"end":{"line":8,"column":5}},"2":{"start":{"line":9,"column":4},"end":{"line":11,"column":5}},"3":{"start":{"line":10,"column":6},"end":{"line":10,"column":13}},"4":{"start":{"line":12,"column":4},"end":{"line":66,"column":7}},"5":{"start":{"line":69,"column":4},"end":{"line":72,"column":7}},"6":{"start":{"line":73,"column":4},"end":{"line":73,"column":66}},"7":{"start":{"line":74,"column":4},"end":{"line":74,"column":69}},"8":{"start":{"line":75,"column":4},"end":{"line":75,"column":65}},"9":{"start":{"line":79,"column":4},"end":{"line":79,"column":54}}},"fnMap":{"0":{"name":"(anonymous_0)","decl":{"start":{"line":4,"column":6},"end":{"line":4,"column":7}},"loc":{"start":{"line":4,"column":43},"end":{"line":76,"column":3}},"line":4},"1":{"name":"(anonymous_1)","decl":{"start":{"line":78,"column":8},"end":{"line":78,"column":9}},"loc":{"start":{"line":78,"column":45},"end":{"line":80,"column":3}},"line":78}},"branchMap":{"0":{"loc":{"start":{"line":9,"column":4},"end":{"line":11,"column":5}},"type":"if","locations":[{"start":{"line":9,"column":4},"end":{"line":11,"column":5}},{"start":{},"end":{}}],"line":9},"1":{"loc":{"start":{"line":9,"column":8},"end":{"line":9,"column":37}},"type":"binary-expr","locations":[{"start":{"line":9,"column":8},"end":{"line":9,"column":17}},{"start":{"line":9,"column":21},"end":{"line":9,"column":37}}],"line":9}},"s":{"0":0,"1":0,"2":0,"3":0,"4":0,"5":0,"6":0,"7":0,"8":0,"9":0},"f":{"0":0,"1":0},"b":{"0":[0,0],"1":[0,0]}}
,"/Users/leo/testcopy/sports2-backend/src/migrations/20260105154701-add-account-lockout-fields.js": {"path":"/Users/leo/testcopy/sports2-backend/src/migrations/20260105154701-add-account-lockout-fields.js","statementMap":{"0":{"start":{"line":3,"column":0},"end":{"line":83,"column":2}},"1":{"start":{"line":6,"column":4},"end":{"line":11,"column":5}},"2":{"start":{"line":7,"column":6},"end":{"line":7,"column":50}},"3":{"start":{"line":9,"column":6},"end":{"line":9,"column":104}},"4":{"start":{"line":10,"column":6},"end":{"line":10,"column":13}},"5":{"start":{"line":13,"column":23},"end":{"line":13,"column":66}},"6":{"start":{"line":16,"column":4},"end":{"line":23,"column":5}},"7":{"start":{"line":17,"column":6},"end":{"line":22,"column":9}},"8":{"start":{"line":26,"column":4},"end":{"line":32,"column":5}},"9":{"start":{"line":27,"column":6},"end":{"line":31,"column":9}},"10":{"start":{"line":35,"column":4},"end":{"line":41,"column":5}},"11":{"start":{"line":36,"column":6},"end":{"line":40,"column":9}},"12":{"start":{"line":44,"column":4},"end":{"line":50,"column":5}},"13":{"start":{"line":45,"column":6},"end":{"line":47,"column":9}},"14":{"start":{"line":54,"column":4},"end":{"line":59,"column":5}},"15":{"start":{"line":55,"column":6},"end":{"line":55,"column":50}},"16":{"start":{"line":58,"column":6},"end":{"line":58,"column":13}},"17":{"start":{"line":61,"column":23},"end":{"line":61,"column":66}},"18":{"start":{"line":64,"column":4},"end":{"line":68,"column":5}},"19":{"start":{"line":65,"column":6},"end":{"line":65,"column":74}},"20":{"start":{"line":71,"column":4},"end":{"line":73,"column":5}},"21":{"start":{"line":72,"column":6},"end":{"line":72,"column":70}},"22":{"start":{"line":75,"column":4},"end":{"line":77,"column":5}},"23":{"start":{"line":76,"column":6},"end":{"line":76,"column":65}},"24":{"start":{"line":79,"column":4},"end":{"line":81,"column":5}},"25":{"start":{"line":80,"column":6},"end":{"line":80,"column":74}}},"fnMap":{"0":{"name":"(anonymous_0)","decl":{"start":{"line":4,"column":6},"end":{"line":4,"column":7}},"loc":{"start":{"line":4,"column":43},"end":{"line":51,"column":3}},"line":4},"1":{"name":"(anonymous_1)","decl":{"start":{"line":53,"column":8},"end":{"line":53,"column":9}},"loc":{"start":{"line":53,"column":46},"end":{"line":82,"column":3}},"line":53}},"branchMap":{"0":{"loc":{"start":{"line":16,"column":4},"end":{"line":23,"column":5}},"type":"if","locations":[{"start":{"line":16,"column":4},"end":{"line":23,"column":5}},{"start":{},"end":{}}],"line":16},"1":{"loc":{"start":{"line":26,"column":4},"end":{"line":32,"column":5}},"type":"if","locations":[{"start":{"line":26,"column":4},"end":{"line":32,"column":5}},{"start":{},"end":{}}],"line":26},"2":{"loc":{"start":{"line":35,"column":4},"end":{"line":41,"column":5}},"type":"if","locations":[{"start":{"line":35,"column":4},"end":{"line":41,"column":5}},{"start":{},"end":{}}],"line":35},"3":{"loc":{"start":{"line":71,"column":4},"end":{"line":73,"column":5}},"type":"if","locations":[{"start":{"line":71,"column":4},"end":{"line":73,"column":5}},{"start":{},"end":{}}],"line":71},"4":{"loc":{"start":{"line":75,"column":4},"end":{"line":77,"column":5}},"type":"if","locations":[{"start":{"line":75,"column":4},"end":{"line":77,"column":5}},{"start":{},"end":{}}],"line":75},"5":{"loc":{"start":{"line":79,"column":4},"end":{"line":81,"column":5}},"type":"if","locations":[{"start":{"line":79,"column":4},"end":{"line":81,"column":5}},{"start":{},"end":{}}],"line":79}},"s":{"0":0,"1":0,"2":0,"3":0,"4":0,"5":0,"6":0,"7":0,"8":0,"9":0,"10":0,"11":0,"12":0,"13":0,"14":0,"15":0,"16":0,"17":0,"18":0,"19":0,"20":0,"21":0,"22":0,"23":0,"24":0,"25":0},"f":{"0":0,"1":0},"b":{"0":[0,0],"1":[0,0],"2":[0,0],"3":[0,0],"4":[0,0],"5":[0,0]}}
,"/Users/leo/testcopy/sports2-backend/src/migrations/add_oauth_fields.js": {"path":"/Users/leo/testcopy/sports2-backend/src/migrations/add_oauth_fields.js","statementMap":{"0":{"start":{"line":3,"column":0},"end":{"line":73,"column":2}},"1":{"start":{"line":6,"column":23},"end":{"line":6,"column":66}},"2":{"start":{"line":7,"column":4},"end":{"line":13,"column":5}},"3":{"start":{"line":8,"column":6},"end":{"line":12,"column":9}},"4":{"start":{"line":15,"column":4},"end":{"line":21,"column":5}},"5":{"start":{"line":16,"column":6},"end":{"line":20,"column":9}},"6":{"start":{"line":23,"column":4},"end":{"line":28,"column":5}},"7":{"start":{"line":24,"column":6},"end":{"line":27,"column":9}},"8":{"start":{"line":31,"column":4},"end":{"line":41,"column":5}},"9":{"start":{"line":32,"column":6},"end":{"line":38,"column":9}},"10":{"start":{"line":44,"column":4},"end":{"line":55,"column":5}},"11":{"start":{"line":45,"column":6},"end":{"line":52,"column":9}},"12":{"start":{"line":59,"column":4},"end":{"line":59,"column":78}},"13":{"start":{"line":60,"column":4},"end":{"line":60,"column":61}},"14":{"start":{"line":61,"column":4},"end":{"line":61,"column":59}},"15":{"start":{"line":62,"column":4},"end":{"line":62,"column":65}},"16":{"start":{"line":65,"column":4},"end":{"line":71,"column":7}}},"fnMap":{"0":{"name":"(anonymous_0)","decl":{"start":{"line":4,"column":6},"end":{"line":4,"column":7}},"loc":{"start":{"line":4,"column":43},"end":{"line":56,"column":3}},"line":4},"1":{"name":"(anonymous_1)","decl":{"start":{"line":58,"column":8},"end":{"line":58,"column":9}},"loc":{"start":{"line":58,"column":45},"end":{"line":72,"column":3}},"line":58}},"branchMap":{"0":{"loc":{"start":{"line":7,"column":4},"end":{"line":13,"column":5}},"type":"if","locations":[{"start":{"line":7,"column":4},"end":{"line":13,"column":5}},{"start":{},"end":{}}],"line":7},"1":{"loc":{"start":{"line":15,"column":4},"end":{"line":21,"column":5}},"type":"if","locations":[{"start":{"line":15,"column":4},"end":{"line":21,"column":5}},{"start":{},"end":{}}],"line":15},"2":{"loc":{"start":{"line":23,"column":4},"end":{"line":28,"column":5}},"type":"if","locations":[{"start":{"line":23,"column":4},"end":{"line":28,"column":5}},{"start":{},"end":{}}],"line":23}},"s":{"0":0,"1":0,"2":0,"3":0,"4":0,"5":0,"6":0,"7":0,"8":0,"9":0,"10":0,"11":0,"12":0,"13":0,"14":0,"15":0,"16":0},"f":{"0":0,"1":0},"b":{"0":[0,0],"1":[0,0],"2":[0,0]}}
,"/Users/leo/testcopy/sports2-backend/src/routes/auth.js": {"path":"/Users/leo/testcopy/sports2-backend/src/routes/auth.js","statementMap":{"0":{"start":{"line":22,"column":16},"end":{"line":22,"column":34}},"1":{"start":{"line":23,"column":21},"end":{"line":23,"column":56}},"2":{"start":{"line":24,"column":35},"end":{"line":24,"column":63}},"3":{"start":{"line":25,"column":52},"end":{"line":25,"column":89}},"4":{"start":{"line":26,"column":12},"end":{"line":26,"column":35}},"5":{"start":{"line":27,"column":17},"end":{"line":27,"column":36}},"6":{"start":{"line":28,"column":23},"end":{"line":28,"column":43}},"7":{"start":{"line":29,"column":20},"end":{"line":29,"column":49}},"8":{"start":{"line":30,"column":23},"end":{"line":30,"column":58}},"9":{"start":{"line":31,"column":45},"end":{"line":31,"column":74}},"10":{"start":{"line":33,"column":15},"end":{"line":33,"column":31}},"11":{"start":{"line":48,"column":22},"end":{"line":54,"column":1}},"12":{"start":{"line":51,"column":2},"end":{"line":53,"column":5}},"13":{"start":{"line":92,"column":0},"end":{"line":196,"column":3}},"14":{"start":{"line":104,"column":2},"end":{"line":195,"column":3}},"15":{"start":{"line":106,"column":19},"end":{"line":106,"column":40}},"16":{"start":{"line":107,"column":4},"end":{"line":113,"column":5}},"17":{"start":{"line":108,"column":6},"end":{"line":112,"column":9}},"18":{"start":{"line":115,"column":68},"end":{"line":115,"column":76}},"19":{"start":{"line":118,"column":25},"end":{"line":118,"column":65}},"20":{"start":{"line":119,"column":4},"end":{"line":124,"column":5}},"21":{"start":{"line":120,"column":6},"end":{"line":123,"column":9}},"22":{"start":{"line":130,"column":4},"end":{"line":136,"column":5}},"23":{"start":{"line":132,"column":6},"end":{"line":132,"column":62}},"24":{"start":{"line":135,"column":6},"end":{"line":135,"column":60}},"25":{"start":{"line":139,"column":4},"end":{"line":144,"column":5}},"26":{"start":{"line":140,"column":6},"end":{"line":143,"column":9}},"27":{"start":{"line":148,"column":17},"end":{"line":156,"column":6}},"28":{"start":{"line":159,"column":18},"end":{"line":159,"column":40}},"29":{"start":{"line":162,"column":4},"end":{"line":174,"column":7}},"30":{"start":{"line":178,"column":4},"end":{"line":187,"column":5}},"31":{"start":{"line":179,"column":6},"end":{"line":183,"column":8}},"32":{"start":{"line":186,"column":6},"end":{"line":186,"column":65}},"33":{"start":{"line":190,"column":4},"end":{"line":190,"column":48}},"34":{"start":{"line":191,"column":4},"end":{"line":194,"column":7}},"35":{"start":{"line":232,"column":0},"end":{"line":325,"column":3}},"36":{"start":{"line":238,"column":2},"end":{"line":324,"column":3}},"37":{"start":{"line":240,"column":19},"end":{"line":240,"column":40}},"38":{"start":{"line":241,"column":4},"end":{"line":247,"column":5}},"39":{"start":{"line":242,"column":6},"end":{"line":246,"column":9}},"40":{"start":{"line":249,"column":32},"end":{"line":249,"column":40}},"41":{"start":{"line":252,"column":17},"end":{"line":258,"column":6}},"42":{"start":{"line":261,"column":4},"end":{"line":266,"column":5}},"43":{"start":{"line":262,"column":6},"end":{"line":265,"column":9}},"44":{"start":{"line":269,"column":4},"end":{"line":274,"column":5}},"45":{"start":{"line":270,"column":6},"end":{"line":273,"column":9}},"46":{"start":{"line":277,"column":20},"end":{"line":277,"column":54}},"47":{"start":{"line":278,"column":4},"end":{"line":284,"column":5}},"48":{"start":{"line":280,"column":6},"end":{"line":283,"column":9}},"49":{"start":{"line":287,"column":4},"end":{"line":287,"column":50}},"50":{"start":{"line":290,"column":18},"end":{"line":290,"column":40}},"51":{"start":{"line":293,"column":25},"end":{"line":293,"column":62}},"52":{"start":{"line":294,"column":4},"end":{"line":300,"column":7}},"53":{"start":{"line":303,"column":4},"end":{"line":316,"column":7}},"54":{"start":{"line":319,"column":4},"end":{"line":319,"column":41}},"55":{"start":{"line":320,"column":4},"end":{"line":323,"column":7}},"56":{"start":{"line":351,"column":0},"end":{"line":391,"column":3}},"57":{"start":{"line":352,"column":2},"end":{"line":390,"column":3}},"58":{"start":{"line":354,"column":17},"end":{"line":377,"column":6}},"59":{"start":{"line":379,"column":4},"end":{"line":382,"column":7}},"60":{"start":{"line":385,"column":4},"end":{"line":385,"column":47}},"61":{"start":{"line":386,"column":4},"end":{"line":389,"column":7}},"62":{"start":{"line":421,"column":0},"end":{"line":470,"column":3}},"63":{"start":{"line":427,"column":2},"end":{"line":469,"column":3}},"64":{"start":{"line":429,"column":19},"end":{"line":429,"column":40}},"65":{"start":{"line":430,"column":4},"end":{"line":436,"column":5}},"66":{"start":{"line":431,"column":6},"end":{"line":435,"column":9}},"67":{"start":{"line":438,"column":45},"end":{"line":438,"column":53}},"68":{"start":{"line":442,"column":17},"end":{"line":442,"column":49}},"69":{"start":{"line":443,"column":4},"end":{"line":447,"column":7}},"70":{"start":{"line":450,"column":4},"end":{"line":461,"column":7}},"71":{"start":{"line":464,"column":4},"end":{"line":464,"column":50}},"72":{"start":{"line":465,"column":4},"end":{"line":468,"column":7}},"73":{"start":{"line":497,"column":0},"end":{"line":543,"column":3}},"74":{"start":{"line":502,"column":2},"end":{"line":542,"column":3}},"75":{"start":{"line":504,"column":19},"end":{"line":504,"column":40}},"76":{"start":{"line":505,"column":4},"end":{"line":511,"column":5}},"77":{"start":{"line":506,"column":6},"end":{"line":510,"column":9}},"78":{"start":{"line":513,"column":47},"end":{"line":513,"column":55}},"79":{"start":{"line":516,"column":17},"end":{"line":516,"column":49}},"80":{"start":{"line":519,"column":20},"end":{"line":519,"column":62}},"81":{"start":{"line":520,"column":4},"end":{"line":525,"column":5}},"82":{"start":{"line":521,"column":6},"end":{"line":524,"column":9}},"83":{"start":{"line":528,"column":4},"end":{"line":528,"column":33}},"84":{"start":{"line":529,"column":4},"end":{"line":529,"column":22}},"85":{"start":{"line":531,"column":4},"end":{"line":534,"column":7}},"86":{"start":{"line":537,"column":4},"end":{"line":537,"column":51}},"87":{"start":{"line":538,"column":4},"end":{"line":541,"column":7}},"88":{"start":{"line":570,"column":0},"end":{"line":580,"column":3}},"89":{"start":{"line":572,"column":2},"end":{"line":577,"column":3}},"90":{"start":{"line":573,"column":4},"end":{"line":576,"column":7}},"91":{"start":{"line":579,"column":2},"end":{"line":579,"column":77}},"92":{"start":{"line":601,"column":0},"end":{"line":628,"column":3}},"93":{"start":{"line":603,"column":2},"end":{"line":608,"column":3}},"94":{"start":{"line":604,"column":4},"end":{"line":607,"column":7}},"95":{"start":{"line":610,"column":2},"end":{"line":610,"column":70}},"96":{"start":{"line":612,"column":2},"end":{"line":627,"column":3}},"97":{"start":{"line":614,"column":18},"end":{"line":614,"column":44}},"98":{"start":{"line":618,"column":19},"end":{"line":618,"column":92}},"99":{"start":{"line":619,"column":24},"end":{"line":619,"column":81}},"100":{"start":{"line":620,"column":4},"end":{"line":620,"column":30}},"101":{"start":{"line":623,"column":4},"end":{"line":623,"column":57}},"102":{"start":{"line":624,"column":23},"end":{"line":624,"column":68}},"103":{"start":{"line":625,"column":21},"end":{"line":625,"column":61}},"104":{"start":{"line":626,"column":4},"end":{"line":626,"column":27}},"105":{"start":{"line":647,"column":0},"end":{"line":657,"column":3}},"106":{"start":{"line":649,"column":2},"end":{"line":654,"column":3}},"107":{"start":{"line":650,"column":4},"end":{"line":653,"column":7}},"108":{"start":{"line":656,"column":2},"end":{"line":656,"column":73}},"109":{"start":{"line":679,"column":0},"end":{"line":705,"column":3}},"110":{"start":{"line":681,"column":2},"end":{"line":686,"column":3}},"111":{"start":{"line":682,"column":4},"end":{"line":685,"column":7}},"112":{"start":{"line":688,"column":2},"end":{"line":688,"column":69}},"113":{"start":{"line":690,"column":2},"end":{"line":704,"column":3}},"114":{"start":{"line":692,"column":18},"end":{"line":692,"column":44}},"115":{"start":{"line":695,"column":19},"end":{"line":695,"column":92}},"116":{"start":{"line":696,"column":24},"end":{"line":696,"column":80}},"117":{"start":{"line":697,"column":4},"end":{"line":697,"column":30}},"118":{"start":{"line":700,"column":4},"end":{"line":700,"column":56}},"119":{"start":{"line":701,"column":23},"end":{"line":701,"column":68}},"120":{"start":{"line":702,"column":21},"end":{"line":702,"column":61}},"121":{"start":{"line":703,"column":4},"end":{"line":703,"column":27}},"122":{"start":{"line":735,"column":0},"end":{"line":766,"column":3}},"123":{"start":{"line":736,"column":2},"end":{"line":765,"column":3}},"124":{"start":{"line":737,"column":39},"end":{"line":737,"column":47}},"125":{"start":{"line":740,"column":4},"end":{"line":745,"column":5}},"126":{"start":{"line":741,"column":6},"end":{"line":744,"column":9}},"127":{"start":{"line":754,"column":4},"end":{"line":757,"column":7}},"128":{"start":{"line":760,"column":4},"end":{"line":760,"column":47}},"129":{"start":{"line":761,"column":4},"end":{"line":764,"column":7}},"130":{"start":{"line":802,"column":0},"end":{"line":834,"column":3}},"131":{"start":{"line":803,"column":2},"end":{"line":833,"column":3}},"132":{"start":{"line":805,"column":24},"end":{"line":817,"column":6}},"133":{"start":{"line":820,"column":28},"end":{"line":820,"column":67}},"134":{"start":{"line":820,"column":49},"end":{"line":820,"column":66}},"135":{"start":{"line":822,"column":4},"end":{"line":825,"column":7}},"136":{"start":{"line":828,"column":4},"end":{"line":828,"column":61}},"137":{"start":{"line":829,"column":4},"end":{"line":832,"column":7}},"138":{"start":{"line":847,"column":0},"end":{"line":861,"column":3}},"139":{"start":{"line":848,"column":2},"end":{"line":860,"column":3}},"140":{"start":{"line":849,"column":18},"end":{"line":849,"column":45}},"141":{"start":{"line":850,"column":4},"end":{"line":853,"column":7}},"142":{"start":{"line":855,"column":4},"end":{"line":855,"column":57}},"143":{"start":{"line":856,"column":4},"end":{"line":859,"column":7}},"144":{"start":{"line":874,"column":0},"end":{"line":897,"column":3}},"145":{"start":{"line":875,"column":2},"end":{"line":896,"column":3}},"146":{"start":{"line":877,"column":25},"end":{"line":877,"column":62}},"147":{"start":{"line":878,"column":4},"end":{"line":884,"column":7}},"148":{"start":{"line":886,"column":4},"end":{"line":889,"column":7}},"149":{"start":{"line":891,"column":4},"end":{"line":891,"co
[...]
h":"/Users/leo/testcopy/sports2-backend/src/utils/passwordValidator.js","statementMap":{"0":{"start":{"line":14,"column":28},"end":{"line":14,"column":29}},"1":{"start":{"line":15,"column":24},"end":{"line":15,"column":31}},"2":{"start":{"line":16,"column":24},"end":{"line":16,"column":31}},"3":{"start":{"line":17,"column":20},"end":{"line":17,"column":27}},"4":{"start":{"line":18,"column":27},"end":{"line":18,"column":66}},"5":{"start":{"line":25,"column":21},"end":{"line":27,"column":1}},"6":{"start":{"line":26,"column":2},"end":{"line":26,"column":60}},"7":{"start":{"line":34,"column":21},"end":{"line":36,"column":1}},"8":{"start":{"line":35,"column":2},"end":{"line":35,"column":52}},"9":{"start":{"line":43,"column":21},"end":{"line":45,"column":1}},"10":{"start":{"line":44,"column":2},"end":{"line":44,"column":52}},"11":{"start":{"line":52,"column":17},"end":{"line":54,"column":1}},"12":{"start":{"line":53,"column":2},"end":{"line":53,"column":48}},"13":{"start":{"line":61,"column":23},"end":{"line":63,"column":1}},"14":{"start":{"line":62,"column":2},"end":{"line":62,"column":55}},"15":{"start":{"line":70,"column":32},"end":{"line":93,"column":1}},"16":{"start":{"line":71,"column":2},"end":{"line":92,"column":4}},"17":{"start":{"line":100,"column":25},"end":{"line":114,"column":1}},"18":{"start":{"line":101,"column":23},"end":{"line":101,"column":56}},"19":{"start":{"line":102,"column":17},"end":{"line":102,"column":19}},"20":{"start":{"line":104,"column":2},"end":{"line":108,"column":3}},"21":{"start":{"line":105,"column":4},"end":{"line":107,"column":5}},"22":{"start":{"line":106,"column":6},"end":{"line":106,"column":39}},"23":{"start":{"line":110,"column":2},"end":{"line":113,"column":4}},"24":{"start":{"line":121,"column":24},"end":{"line":123,"column":1}},"25":{"start":{"line":122,"column":2},"end":{"line":122,"column":44}},"26":{"start":{"line":132,"column":30},"end":{"line":140,"column":1}},"27":{"start":{"line":133,"column":30},"end":{"line":133,"column":56}},"28":{"start":{"line":135,"column":2},"end":{"line":137,"column":3}},"29":{"start":{"line":136,"column":4},"end":{"line":136,"column":39}},"30":{"start":{"line":139,"column":2},"end":{"line":139,"column":14}},"31":{"start":{"line":147,"column":0},"end":{"line":151,"column":1}},"32":{"start":{"line":148,"column":2},"end":{"line":148,"column":43}},"33":{"start":{"line":150,"column":2},"end":{"line":150,"column":14}},"34":{"start":{"line":168,"column":32},"end":{"line":179,"column":1}},"35":{"start":{"line":169,"column":2},"end":{"line":171,"column":3}},"36":{"start":{"line":170,"column":4},"end":{"line":170,"column":81}},"37":{"start":{"line":173,"column":2},"end":{"line":178,"column":35}},"38":{"start":{"line":193,"column":26},"end":{"line":193,"column":75}},"39":{"start":{"line":207,"column":29},"end":{"line":207,"column":82}},"40":{"start":{"line":221,"column":34},"end":{"line":221,"column":86}},"41":{"start":{"line":223,"column":0},"end":{"line":249,"column":2}}},"fnMap":{"0":{"name":"(anonymous_0)","decl":{"start":{"line":25,"column":21},"end":{"line":25,"column":22}},"loc":{"start":{"line":25,"column":35},"end":{"line":27,"column":1}},"line":25},"1":{"name":"(anonymous_1)","decl":{"start":{"line":34,"column":21},"end":{"line":34,"column":22}},"loc":{"start":{"line":34,"column":35},"end":{"line":36,"column":1}},"line":34},"2":{"name":"(anonymous_2)","decl":{"start":{"line":43,"column":21},"end":{"line":43,"column":22}},"loc":{"start":{"line":43,"column":35},"end":{"line":45,"column":1}},"line":43},"3":{"name":"(anonymous_3)","decl":{"start":{"line":52,"column":17},"end":{"line":52,"column":18}},"loc":{"start":{"line":52,"column":31},"end":{"line":54,"column":1}},"line":52},"4":{"name":"(anonymous_4)","decl":{"start":{"line":61,"column":23},"end":{"line":61,"column":24}},"loc":{"start":{"line":61,"column":37},"end":{"line":63,"column":1}},"line":61},"5":{"name":"(anonymous_5)","decl":{"start":{"line":70,"column":32},"end":{"line":70,"column":33}},"loc":{"start":{"line":70,"column":46},"end":{"line":93,"column":1}},"line":70},"6":{"name":"(anonymous_6)","decl":{"start":{"line":100,"column":25},"end":{"line":100,"column":26}},"loc":{"start":{"line":100,"column":39},"end":{"line":114,"column":1}},"line":100},"7":{"name":"(anonymous_7)","decl":{"start":{"line":121,"column":24},"end":{"line":121,"column":25}},"loc":{"start":{"line":121,"column":38},"end":{"line":123,"column":1}},"line":121},"8":{"name":"(anonymous_8)","decl":{"start":{"line":132,"column":30},"end":{"line":132,"column":31}},"loc":{"start":{"line":132,"column":44},"end":{"line":140,"column":1}},"line":132},"9":{"name":"(anonymous_9)","decl":{"start":{"line":168,"column":32},"end":{"line":168,"column":33}},"loc":{"start":{"line":168,"column":60},"end":{"line":179,"column":1}},"line":168}},"branchMap":{"0":{"loc":{"start":{"line":26,"column":9},"end":{"line":26,"column":59}},"type":"binary-expr","locations":[{"start":{"line":26,"column":9},"end":{"line":26,"column":17}},{"start":{"line":26,"column":21},"end":{"line":26,"column":59}}],"line":26},"1":{"loc":{"start":{"line":35,"column":9},"end":{"line":35,"column":51}},"type":"binary-expr","locations":[{"start":{"line":35,"column":9},"end":{"line":35,"column":17}},{"start":{"line":35,"column":21},"end":{"line":35,"column":51}}],"line":35},"2":{"loc":{"start":{"line":44,"column":9},"end":{"line":44,"column":51}},"type":"binary-expr","locations":[{"start":{"line":44,"column":9},"end":{"line":44,"column":17}},{"start":{"line":44,"column":21},"end":{"line":44,"column":51}}],"line":44},"3":{"loc":{"start":{"line":53,"column":9},"end":{"line":53,"column":47}},"type":"binary-expr","locations":[{"start":{"line":53,"column":9},"end":{"line":53,"column":17}},{"start":{"line":53,"column":21},"end":{"line":53,"column":47}}],"line":53},"4":{"loc":{"start":{"line":62,"column":9},"end":{"line":62,"column":54}},"type":"binary-expr","locations":[{"start":{"line":62,"column":9},"end":{"line":62,"column":17}},{"start":{"line":62,"column":21},"end":{"line":62,"column":54}}],"line":62},"5":{"loc":{"start":{"line":105,"column":4},"end":{"line":107,"column":5}},"type":"if","locations":[{"start":{"line":105,"column":4},"end":{"line":107,"column":5}},{"start":{},"end":{}}],"line":105},"6":{"loc":{"start":{"line":135,"column":2},"end":{"line":137,"column":3}},"type":"if","locations":[{"start":{"line":135,"column":2},"end":{"line":137,"column":3}},{"start":{},"end":{}}],"line":135},"7":{"loc":{"start":{"line":168,"column":33},"end":{"line":168,"column":55}},"type":"default-arg","locations":[{"start":{"line":168,"column":45},"end":{"line":168,"column":55}}],"line":168},"8":{"loc":{"start":{"line":169,"column":2},"end":{"line":171,"column":3}},"type":"if","locations":[{"start":{"line":169,"column":2},"end":{"line":171,"column":3}},{"start":{},"end":{}}],"line":169},"9":{"loc":{"start":{"line":193,"column":26},"end":{"line":193,"column":75}},"type":"cond-expr","locations":[{"start":{"line":193,"column":33},"end":{"line":193,"column":68}},{"start":{"line":193,"column":71},"end":{"line":193,"column":75}}],"line":193},"10":{"loc":{"start":{"line":207,"column":29},"end":{"line":207,"column":82}},"type":"cond-expr","locations":[{"start":{"line":207,"column":36},"end":{"line":207,"column":75}},{"start":{"line":207,"column":78},"end":{"line":207,"column":82}}],"line":207},"11":{"loc":{"start":{"line":221,"column":34},"end":{"line":221,"column":86}},"type":"cond-expr","locations":[{"start":{"line":221,"column":41},"end":{"line":221,"column":79}},{"start":{"line":221,"column":82},"end":{"line":221,"column":86}}],"line":221}},"s":{"0":22,"1":22,"2":22,"3":22,"4":22,"5":22,"6":70,"7":22,"8":72,"9":22,"10":72,"11":22,"12":72,"13":22,"14":103,"15":22,"16":62,"17":22,"18":55,"19":55,"20":55,"21":275,"22":129,"23":55,"24":22,"25":7,"26":22,"27":12,"28":12,"29":10,"30":2,"31":22,"32":22,"33":0,"34":22,"35":66,"36":0,"37":66,"38":22,"39":22,"40":22,"41":22},"f":{"0":70,"1":72,"2":72,"3":72,"4":103,"5":62,"6":55,"7":7,"8":12,"9":66},"b":{"0":[70,58],"1":[72,60],"2":[72,60],"3":[72,60],"4":[103,91],"5":[129,146],"6":[10,2],"7":[0],"8":[0,66],"9":[22,0],"10":[22,0],"11":[22,0]},"_coverageSchema":"1a1c01bbd47fc00a2c39e90264f33305004495a9","hash":"92bcc932f742cd8d19ee4c1e5b1e4647729899e4"}
,"/Users/leo/testcopy/sports2-backend/src/utils/sorting.js": {"path":"/Users/leo/testcopy/sports2-backend/src/utils/sorting.js","statementMap":{"0":{"start":{"line":18,"column":29},"end":{"line":62,"column":1}},"1":{"start":{"line":70,"column":28},"end":{"line":75,"column":1}},"2":{"start":{"line":81,"column":30},"end":{"line":81,"column":45}},"3":{"start":{"line":89,"column":26},"end":{"line":100,"column":1}},"4":{"start":{"line":90,"column":2},"end":{"line":92,"column":3}},"5":{"start":{"line":91,"column":4},"end":{"line":91,"column":17}},"6":{"start":{"line":94,"column":25},"end":{"line":94,"column":57}},"7":{"start":{"line":95,"column":2},"end":{"line":97,"column":3}},"8":{"start":{"line":96,"column":4},"end":{"line":96,"column":17}},"9":{"start":{"line":99,"column":2},"end":{"line":99,"column":41}},"10":{"start":{"line":107,"column":29},"end":{"line":113,"column":1}},"11":{"start":{"line":108,"column":2},"end":{"line":110,"column":3}},"12":{"start":{"line":109,"column":4},"end":{"line":109,"column":17}},"13":{"start":{"line":112,"column":2},"end":{"line":112,"column":65}},"14":{"start":{"line":120,"column":31},"end":{"line":127,"column":1}},"15":{"start":{"line":121,"column":2},"end":{"line":123,"column":3}},"16":{"start":{"line":122,"column":4},"end":{"line":122,"column":18}},"17":{"start":{"line":125,"column":21},"end":{"line":125,"column":44}},"18":{"start":{"line":126,"column":2},"end":{"line":126,"column":74}},"19":{"start":{"line":134,"column":30},"end":{"line":136,"column":1}},"20":{"start":{"line":135,"column":2},"end":{"line":135,"column":48}},"21":{"start":{"line":143,"column":29},"end":{"line":145,"column":1}},"22":{"start":{"line":144,"column":2},"end":{"line":144,"column":93}},"23":{"start":{"line":154,"column":27},"end":{"line":178,"column":1}},"24":{"start":{"line":155,"column":17},"end":{"line":155,"column":19}},"25":{"start":{"line":158,"column":2},"end":{"line":161,"column":3}},"26":{"start":{"line":159,"column":4},"end":{"line":159,"column":54}},"27":{"start":{"line":160,"column":4},"end":{"line":160,"column":38}},"28":{"start":{"line":164,"column":2},"end":{"line":167,"column":3}},"29":{"start":{"line":165,"column":27},"end":{"line":165,"column":60}},"30":{"start":{"line":166,"column":4},"end":{"line":166,"column":102}},"31":{"start":{"line":170,"column":2},"end":{"line":172,"column":3}},"32":{"start":{"line":171,"column":4},"end":{"line":171,"column":85}},"33":{"start":{"line":174,"column":2},"end":{"line":177,"column":4}},"34":{"start":{"line":188,"column":25},"end":{"line":202,"column":1}},"35":{"start":{"line":190,"column":19},"end":{"line":190,"column":51}},"36":{"start":{"line":191,"column":17},"end":{"line":191,"column":44}},"37":{"start":{"line":192,"column":20},"end":{"line":192,"column":98}},"38":{"start":{"line":195,"column":21},"end":{"line":195,"column":70}},"39":{"start":{"line":196,"column":2},"end":{"line":198,"column":3}},"40":{"start":{"line":197,"column":4},"end":{"line":197,"column":50}},"41":{"start":{"line":201,"column":2},"end":{"line":201,"column":31}},"42":{"start":{"line":219,"column":31},"end":{"line":232,"column":1}},"43":{"start":{"line":220,"column":2},"end":{"line":231,"column":4}},"44":{"start":{"line":221,"column":4},"end":{"line":223,"column":5}},"45":{"start":{"line":222,"column":6},"end":{"line":222,"column":18}},"46":{"start":{"line":225,"column":4},"end":{"line":228,"column":5}},"47":{"start":{"line":226,"column":29},"end":{"line":226,"column":62}},"48":{"start":{"line":227,"column":6},"end":{"line":227,"column":106}},"49":{"start":{"line":230,"column":4},"end":{"line":230,"column":16}},"50":{"start":{"line":239,"column":0},"end":{"line":243,"column":1}},"51":{"start":{"line":240,"column":2},"end":{"line":240,"column":45}},"52":{"start":{"line":242,"column":2},"end":{"line":242,"column":15}},"53":{"start":{"line":260,"column":29},"end":{"line":280,"column":1}},"54":{"start":{"line":261,"column":2},"end":{"line":263,"column":3}},"55":{"start":{"line":262,"column":4},"end":{"line":262,"column":78}},"56":{"start":{"line":265,"column":25},"end":{"line":265,"column":58}},"57":{"start":{"line":267,"column":2},"end":{"line":279,"column":4}},"58":{"start":{"line":282,"column":0},"end":{"line":302,"column":2}}},"fnMap":{"0":{"name":"(anonymous_0)","decl":{"start":{"line":89,"column":26},"end":{"line":89,"column":27}},"loc":{"start":{"line":89,"column":50},"end":{"line":100,"column":1}},"line":89},"1":{"name":"(anonymous_1)","decl":{"start":{"line":107,"column":29},"end":{"line":107,"column":30}},"loc":{"start":{"line":107,"column":44},"end":{"line":113,"column":1}},"line":107},"2":{"name":"(anonymous_2)","decl":{"start":{"line":120,"column":31},"end":{"line":120,"column":32}},"loc":{"start":{"line":120,"column":46},"end":{"line":127,"column":1}},"line":120},"3":{"name":"(anonymous_3)","decl":{"start":{"line":134,"column":30},"end":{"line":134,"column":31}},"loc":{"start":{"line":134,"column":46},"end":{"line":136,"column":1}},"line":134},"4":{"name":"(anonymous_4)","decl":{"start":{"line":143,"column":29},"end":{"line":143,"column":30}},"loc":{"start":{"line":143,"column":45},"end":{"line":145,"column":1}},"line":143},"5":{"name":"(anonymous_5)","decl":{"start":{"line":154,"column":27},"end":{"line":154,"column":28}},"loc":{"start":{"line":154,"column":67},"end":{"line":178,"column":1}},"line":154},"6":{"name":"(anonymous_6)","decl":{"start":{"line":188,"column":25},"end":{"line":188,"column":26}},"loc":{"start":{"line":188,"column":65},"end":{"line":202,"column":1}},"line":188},"7":{"name":"(anonymous_7)","decl":{"start":{"line":219,"column":31},"end":{"line":219,"column":32}},"loc":{"start":{"line":219,"column":47},"end":{"line":232,"column":1}},"line":219},"8":{"name":"(anonymous_8)","decl":{"start":{"line":220,"column":9},"end":{"line":220,"column":10}},"loc":{"start":{"line":220,"column":20},"end":{"line":231,"column":3}},"line":220},"9":{"name":"(anonymous_9)","decl":{"start":{"line":260,"column":29},"end":{"line":260,"column":30}},"loc":{"start":{"line":260,"column":45},"end":{"line":280,"column":1}},"line":260}},"branchMap":{"0":{"loc":{"start":{"line":90,"column":2},"end":{"line":92,"column":3}},"type":"if","locations":[{"start":{"line":90,"column":2},"end":{"line":92,"column":3}},{"start":{},"end":{}}],"line":90},"1":{"loc":{"start":{"line":90,"column":6},"end":{"line":90,"column":43}},"type":"binary-expr","locations":[{"start":{"line":90,"column":6},"end":{"line":90,"column":13}},{"start":{"line":90,"column":17},"end":{"line":90,"column":43}}],"line":90},"2":{"loc":{"start":{"line":95,"column":2},"end":{"line":97,"column":3}},"type":"if","locations":[{"start":{"line":95,"column":2},"end":{"line":97,"column":3}},{"start":{},"end":{}}],"line":95},"3":{"loc":{"start":{"line":108,"column":2},"end":{"line":110,"column":3}},"type":"if","locations":[{"start":{"line":108,"column":2},"end":{"line":110,"column":3}},{"start":{},"end":{}}],"line":108},"4":{"loc":{"start":{"line":108,"column":6},"end":{"line":108,"column":49}},"type":"binary-expr","locations":[{"start":{"line":108,"column":6},"end":{"line":108,"column":16}},{"start":{"line":108,"column":20},"end":{"line":108,"column":49}}],"line":108},"5":{"loc":{"start":{"line":121,"column":2},"end":{"line":123,"column":3}},"type":"if","locations":[{"start":{"line":121,"column":2},"end":{"line":123,"column":3}},{"start":{},"end":{}}],"line":121},"6":{"loc":{"start":{"line":121,"column":6},"end":{"line":121,"column":49}},"type":"binary-expr","locations":[{"start":{"line":121,"column":6},"end":{"line":121,"column":16}},{"start":{"line":121,"column":20},"end":{"line":121,"column":49}}],"line":121},"7":{"loc":{"start":{"line":126,"column":9},"end":{"line":126,"column":73}},"type":"cond-expr","locations":[{"start":{"line":126,"column":54},"end":{"line":126,"column":64}},{"start":{"line":126,"column":67},"end":{"line":126,"column":73}}],"line":126},"8":{"loc":{"start":{"line":135,"column":9},"end":{"line":135,"column":47}},"type":"binary-expr","locations":[{"start":{"line":135,"column":9},"end":{"line":135,"column":41}},{"start":{"line":135,"column":45},"end":{"line":135,"column":47}}],"line":135},"9":{"loc":{"start":{"line":144,"column":9},"end":{"line":144,"column":92}},"type":"binary-expr","locations":[{"start":{"line":144,"column":9},"end":{"line":144,"column":40}},{"start":{"line":144,"column":44},"end":{"line":144,"column":92}}],"line":144},"10":{"loc":{"start":{"line":158,"column":2},"end":{"line":161,"column":3}},"type":"if","locations":[{"start":{"line":158,"column":2},"end":{"line":161,"column":3}},{"start":{},"end":{}}],"line":158},"11":{"loc":{"start":{"line":164,"column":2},"end":{"line":167,"column":3}},"type":"if","locations":[{"start":{"line":164,"column":2},"end":{"line":167,"column":3}},{"start":{},"end":{}}],"line":164},"12":{"loc":{"start":{"line":164,"column":6},"end":{"line":164,"column":56}},"type":"binary-expr","locations":[{"start":{"line":164,"column":6},"end":{"line":164,"column":13}},{"start":{"line":164,"column":17},"end":{"line":164,"column":56}}],"line":164},"13":{"loc":{"start":{"line":170,"column":2},"end":{"line":172,"column":3}},"type":"if","locations":[{"start":{"line":170,"column":2},"end":{"line":172,"column":3}},{"start":{},"end":{}}],"line":170},"14":{"loc":{"start":{"line":170,"column":6},"end":{"line":170,"column":59}},"type":"binary-expr","locations":[{"start":{"line":170,"column":6},"end":{"line":170,"column":19}},{"start":{"line":170,"column":23},"end":{"line":170,"column":59}}],"line":170},"15":{"loc":{"start":{"line":191,"column":17},"end":{"line":191,"column":44}},"type":"binary-expr","locations":[{"start":{"line":191,"column":17},"end":{"line":191,"column":24}},{"start":{"line":191,"column":28},"end":{"line":191,"column":44}}],"line":191},"16":{"loc":{"start":{"line":192,"column":20},"end":{"line":192,"column":98}},"type":"cond-expr","locations":[{"start":{"line":192,"column":36},"end":{"line":192,"column":73}},{"start":{"line":192,"column":76},"end":{"line":192,"column":98}}],"line":192},"17":{"loc":{"start":{"line":196,"column":2},"end":{"line":198,"column":3}},"type":"if","locations":[{"start":{"line":196,"column":2},"end":{"line":198,"column":3}},{"start":{},"end":{}}],"line":196},"18":{"loc":{"start":{"line":221,"column":4},"end":{"line":223,"column":5}},"type":"if","locations":[{"start":{"line":221,"column":4},"end":{"line":223,"column":5}},{"start":{},"end":{}}],"line":221},"19":{"loc":{"start":{"line":225,"column":4},"end":{"line":228,"column":5}},"type":"if","locations":[{"start":{"line":225,"column":4},"end":{"line":228,"column":5}},{"start":{},"end":{}}],"line":225},"20":{"loc":{"start":{"line":261,"column":2},"end":{"line":263,"column":3}},"type":"if","locations":[{"start":{"line":261,"column":2},"end":{"line":263,"column":3}},{"start":{},"end":{}}],"line":261}},"s":{"0":22,"1":22,"2":22,"3":22,"4":105,"5":6,"6":99,"7":99,"8":2,"9":97,"10":22,"11":84,"12":7,"13":77,"14":22,"15":61,"16":6,"17":55,"18":55,"19":22,"20":73,"21":22,"22":57,"23":22,"24":70,"25":70,"26":4,"27":4,"28":66,"29":11,"30":11,"31":66,"32":3,"33":66,"34":22,"35":50,"36":50,"37":50,"38":50,"39":50,"40":7,"41":43,"42":22,"43":56,"44":14,"45":3,"46":11,"47":5,"48":5,"49":6,"50":22,"51":22,"52":0,"53":22,"54":48,"55":0,"56":48,"57":48,"58":22},"f":{"0":105,"1":84,"2":61,"3":73,"4":57,"5":70,"6":50,"7":56,"8":14,"9":48},"b":{"0":[6,99],"1":[105,102],"2":[2,97],"3":[7,77],"4":[84,81],"5":[6,55],"6":[61,58],"7":[50,5],"8":[73,5],"9":[57,4],"10":[4,66],"11":[11,55],"12":[66,63],"13":[3,63],"14":[66,63],"15":[50,4],"16":[46,4],"17":[7,43],"18":[3,11],"19":[5,6],"20":[0,48]},"_coverageSchema":"1a1c01bbd47fc00a2c39e90264f33305004495a9","hash":"b291adc3c90874814c6b47c4a4d0eb34d1eafb2e"}
}
