TN:
SF:src/middleware/auth.js
FN:5,(anonymous_0)
FN:55,(anonymous_1)
FN:64,(anonymous_2)
FNF:3
FNH:3
FNDA:20,(anonymous_0)
FNDA:2,(anonymous_1)
FNDA:2,(anonymous_2)
DA:1,22
DA:2,22
DA:3,22
DA:5,22
DA:9,20
DA:10,17
DA:11,3
DA:12,0
DA:15,20
DA:16,17
DA:19,17
DA:22,15
DA:23,5
DA:24,5
DA:30,5
DA:31,2
DA:36,13
DA:40,5
DA:41,0
DA:44,5
DA:46,10
DA:47,10
DA:50,3
DA:55,22
DA:56,2
DA:57,1
DA:59,1
DA:64,22
DA:65,2
DA:66,1
DA:68,1
DA:72,22
LF:32
LH:30
BRDA:9,0,0,17
BRDA:9,0,1,3
BRDA:9,1,0,20
BRDA:9,1,1,17
BRDA:11,2,0,0
BRDA:11,2,1,3
BRDA:11,3,0,3
BRDA:11,3,1,2
BRDA:15,4,0,17
BRDA:15,4,1,3
BRDA:22,5,0,5
BRDA:22,5,1,10
BRDA:23,6,0,4
BRDA:23,6,1,1
BRDA:30,7,0,2
BRDA:30,7,1,3
BRDA:40,8,0,0
BRDA:40,8,1,5
BRDA:56,9,0,1
BRDA:56,9,1,1
BRDA:56,10,0,2
BRDA:56,10,1,2
BRDA:65,11,0,1
BRDA:65,11,1,1
BRDA:65,12,0,2
BRDA:65,12,1,2
BRF:26
BRH:24
end_of_record
TN:
SF:src/middleware/csrf.js
FN:30,(anonymous_0)
FN:35,(anonymous_1)
FN:39,(anonymous_2)
FNF:3
FNH:3
FNDA:51,(anonymous_0)
FNDA:21,(anonymous_1)
FNDA:4,(anonymous_2)
DA:1,22
DA:4,22
DA:7,22
DA:8,0
DA:12,22
DA:13,22
DA:22,22
DA:29,22
DA:30,51
DA:35,21
DA:39,22
DA:40,4
DA:41,3
DA:46,1
DA:49,22
LF:15
LH:14
BRDA:4,0,0,22
BRDA:4,0,1,22
BRDA:7,1,0,0
BRDA:7,1,1,22
BRDA:7,2,0,22
BRDA:7,2,1,22
BRDA:14,3,0,0
BRDA:14,3,1,22
BRDA:22,4,0,0
BRDA:22,4,1,22
BRDA:40,5,0,3
BRDA:40,5,1,1
BRF:12
BRH:9
end_of_record
TN:
SF:src/middleware/errorHandler.js
FN:1,(anonymous_0)
FN:10,(anonymous_1)
FNF:2
FNH:2
FNDA:28,(anonymous_0)
FNDA:3,(anonymous_1)
DA:1,22
DA:2,28
DA:3,28
DA:6,28
DA:9,28
DA:10,3
DA:11,3
DA:15,28
DA:16,2
DA:17,2
DA:21,28
DA:22,3
DA:23,3
DA:26,28
DA:27,2
DA:28,2
DA:32,28
DA:33,2
DA:34,2
DA:37,28
DA:44,22
LF:21
LH:21
BRDA:9,0,0,3
BRDA:9,0,1,25
BRDA:15,1,0,2
BRDA:15,1,1,26
BRDA:21,2,0,3
BRDA:21,2,1,25
BRDA:26,3,0,2
BRDA:26,3,1,26
BRDA:32,4,0,2
BRDA:32,4,1,26
BRDA:37,5,0,28
BRDA:37,5,1,15
BRDA:39,6,0,28
BRDA:39,6,1,2
BRDA:40,7,0,28
BRDA:40,7,1,1
BRF:16
BRH:16
end_of_record
TN:
SF:src/middleware/notFound.js
FN:1,(anonymous_0)
FNF:1
FNH:1
FNDA:1,(anonymous_0)
DA:1,21
DA:2,1
DA:3,1
DA:4,1
DA:7,21
LF:5
LH:5
BRF:0
BRH:0
end_of_record
TN:
SF:src/middleware/permissions.js
FN:9,(anonymous_0)
FN:18,(anonymous_1)
FN:19,(anonymous_2)
FN:70,(anonymous_3)
FN:71,(anonymous_4)
FN:122,(anonymous_5)
FN:123,(anonymous_6)
FN:145,(anonymous_7)
FNF:8
FNH:8
FNDA:5,(anonymous_0)
FNDA:688,(anonymous_1)
FNDA:2,(anonymous_2)
FNDA:53,(anonymous_3)
FNDA:1,(anonymous_4)
FNDA:2,(anonymous_5)
FNDA:2,(anonymous_6)
FNDA:3,(anonymous_7)
DA:1,26
DA:2,26
DA:9,26
DA:10,5
DA:18,26
DA:19,688
DA:20,2
DA:22,2
DA:23,0
DA:26,2
DA:27,2
DA:30,2
DA:40,2
DA:41,0
DA:47,2
DA:48,1
DA:54,1
DA:56,0
DA:57,0
DA:70,26
DA:71,53
DA:72,1
DA:74,1
DA:75,0
DA:78,1
DA:79,1
DA:82,1
DA:92,1
DA:93,0
DA:99,1
DA:100,0
DA:106,1
DA:108,0
DA:109,0
DA:122,26
DA:123,2
DA:124,2
DA:126,2
DA:127,0
DA:130,2
DA:131,2
DA:134,2
DA:144,2
DA:145,3
DA:148,2
DA:149,1
DA:155,1
DA:156,0
DA:162,1
DA:164,0
DA:165,0
DA:174,26
DA:186,26
LF:53
LH:40
BRDA:10,0,0,5
BRDA:10,0,1,5
BRDA:22,1,0,0
BRDA:22,1,1,2
BRDA:40,2,0,0
BRDA:40,2,1,2
BRDA:40,3,0,2
BRDA:40,3,1,1
BRDA:40,3,2,0
BRDA:47,4,0,1
BRDA:47,4,1,1
BRDA:74,5,0,0
BRDA:74,5,1,1
BRDA:92,6,0,0
BRDA:92,6,1,1
BRDA:92,7,0,1
BRDA:92,7,1,1
BRDA:92,7,2,0
BRDA:99,8,0,0
BRDA:99,8,1,1
BRDA:126,9,0,0
BRDA:126,9,1,2
BRDA:145,10,0,3
BRDA:145,10,1,1
BRDA:148,11,0,1
BRDA:148,11,1,1
BRDA:155,12,0,0
BRDA:155,12,1,1
BRF:28
BRH:19
end_of_record
TN:
SF:src/middleware/upload.js
FN:27,(anonymous_0)
FN:30,(anonymous_1)
FN:40,(anonymous_2)
FN:73,(anonymous_3)
FN:76,(anonymous_4)
FN:85,(anonymous_5)
FN:117,(anonymous_6)
FNF:7
FNH:0
FNDA:0,(anonymous_0)
FNDA:0,(anonymous_1)
FNDA:0,(anonymous_2)
FNDA:0,(anonymous_3)
FNDA:0,(anonymous_4)
FNDA:0,(anonymous_5)
FNDA:0,(anonymous_6)
DA:1,21
DA:2,21
DA:3,21
DA:6,21
DA:7,21
DA:8,21
DA:11,21
DA:12,21
DA:13,0
DA:15,21
DA:16,0
DA:18,21
DA:19,0
DA:22,0
DA:26,21
DA:28,0
DA:32,0
DA:33,0
DA:34,0
DA:35,0
DA:40,21
DA:41,0
DA:49,0
DA:50,0
DA:52,0
DA:53,0
DA:55,0
DA:60,21
DA:69,21
DA:72,21
DA:74,0
DA:77,0
DA:78,0
DA:79,0
DA:80,0
DA:85,21
DA:86,0
DA:94,0
DA:95,0
DA:97,0
DA:98,0
DA:100,0
DA:105,21
DA:114,21
DA:117,21
DA:118,0
DA:119,0
DA:120,0
DA:125,0
DA:131,0
DA:133,0
DA:139,0
DA:142,21
LF:53
LH:20
BRDA:12,0,0,0
BRDA:12,0,1,21
BRDA:15,1,0,0
BRDA:15,1,1,21
BRDA:18,2,0,0
BRDA:18,2,1,21
BRDA:32,3,0,0
BRDA:32,3,1,0
BRDA:52,4,0,0
BRDA:52,4,1,0
BRDA:52,5,0,0
BRDA:52,5,1,0
BRDA:77,6,0,0
BRDA:77,6,1,0
BRDA:97,7,0,0
BRDA:97,7,1,0
BRDA:97,8,0,0
BRDA:97,8,1,0
BRDA:118,9,0,0
BRDA:118,9,1,0
BRDA:119,10,0,0
BRDA:119,10,1,0
BRDA:131,11,0,0
BRDA:131,11,1,0
BRDA:131,12,0,0
BRDA:131,12,1,0
BRF:26
BRH:3
end_of_record
TN:
SF:src/middleware/validation.js
FN:72,(anonymous_0)
FNF:1
FNH:0
FNDA:0,(anonymous_0)
DA:1,0
DA:72,0
DA:73,0
DA:74,0
DA:75,0
DA:81,0
DA:84,0
LF:7
LH:0
BRDA:74,0,0,0
BRDA:74,0,1,0
BRF:2
BRH:0
end_of_record
TN:
SF:src/migrations/20240101000000-add-video-to-players.js
FN:4,(anonymous_0)
FN:24,(anonymous_1)
FNF:2
FNH:0
FNDA:0,(anonymous_0)
FNDA:0,(anonymous_1)
DA:3,0
DA:7,0
DA:8,0
DA:10,0
DA:11,0
DA:14,0
DA:15,0
DA:16,0
DA:25,0
DA:26,0
DA:27,0
DA:28,0
DA:29,0
DA:33,0
LF:14
LH:0
BRDA:15,0,0,0
BRDA:15,0,1,0
BRDA:28,1,0,0
BRDA:28,1,1,0
BRF:4
BRH:0
end_of_record
TN:
SF:src/migrations/20241201000001-create-schedules.js
FN:4,(anonymous_0)
FN:71,(anonymous_1)
FNF:2
FNH:0
FNDA:0,(anonymous_0)
FNDA:0,(anonymous_1)
DA:3,0
DA:5,0
DA:65,0
DA:66,0
DA:67,0
DA:68,0
DA:72,0
LF:7
LH:0
BRF:0
BRH:0
end_of_record
TN:
SF:src/migrations/20241201000002-create-schedule-sections.js
FN:4,(anonymous_0)
FN:61,(anonymous_1)
FNF:2
FNH:0
FNDA:0,(anonymous_0)
FNDA:0,(anonymous_1)
DA:3,0
DA:5,0
DA:56,0
DA:57,0
DA:58,0
DA:62,0
LF:6
LH:0
BRF:0
BRH:0
end_of_record
TN:
SF:src/migrations/20241201000003-create-schedule-activities.js
FN:4,(anonymous_0)
FN:68,(anonymous_1)
FNF:2
FNH:0
FNDA:0,(anonymous_0)
FNDA:0,(anonymous_1)
DA:3,0
DA:5,0
DA:63,0
DA:64,0
DA:65,0
DA:69,0
LF:6
LH:0
BRF:0
BRH:0
end_of_record
TN:
SF:src/migrations/20241201000004-create-depth-charts.js
FN:4,(anonymous_0)
FN:103,(anonymous_1)
FNF:2
FNH:0
FNDA:0,(anonymous_0)
FNDA:0,(anonymous_1)
DA:3,0
DA:6,0
DA:10,0
DA:11,0
DA:13,0
DA:81,0
DA:82,0
DA:86,0
DA:87,0
DA:91,0
DA:92,0
DA:96,0
DA:97,0
DA:104,0
LF:14
LH:0
BRDA:10,0,0,0
BRDA:10,0,1,0
BRDA:10,1,0,0
BRDA:10,1,1,0
BRF:4
BRH:0
end_of_record
TN:
SF:src/migrations/20241201000004-create-games.js
FN:4,(anonymous_0)
FN:101,(anonymous_1)
FNF:2
FNH:0
FNDA:0,(anonymous_0)
FNDA:0,(anonymous_1)
DA:3,0
DA:6,0
DA:10,0
DA:11,0
DA:13,0
DA:90,0
DA:91,0
DA:95,0
DA:96,0
DA:97,0
DA:98,0
DA:102,0
LF:12
LH:0
BRDA:10,0,0,0
BRDA:10,0,1,0
BRDA:10,1,0,0
BRDA:10,1,1,0
BRF:4
BRH:0
end_of_record
TN:
SF:src/migrations/20241201000005-create-depth-chart-positions.js
FN:4,(anonymous_0)
FN:84,(anonymous_1)
FNF:2
FNH:0
FNDA:0,(anonymous_0)
FNDA:0,(anonymous_1)
DA:3,0
DA:5,0
DA:9,0
DA:10,0
DA:12,0
DA:75,0
DA:76,0
DA:80,0
DA:81,0
DA:85,0
LF:10
LH:0
BRDA:9,0,0,0
BRDA:9,0,1,0
BRDA:9,1,0,0
BRDA:9,1,1,0
BRF:4
BRH:0
end_of_record
TN:
SF:src/migrations/20241201000006-create-depth-chart-players.js
FN:4,(anonymous_0)
FN:122,(anonymous_1)
FNF:2
FNH:0
FNDA:0,(anonymous_0)
FNDA:0,(anonymous_1)
DA:3,0
DA:5,0
DA:9,0
DA:10,0
DA:12,0
DA:89,0
DA:90,0
DA:94,0
DA:95,0
DA:99,0
DA:100,0
DA:104,0
DA:105,0
DA:111,0
DA:112,0
DA:123,0
LF:16
LH:0
BRDA:9,0,0,0
BRDA:9,0,1,0
BRDA:9,1,0,0
BRDA:9,1,1,0
BRF:4
BRH:0
end_of_record
TN:
SF:src/migrations/20241201000007-create-user-permissions.js
FN:4,(anonymous_0)
FN:117,(anonymous_1)
FNF:2
FNH:0
FNDA:0,(anonymous_0)
FNDA:0,(anonymous_1)
DA:3,0
DA:5,0
DA:9,0
DA:10,0
DA:12,0
DA:100,0
DA:101,0
DA:105,0
DA:106,0
DA:107,0
DA:110,0
DA:118,0
LF:12
LH:0
BRDA:9,0,0,0
BRDA:9,0,1,0
BRDA:9,1,0,0
BRDA:9,1,1,0
BRF:4
BRH:0
end_of_record
TN:
SF:src/migrations/20241201000009-create-schedule-templates.js
FN:4,(anonymous_0)
FN:69,(anonymous_1)
FNF:2
FNH:0
FNDA:0,(anonymous_0)
FNDA:0,(anonymous_1)
DA:3,0
DA:5,0
DA:63,0
DA:64,0
DA:65,0
DA:66,0
DA:71,0
DA:72,0
DA:73,0
DA:74,0
DA:76,0
LF:11
LH:0
BRF:0
BRH:0
end_of_record
TN:
SF:src/migrations/20241201000010-create-coaches.js
FN:4,(anonymous_0)
FN:93,(anonymous_1)
FNF:2
FNH:0
FNDA:0,(anonymous_0)
FNDA:0,(anonymous_1)
DA:3,0
DA:5,0
DA:87,0
DA:88,0
DA:89,0
DA:90,0
DA:95,0
DA:96,0
DA:97,0
DA:98,0
DA:100,0
LF:11
LH:0
BRF:0
BRH:0
end_of_record
TN:
SF:src/migrations/20241201000011-create-scouts.js
FN:4,(anonymous_0)
FN:101,(anonymous_1)
FNF:2
FNH:0
FNDA:0,(anonymous_0)
FNDA:0,(anonymous_1)
DA:3,0
DA:5,0
DA:95,0
DA:96,0
DA:97,0
DA:98,0
DA:103,0
DA:104,0
DA:105,0
DA:106,0
DA:108,0
LF:11
LH:0
BRF:0
BRH:0
end_of_record
TN:
SF:src/migrations/20241201000012-create-vendors.js
FN:4,(anonymous_0)
FN:139,(anonymous_1)
FNF:2
FNH:0
FNDA:0,(anonymous_0)
FNDA:0,(anonymous_1)
DA:3,0
DA:5,0
DA:132,0
DA:133,0
DA:134,0
DA:135,0
DA:136,0
DA:141,0
DA:142,0
DA:143,0
DA:144,0
DA:145,0
DA:147,0
LF:13
LH:0
BRF:0
BRH:0
end_of_record
TN:
SF:src/migrations/20241201000013-create-high-school-coaches.js
FN:4,(anonymous_0)
FN:145,(anonymous_1)
FNF:2
FNH:0
FNDA:0,(anonymous_0)
FNDA:0,(anonymous_1)
DA:3,0
DA:5,0
DA:137,0
DA:138,0
DA:139,0
DA:140,0
DA:141,0
DA:142,0
DA:147,0
DA:148,0
DA:149,0
DA:150,0
DA:151,0
DA:152,0
DA:154,0
LF:15
LH:0
BRF:0
BRH:0
end_of_record
TN:
SF:src/migrations/20241204000001-create-user-teams.js
FN:4,(anonymous_0)
FN:72,(anonymous_1)
FNF:2
FNH:0
FNDA:0,(anonymous_0)
FNDA:0,(anonymous_1)
DA:3,0
DA:5,0
DA:54,0
DA:60,0
DA:61,0
DA:64,0
DA:73,0
LF:7
LH:0
BRF:0
BRH:0
end_of_record
TN:
SF:src/migrations/20241219000001-add-prestosports-integration.js
FN:4,(anonymous_0)
FN:371,(anonymous_1)
FNF:2
FNH:0
FNDA:0,(anonymous_0)
FNDA:0,(anonymous_1)
DA:3,0
DA:6,0
DA:12,0
DA:18,0
DA:24,0
DA:31,0
DA:38,0
DA:44,0
DA:50,0
DA:56,0
DA:63,0
DA:68,0
DA:73,0
DA:80,0
DA:86,0
DA:92,0
DA:98,0
DA:105,0
DA:110,0
DA:115,0
DA:345,0
DA:349,0
DA:353,0
DA:357,0
DA:362,0
DA:366,0
DA:373,0
DA:376,0
DA:377,0
DA:378,0
DA:379,0
DA:380,0
DA:381,0
DA:382,0
DA:385,0
DA:386,0
DA:387,0
DA:388,0
DA:389,0
DA:390,0
DA:391,0
DA:394,0
DA:395,0
DA:396,0
DA:397,0
LF:45
LH:0
BRF:0
BRH:0
end_of_record
TN:
SF:src/migrations/20250105000001-create-token-blacklist.js
FN:4,(anonymous_0)
FN:78,(anonymous_1)
FNF:2
FNH:0
FNDA:0,(anonymous_0)
FNDA:0,(anonymous_1)
DA:3,0
DA:5,0
DA:9,0
DA:10,0
DA:12,0
DA:69,0
DA:73,0
DA:74,0
DA:75,0
DA:79,0
LF:10
LH:0
BRDA:9,0,0,0
BRDA:9,0,1,0
BRDA:9,1,0,0
BRDA:9,1,1,0
BRF:4
BRH:0
end_of_record
TN:
SF:src/migrations/20260105154701-add-account-lockout-fields.js
FN:4,(anonymous_0)
FN:53,(anonymous_1)
FNF:2
FNH:0
FNDA:0,(anonymous_0)
FNDA:0,(anonymous_1)
DA:3,0
DA:6,0
DA:7,0
DA:9,0
DA:10,0
DA:13,0
DA:16,0
DA:17,0
DA:26,0
DA:27,0
DA:35,0
DA:36,0
DA:44,0
DA:45,0
DA:54,0
DA:55,0
DA:58,0
DA:61,0
DA:64,0
DA:65,0
DA:71,0
DA:72,0
DA:75,0
DA:76,0
DA:79,0
DA:80,0
LF:26
LH:0
BRDA:16,0,0,0
BRDA:16,0,1,0
BRDA:26,1,0,0
BRDA:26,1,1,0
BRDA:35,2,0,0
BRDA:35,2,1,0
BRDA:71,3,0,0
BRDA:71,3,1,0
BRDA:75,4,0,0
BRDA:75,4,1,0
BRDA:79,5,0,0
BRDA:79,5,1,0
BRF:12
BRH:0
end_of_record
TN:
SF:src/migrations/add_oauth_fields.js
FN:4,(anonymous_0)
FN:58,(anonymous_1)
FNF:2
FNH:0
FNDA:0,(anonymous_0)
FNDA:0,(anonymous_1)
DA:3,0
DA:6,0
DA:7,0
DA:8,0
DA:15,0
DA:16,0
DA:23,0
DA:24,0
DA:31,0
DA:32,0
DA:44,0
DA:45,0
DA:59,0
DA:60,0
DA:61,0
DA:62,0
DA:65,0
LF:17
LH:0
BRDA:7,0,0,0
BRDA:7,0,1,0
BRDA:15,1,0,0
BRDA:15,1,1,0
BRDA:23,2,0,0
BRDA:23,2,1,0
BRF:6
BRH:0
end_of_record
TN:
SF:src/routes/auth.js
FN:48,(anonymous_0)
FN:103,(anonymous_1)
FN:237,(anonymous_2)
FN:351,(anonymous_3)
FN:426,(anonymous_4)
FN:501,(anonymous_5)
FN:570,(anonymous_6)
FN:601,(anonymous_7)
FN:611,(anonymous_8)
FN:647,(anonymous_9)
FN:679,(anonymous_10)
FN:689,(anonymous_11)
FN:735,(anonymous_12)
FN:802,(anonymous_13)
FN:820,(anonymous_14)
FN:847,(anonymous_15)
FN:874,(anonymous_16)
FNF:17
FNH:4
FNDA:0,(anonymous_0)
FNDA:2,(anonymous_1)
FNDA:5,(anonymous_2)
FNDA:0,(anonymous_3)
FNDA:0,(anonymous_4)
FNDA:0,(anonymous_5)
FNDA:0,(anonymous_6)
FNDA:0,(anonymous_7)
FNDA:0,(anonymous_8)
FNDA:0,(anonymous_9)
FNDA:0,(anonymous_10)
FNDA:0,(anonymous_11)
FNDA:0,(anonymous_12)
FNDA:0,(anonymous_13)
FNDA:0,(anonymous_14)
FNDA:20,(anonymous_15)
FNDA:3,(anonymous_16)
DA:22,21
DA:23,21
DA:24,21
DA:25,21
DA:26,21
DA:27,21
DA:28,21
DA:29,21
DA:30,21
DA:31,21
DA:33,21
DA:48,21
DA:51,0
DA:92,21
DA:104,2
DA:106,2
DA:107,2
DA:108,2
DA:115,0
DA:118,0
DA:119,0
DA:120,0
DA:130,0
DA:132,0
DA:135,0
DA:139,0
DA:140,0
DA:148,0
DA:159,0
DA:162,0
DA:178,0
DA:179,0
DA:186,0
DA:190,0
DA:191,0
DA:232,21
DA:238,5
DA:240,5
DA:241,5
DA:242,0
DA:249,5
DA:252,5
DA:261,0
DA:262,0
DA:269,0
DA:270,0
DA:277,0
DA:278,0
DA:280,0
DA:287,0
DA:290,0
DA:293,0
DA:294,0
DA:303,0
DA:319,5
DA:320,5
DA:351,21
DA:352,0
DA:354,0
DA:379,0
DA:385,0
DA:386,0
DA:421,21
DA:427,0
DA:429,0
DA:430,0
DA:431,0
DA:438,0
DA:442,0
DA:443,0
DA:450,0
DA:464,0
DA:465,0
DA:497,21
DA:502,0
DA:504,0
DA:505,0
DA:506,0
DA:513,0
DA:516,0
DA:519,0
DA:520,0
DA:521,0
DA:528,0
DA:529,0
DA:531,0
DA:537,0
DA:538,0
DA:570,21
DA:572,0
DA:573,0
DA:579,0
DA:601,21
DA:603,0
DA:604,0
DA:610,0
DA:612,0
DA:614,0
DA:618,0
DA:619,0
DA:620,0
DA:623,0
DA:624,0
DA:625,0
DA:626,0
DA:647,21
DA:649,0
DA:650,0
DA:656,0
DA:679,21
DA:681,0
DA:682,0
DA:688,0
DA:690,0
DA:692,0
DA:695,0
DA:696,0
DA:697,0
DA:700,0
DA:701,0
DA:702,0
DA:703,0
DA:735,21
DA:736,0
DA:737,0
DA:740,0
DA:741,0
DA:754,0
DA:760,0
DA:761,0
DA:802,21
DA:803,0
DA:805,0
DA:820,0
DA:822,0
DA:828,0
DA:829,0
DA:847,21
DA:848,20
DA:849,20
DA:850,20
DA:855,0
DA:856,0
DA:874,21
DA:875,3
DA:877,3
DA:878,3
DA:886,3
DA:891,0
DA:892,0
DA:899,21
LF:151
LH:44
BRDA:52,0,0,0
BRDA:52,0,1,0
BRDA:107,1,0,2
BRDA:107,1,1,0
BRDA:119,2,0,0
BRDA:119,2,1,0
BRDA:130,3,0,0
BRDA:130,3,1,0
BRDA:139,4,0,0
BRDA:139,4,1,0
BRDA:182,5,0,0
BRDA:182,5,1,0
BRDA:241,6,0,0
BRDA:241,6,1,5
BRDA:261,7,0,0
BRDA:261,7,1,0
BRDA:269,8,0,0
BRDA:269,8,1,0
BRDA:278,9,0,0
BRDA:278,9,1,0
BRDA:297,10,0,0
BRDA:297,10,1,0
BRDA:430,11,0,0
BRDA:430,11,1,0
BRDA:444,12,0,0
BRDA:444,12,1,0
BRDA:445,13,0,0
BRDA:445,13,1,0
BRDA:446,14,0,0
BRDA:446,14,1,0
BRDA:505,15,0,0
BRDA:505,15,1,0
BRDA:520,16,0,0
BRDA:520,16,1,0
BRDA:572,17,0,0
BRDA:572,17,1,0
BRDA:572,18,0,0
BRDA:572,18,1,0
BRDA:603,19,0,0
BRDA:603,19,1,0
BRDA:603,20,0,0
BRDA:603,20,1,0
BRDA:618,21,0,0
BRDA:618,21,1,0
BRDA:618,21,2,0
BRDA:624,22,0,0
BRDA:624,22,1,0
BRDA:649,23,0,0
BRDA:649,23,1,0
BRDA:649,24,0,0
BRDA:649,24,1,0
BRDA:649,24,2,0
BRDA:681,25,0,0
BRDA:681,25,1,0
BRDA:681,26,0,0
BRDA:681,26,1,0
BRDA:681,26,2,0
BRDA:695,27,0,0
BRDA:695,27,1,0
BRDA:695,27,2,0
BRDA:701,28,0,0
BRDA:701,28,1,0
BRDA:740,29,0,0
BRDA:740,29,1,0
BRDA:740,30,0,0
BRDA:740,30,1,0
BRDA:881,31,0,0
BRDA:881,31,1,3
BRF:68
BRH:3
end_of_record
TN:
SF:src/routes/coaches.js
FN:111,(anonymous_0)
FN:232,(anonymous_1)
FN:324,(anonymous_2)
FN:422,(anonymous_3)
FN:506,(anonymous_4)
FN:568,(anonymous_5)
FN:595,(anonymous_6)
FN:596,(anonymous_7)
FN:617,(anonymous_8)
FNF:9
FNH:0
FNDA:0,(anonymous_0)
FNDA:0,(anonymous_1)
FNDA:0,(anonymous_2)
FNDA:0,(anonymous_3)
FNDA:0,(anonymous_4)
FNDA:0,(anonymous_5)
FNDA:0,(anonymous_6)
FNDA:0,(anonymous_7)
FNDA:0,(anonymous_8)
DA:38,21
DA:39,21
DA:40,21
DA:41,21
DA:42,21
DA:43,21
DA:45,21
DA:49,21
DA:102,21
DA:112,0
DA:114,0
DA:115,0
DA:116,0
DA:132,0
DA:135,0
DA:139,0
DA:144,0
DA:145,0
DA:149,0
DA:150,0
DA:155,0
DA:156,0
DA:165,0
DA:168,0
DA:183,0
DA:195,0
DA:196,0
DA:232,21
DA:233,0
DA:236,0
DA:251,0
DA:252,0
DA:259,0
DA:265,0
DA:266,0
DA:311,21
DA:325,0
DA:327,0
DA:328,0
DA:329,0
DA:338,0
DA:346,0
DA:357,0
DA:363,0
DA:364,0
DA:409,21
DA:423,0
DA:425,0
DA:426,0
DA:427,0
DA:436,0
DA:444,0
DA:445,0
DA:453,0
DA:456,0
DA:467,0
DA:473,0
DA:474,0
DA:506,21
DA:507,0
DA:510,0
DA:518,0
DA:519,0
DA:527,0
DA:530,0
DA:536,0
DA:537,0
DA:563,21
DA:569,0
DA:571,0
DA:572,0
DA:573,0
DA:580,0
DA:584,0
DA:595,0
DA:596,0
DA:599,0
DA:610,0
DA:616,0
DA:617,0
DA:623,0
DA:625,0
DA:626,0
DA:633,21
LF:84
LH:15
BRDA:115,0,0,0
BRDA:115,0,1,0
BRDA:126,1,0,0
BRDA:130,2,0,0
BRDA:131,3,0,0
BRDA:144,4,0,0
BRDA:144,4,1,0
BRDA:149,5,0,0
BRDA:149,5,1,0
BRDA:155,6,0,0
BRDA:155,6,1,0
BRDA:251,7,0,0
BRDA:251,7,1,0
BRDA:328,8,0,0
BRDA:328,8,1,0
BRDA:426,9,0,0
BRDA:426,9,1,0
BRDA:444,10,0,0
BRDA:444,10,1,0
BRDA:518,11,0,0
BRDA:518,11,1,0
BRDA:572,12,0,0
BRDA:572,12,1,0
BRDA:616,13,0,0
BRDA:616,13,1,0
BRF:25
BRH:0
end_of_record
TN:
SF:src/routes/depthCharts.js
FN:91,(anonymous_0)
FN:123,(anonymous_1)
FN:183,(anonymous_2)
FN:290,(anonymous_3)
FN:400,(anonymous_4)
FN:482,(anonymous_5)
FN:555,(anonymous_6)
FN:629,(anonymous_7)
FN:694,(anonymous_8)
FN:765,(anonymous_9)
FN:886,(anonymous_10)
FN:961,(anonymous_11)
FN:990,(anonymous_12)
FN:1048,(anonymous_13)
FN:1077,(anonymous_14)
FN:1159,(anonymous_15)
FN:1204,(anonymous_16)
FN:1222,(anonymous_17)
FN:1269,(anonymous_18)
FN:1302,getPositionMatchScore
FN:1370,getPerformanceScore
FN:1459,(anonymous_21)
FN:1504,(anonymous_22)
FN:1522,(anonymous_23)
FN:1567,(anonymous_24)
FN:1613,(anonymous_25)
FN:1719,(anonymous_26)
FNF:27
FNH:0
FNDA:0,(anonymous_0)
FNDA:0,(anonymous_1)
FNDA:0,(anonymous_2)
FNDA:0,(anonymous_3)
FNDA:0,(anonymous_4)
FNDA:0,(anonymous_5)
FNDA:0,(anonymous_6)
FNDA:0,(anonymous_7)
FNDA:0,(anonymous_8)
FNDA:0,(anonymous_9)
FNDA:0,(anonymous_10)
FNDA:0,(anonymous_11)
FNDA:0,(anonymous_12)
FNDA:0,(anonymous_13)
FNDA:0,(anonymous_14)
FNDA:0,(anonymous_15)
FNDA:0,(anonymous_16)
FNDA:0,(anonymous_17)
FNDA:0,(anonymous_18)
FNDA:0,getPositionMatchScore
FNDA:0,getPerformanceScore
FNDA:0,(anonymous_21)
FNDA:0,(anonymous_22)
FNDA:0,(anonymous_23)
FNDA:0,(anonymous_24)
FNDA:0,(anonymous_25)
FNDA:0,(anonymous_26)
DA:26,21
DA:27,21
DA:28,21
DA:29,21
DA:37,21
DA:39,21
DA:43,21
DA:50,21
DA:63,21
DA:78,21
DA:91,21
DA:92,0
DA:93,0
DA:94,0
DA:100,0
DA:123,21
DA:124,0
DA:126,0
DA:148,0
DA:154,0
DA:155,0
DA:183,21
DA:184,0
DA:186,0
DA:235,0
DA:236,0
DA:242,0
DA:247,0
DA:248,0
DA:286,21
DA:291,0
DA:292,0
DA:296,0
DA:297,0
DA:304,0
DA:315,0
DA:317,0
DA:331,0
DA:333,0
DA:334,0
DA:342,0
DA:352,0
DA:357,0
DA:358,0
DA:395,21
DA:401,0
DA:403,0
DA:413,0
DA:414,0
DA:420,0
DA:424,0
DA:425,0
DA:432,0
DA:442,0
DA:447,0
DA:448,0
DA:478,21
DA:483,0
DA:485,0
DA:495,0
DA:496,0
DA:504,0
DA:506,0
DA:511,0
DA:512,0
DA:550,21
DA:556,0
DA:558,0
DA:567,0
DA:568,0
DA:575,0
DA:580,0
DA:585,0
DA:586,0
DA:624,21
DA:630,0
DA:632,0
DA:644,0
DA:645,0
DA:652,0
DA:654,0
DA:659,0
DA:660,0
DA:690,21
DA:695,0
DA:697,0
DA:709,0
DA:710,0
DA:717,0
DA:719,0
DA:724,0
DA:725,0
DA:760,21
DA:766,0
DA:767,0
DA:770,0
DA:782,0
DA:783,0
DA:790,0
DA:799,0
DA:800,0
DA:808,0
DA:818,0
DA:819,0
DA:826,0
DA:837,0
DA:846,0
DA:851,0
DA:852,0
DA:882,21
DA:887,0
DA:889,0
DA:906,0
DA:907,0
DA:914,0
DA:916,0
DA:921,0
DA:922,0
DA:957,21
DA:962,0
DA:964,0
DA:973,0
DA:974,0
DA:981,0
DA:990,0
DA:993,0
DA:1010,0
DA:1015,0
DA:1016,0
DA:1044,21
DA:1049,0
DA:1051,0
DA:1060,0
DA:1061,0
DA:1068,0
DA:1077,0
DA:1080,0
DA:1095,0
DA:1100,0
DA:1101,0
DA:1154,21
DA:1160,0
DA:1162,0
DA:1171,0
DA:1172,0
DA:1179,0
DA:1188,0
DA:1189,0
DA:1196,0
DA:1204,0
DA:1207,0
DA:1222,0
DA:1223,0
DA:1224,0
DA:1227,0
DA:1228,0
DA:1229,0
DA:1230,0
DA:1234,0
DA:1235,0
DA:1236,0
DA:1239,0
DA:1240,0
DA:1241,0
DA:1242,0
DA:1244,0
DA:1245,0
DA:1250,0
DA:1251,0
DA:1252,0
DA:1255,0
DA:1256,0
DA:1259,0
DA:1268,0
DA:1269,0
DA:1272,0
DA:1277,0
DA:1278,0
DA:1303,0
DA:1304,0
DA:1307,0
DA:1308,0
DA:1309,0
DA:1310,0
DA:1315,0
DA:1328,0
DA:1331,0
DA:1332,0
DA:1333,0
DA:1334,0
DA:1336,0
DA:1337,0
DA:1340,0
DA:1341,0
DA:1344,0
DA:1371,0
DA:1372,0
DA:1375,0
DA:1377,0
DA:1378,0
DA:1379,0
DA:1380,0
DA:1381,0
DA:1382,0
DA:1386,0
DA:1387,0
DA:1388,0
DA:1392,0
DA:1393,0
DA:1394,0
DA:1395,0
DA:1396,0
DA:1402,0
DA:1403,0
DA:1404,0
DA:1405,0
DA:1406,0
DA:1407,0
DA:1411,0
DA:1412,0
DA:1413,0
DA:1417,0
DA:1418,0
DA:1419,0
DA:1423,0
DA:1424,0
DA:1425,0
DA:1429,0
DA:1454,21
DA:1460,0
DA:1462,0
DA:1471,0
DA:1472,0
DA:1479,0
DA:1488,0
DA:1489,0
DA:1496,0
DA:1504,0
DA:1507,0
DA:1522,0
DA:1523,0
DA:1524,0
DA:1527,0
DA:1528,0
DA:1529,0
DA:1530,0
DA:1534,0
DA:1535,0
DA:1536,0
DA:1539,0
DA:1540,0
DA:1541,0
DA:1542,0
DA:1543,0
DA:1544,0
DA:1550,0
DA:1551,0
DA:1552,0
DA:1554,0
DA:1555,0
DA:1558,0
DA:1566,0
DA:1567,0
DA:1570,0
DA:1575,0
DA:1576,0
DA:1609,21
DA:1614,0
DA:1616,0
DA:1632,0
DA:1633,0
DA:1640,0
DA:1657,0
DA:1658,0
DA:1659,0
DA:1673,0
DA:1679,0
DA:1680,0
DA:1715,21
DA:1720,0
DA:1722,0
DA:1732,0
DA:1733,0
DA:1741,0
DA:1755,0
DA:1760,0
DA:1761,0
DA:1769,21
LF:288
LH:28
BRDA:93,0,0,0
BRDA:93,0,1,0
BRDA:235,1,0,0
BRDA:235,1,1,0
BRDA:296,2,0,0
BRDA:296,2,1,0
BRDA:315,3,0,0
BRDA:315,3,1,0
BRDA:315,4,0,0
BRDA:315,4,1,0
BRDA:331,5,0,0
BRDA:331,5,1,0
BRDA:413,6,0,0
BRDA:413,6,1,0
BRDA:424,7,0,0
BRDA:424,7,1,0
BRDA:424,8,0,0
BRDA:424,8,1,0
BRDA:495,9,0,0
BRDA:495,9,1,0
BRDA:567,10,0,0
BRDA:567,10,1,0
BRDA:644,11,0,0
BRDA:644,11,1,0
BRDA:709,12,0,0
BRDA:709,12,1,0
BRDA:782,13,0,0
BRDA:782,13,1,0
BRDA:799,14,0,0
BRDA:799,14,1,0
BRDA:818,15,0,0
BRDA:818,15,1,0
BRDA:906,16,0,0
BRDA:906,16,1,0
BRDA:973,17,0,0
BRDA:973,17,1,0
BRDA:1060,18,0,0
BRDA:1060,18,1,0
BRDA:1171,19,0,0
BRDA:1171,19,1,0
BRDA:1188,20,0,0
BRDA:1188,20,1,0
BRDA:1227,21,0,0
BRDA:1227,21,1,0
BRDA:1227,22,0,0
BRDA:1227,22,1,0
BRDA:1239,23,0,0
BRDA:1239,23,1,0
BRDA:1242,24,0,0
BRDA:1242,24,1,0
BRDA:1250,25,0,0
BRDA:1250,25,1,0
BRDA:1307,26,0,0
BRDA:1307,26,1,0
BRDA:1328,27,0,0
BRDA:1328,27,1,0
BRDA:1331,28,0,0
BRDA:1331,28,1,0
BRDA:1334,29,0,0
BRDA:1334,29,1,0
BRDA:1334,30,0,0
BRDA:1334,30,1,0
BRDA:1334,30,2,0
BRDA:1375,31,0,0
BRDA:1375,31,1,0
BRDA:1377,32,0,0
BRDA:1377,32,1,0
BRDA:1377,33,0,0
BRDA:1377,33,1,0
BRDA:1380,34,0,0
BRDA:1380,34,1,0
BRDA:1380,35,0,0
BRDA:1380,35,1,0
BRDA:1386,36,0,0
BRDA:1386,36,1,0
BRDA:1386,37,0,0
BRDA:1386,37,1,0
BRDA:1392,38,0,0
BRDA:1392,38,1,0
BRDA:1392,39,0,0
BRDA:1392,39,1,0
BRDA:1394,40,0,0
BRDA:1394,40,1,0
BRDA:1402,41,0,0
BRDA:1402,41,1,0
BRDA:1402,42,0,0
BRDA:1402,42,1,0
BRDA:1405,43,0,0
BRDA:1405,43,1,0
BRDA:1405,44,0,0
BRDA:1405,44,1,0
BRDA:1411,45,0,0
BRDA:1411,45,1,0
BRDA:1411,46,0,0
BRDA:1411,46,1,0
BRDA:1417,47,0,0
BRDA:1417,47,1,0
BRDA:1417,48,0,0
BRDA:1417,48,1,0
BRDA:1423,49,0,0
BRDA:1423,49,1,0
BRDA:1423,50,0,0
BRDA:1423,50,1,0
BRDA:1471,51,0,0
BRDA:1471,51,1,0
BRDA:1488,52,0,0
BRDA:1488,52,1,0
BRDA:1527,53,0,0
BRDA:1527,53,1,0
BRDA:1527,54,0,0
BRDA:1527,54,1,0
BRDA:1539,55,0,0
BRDA:1539,55,1,0
BRDA:1542,56,0,0
BRDA:1542,56,1,0
BRDA:1550,57,0,0
BRDA:1550,57,1,0
BRDA:1632,58,0,0
BRDA:1632,58,1,0
BRDA:1657,59,0,0
BRDA:1657,59,1,0
BRDA:1732,60,0,0
BRDA:1732,60,1,0
BRF:123
BRH:0
end_of_record
TN:
SF:src/routes/games.js
FN:56,(anonymous_0)
FN:134,(anonymous_1)
FN:217,(anonymous_2)
FN:281,(anonymous_3)
FN:353,(anonymous_4)
FN:418,(anonymous_5)
FN:475,(anonymous_6)
FN:540,(anonymous_7)
FN:557,(anonymous_8)
FN:558,(anonymous_9)
FN:559,(anonymous_10)
FN:561,(anonymous_11)
FN:563,(anonymous_12)
FN:564,(anonymous_13)
FN:566,(anonymous_14)
FN:567,(anonymous_15)
FN:606,(anonymous_16)
FN:683,(anonymous_17)
FN:703,(anonymous_18)
FN:740,(anonymous_19)
FN:800,(anonymous_20)
FN:837,(anonymous_21)
FN:849,(anonymous_22)
FN:850,(anonymous_23)
FN:851,(anonymous_24)
FN:852,(anonymous_25)
FN:853,(anonymous_26)
FNF:27
FNH:0
FNDA:0,(anonymous_0)
FNDA:0,(anonymous_1)
FNDA:0,(anonymous_2)
FNDA:0,(anonymous_3)
FNDA:0,(anonymous_4)
FNDA:0,(anonymous_5)
FNDA:0,(anonymous_6)
FNDA:0,(anonymous_7)
FNDA:0,(anonymous_8)
FNDA:0,(anonymous_9)
FNDA:0,(anonymous_10)
FNDA:0,(anonymous_11)
FNDA:0,(anonymous_12)
FNDA:0,(anonymous_13)
FNDA:0,(anonymous_14)
FNDA:0,(anonymous_15)
FNDA:0,(anonymous_16)
FNDA:0,(anonymous_17)
FNDA:0,(anonymous_18)
FNDA:0,(anonymous_19)
FNDA:0,(anonymous_20)
FNDA:0,(anonymous_21)
FNDA:0,(anonymous_22)
FNDA:0,(anonymous_23)
FNDA:0,(anonymous_24)
FNDA:0,(anonymous_25)
FNDA:0,(anonymous_26)
DA:36,21
DA:37,21
DA:38,21
DA:39,21
DA:40,21
DA:42,21
DA:46,21
DA:56,21
DA:57,0
DA:58,0
DA:59,0
DA:65,0
DA:87,21
DA:134,21
DA:135,0
DA:137,0
DA:138,0
DA:139,0
DA:142,0
DA:147,0
DA:148,0
DA:152,0
DA:153,0
DA:157,0
DA:173,0
DA:184,0
DA:185,0
DA:217,21
DA:218,0
DA:220,0
DA:237,0
DA:238,0
DA:241,0
DA:243,0
DA:244,0
DA:281,21
DA:282,0
DA:285,0
DA:292,0
DA:303,0
DA:309,0
DA:310,0
DA:349,21
DA:354,0
DA:356,0
DA:365,0
DA:366,0
DA:370,0
DA:373,0
DA:384,0
DA:390,0
DA:391,0
DA:414,21
DA:419,0
DA:421,0
DA:430,0
DA:431,0
DA:436,0
DA:438,0
DA:440,0
DA:441,0
DA:471,21
DA:476,0
DA:478,0
DA:481,0
DA:498,0
DA:500,0
DA:501,0
DA:540,21
DA:541,0
DA:544,0
DA:553,0
DA:557,0
DA:558,0
DA:559,0
DA:561,0
DA:563,0
DA:564,0
DA:566,0
DA:567,0
DA:570,0
DA:572,0
DA:573,0
DA:602,21
DA:607,0
DA:609,0
DA:611,0
DA:614,0
DA:635,0
DA:637,0
DA:638,0
DA:679,21
DA:684,0
DA:686,0
DA:691,0
DA:692,0
DA:696,0
DA:703,0
DA:705,0
DA:708,0
DA:709,0
DA:721,0
DA:724,0
DA:725,0
DA:726,0
DA:727,0
DA:728,0
DA:729,0
DA:733,0
DA:734,0
DA:736,0
DA:740,0
DA:742,0
DA:744,0
DA:745,0
DA:749,0
DA:751,0
DA:752,0
DA:800,21
DA:801,0
DA:802,0
DA:803,0
DA:806,0
DA:811,0
DA:812,0
DA:818,0
DA:833,0
DA:837,0
DA:849,0
DA:850,0
DA:851,0
DA:852,0
DA:853,0
DA:857,0
DA:862,0
DA:863,0
DA:870,21
LF:137
LH:20
BRDA:58,0,0,0
BRDA:58,0,1,0
BRDA:137,1,0,0
BRDA:137,1,1,0
BRDA:138,2,0,0
BRDA:138,2,1,0
BRDA:147,3,0,0
BRDA:147,3,1,0
BRDA:152,4,0,0
BRDA:152,4,1,0
BRDA:237,5,0,0
BRDA:237,5,1,0
BRDA:365,6,0,0
BRDA:365,6,1,0
BRDA:430,7,0,0
BRDA:430,7,1,0
BRDA:478,8,0,0
BRDA:478,8,1,0
BRDA:561,9,0,0
BRDA:561,9,1,0
BRDA:563,10,0,0
BRDA:563,10,1,0
BRDA:564,11,0,0
BRDA:564,11,1,0
BRDA:566,12,0,0
BRDA:566,12,1,0
BRDA:566,13,0,0
BRDA:566,13,1,0
BRDA:567,14,0,0
BRDA:567,14,1,0
BRDA:567,15,0,0
BRDA:567,15,1,0
BRDA:609,16,0,0
BRDA:609,16,1,0
BRDA:691,17,0,0
BRDA:691,17,1,0
BRDA:705,18,0,0
BRDA:705,18,1,0
BRDA:708,19,0,0
BRDA:708,19,1,0
BRDA:724,20,0,0
BRDA:724,20,1,0
BRDA:726,21,0,0
BRDA:726,21,1,0
BRDA:728,22,0,0
BRDA:728,22,1,0
BRDA:733,23,0,0
BRDA:733,23,1,0
BRDA:734,24,0,0
BRDA:734,24,1,0
BRDA:742,25,0,0
BRDA:742,25,1,0
BRDA:744,26,0,0
BRDA:744,26,1,0
BRDA:745,27,0,0
BRDA:745,27,1,0
BRDA:811,28,0,0
BRDA:811,28,1,0
BRF:58
BRH:0
end_of_record
TN:
SF:src/routes/highSchoolCoaches.js
FN:124,(anonymous_0)
FN:263,(anonymous_1)
FN:382,(anonymous_2)
FN:502,(anonymous_3)
FN:586,(anonymous_4)
FNF:5
FNH:0
FNDA:0,(anonymous_0)
FNDA:0,(anonymous_1)
FNDA:0,(anonymous_2)
FNDA:0,(anonymous_3)
FNDA:0,(anonymous_4)
DA:47,21
DA:48,21
DA:49,21
DA:50,21
DA:51,21
DA:52,21
DA:54,21
DA:58,21
DA:115,21
DA:125,0
DA:127,0
DA:128,0
DA:129,0
DA:145,0
DA:148,0
DA:152,0
DA:157,0
DA:158,0
DA:162,0
DA:163,0
DA:167,0
DA:168,0
DA:172,0
DA:173,0
DA:178,0
DA:179,0
DA:190,0
DA:205,0
DA:217,0
DA:218,0
DA:263,21
DA:264,0
DA:267,0
DA:282,0
DA:283,0
DA:290,0
DA:296,0
DA:297,0
DA:358,21
DA:383,0
DA:385,0
DA:386,0
DA:387,0
DA:396,0
DA:404,0
DA:415,0
DA:421,0
DA:422,0
DA:477,21
DA:503,0
DA:505,0
DA:506,0
DA:507,0
DA:516,0
DA:524,0
DA:525,0
DA:533,0
DA:536,0
DA:547,0
DA:553,0
DA:554,0
DA:586,21
DA:587,0
DA:590,0
DA:598,0
DA:599,0
DA:607,0
DA:610,0
DA:616,0
DA:617,0
DA:624,21
LF:71
LH:14
BRDA:128,0,0,0
BRDA:128,0,1,0
BRDA:142,1,0,0
BRDA:143,2,0,0
BRDA:144,3,0,0
BRDA:157,4,0,0
BRDA:157,4,1,0
BRDA:162,5,0,0
BRDA:162,5,1,0
BRDA:167,6,0,0
BRDA:167,6,1,0
BRDA:172,7,0,0
BRDA:172,7,1,0
BRDA:178,8,0,0
BRDA:178,8,1,0
BRDA:282,9,0,0
BRDA:282,9,1,0
BRDA:386,10,0,0
BRDA:386,10,1,0
BRDA:506,11,0,0
BRDA:506,11,1,0
BRDA:524,12,0,0
BRDA:524,12,1,0
BRDA:598,13,0,0
BRDA:598,13,1,0
BRF:25
BRH:0
end_of_record
TN:
SF:src/routes/integrations.js
FN:11,(anonymous_0)
FN:24,(anonymous_1)
FN:43,(anonymous_2)
FN:82,(anonymous_3)
FN:133,(anonymous_4)
FN:164,(anonymous_5)
FN:188,(anonymous_6)
FN:207,(anonymous_7)
FN:226,(anonymous_8)
FN:251,(anonymous_9)
FN:276,(anonymous_10)
FN:295,(anonymous_11)
FN:314,(anonymous_12)
FN:333,(anonymous_13)
FNF:14
FNH:0
FNDA:0,(anonymous_0)
FNDA:0,(anonymous_1)
FNDA:0,(anonymous_2)
FNDA:0,(anonymous_3)
FNDA:0,(anonymous_4)
FNDA:0,(anonymous_5)
FNDA:0,(anonymous_6)
FNDA:0,(anonymous_7)
FNDA:0,(anonymous_8)
FNDA:0,(anonymous_9)
FNDA:0,(anonymous_10)
FNDA:0,(anonymous_11)
FNDA:0,(anonymous_12)
FNDA:0,(anonymous_13)
DA:1,21
DA:2,21
DA:3,21
DA:4,21
DA:5,21
DA:6,21
DA:7,21
DA:8,21
DA:11,21
DA:12,0
DA:13,0
DA:14,0
DA:20,0
DA:24,21
DA:25,0
DA:26,0
DA:27,0
DA:28,0
DA:33,0
DA:35,0
DA:43,21
DA:44,0
DA:45,0
DA:46,0
DA:47,0
DA:53,0
DA:55,0
DA:65,0
DA:66,0
DA:74,21
DA:83,0
DA:84,0
DA:87,0
DA:88,0
DA:89,0
DA:96,0
DA:101,0
DA:102,0
DA:108,0
DA:116,0
DA:117,0
DA:126,21
DA:134,0
DA:135,0
DA:137,0
DA:139,0
DA:140,0
DA:148,0
DA:154,0
DA:155,0
DA:164,21
DA:165,0
DA:166,0
DA:167,0
DA:174,0
DA:179,0
DA:180,0
DA:188,21
DA:189,0
DA:190,0
DA:191,0
DA:193,0
DA:198,0
DA:199,0
DA:207,21
DA:208,0
DA:209,0
DA:210,0
DA:212,0
DA:217,0
DA:218,0
DA:226,21
DA:227,0
DA:228,0
DA:229,0
DA:231,0
DA:236,0
DA:237,0
DA:245,21
DA:252,0
DA:253,0
DA:255,0
DA:256,0
DA:261,0
DA:266,0
DA:267,0
DA:276,21
DA:277,0
DA:278,0
DA:280,0
DA:286,0
DA:287,0
DA:295,21
DA:296,0
DA:297,0
DA:299,0
DA:305,0
DA:306,0
DA:314,21
DA:315,0
DA:316,0
DA:318,0
DA:324,0
DA:325,0
DA:333,21
DA:334,0
DA:335,0
DA:337,0
DA:338,0
DA:339,0
DA:341,0
DA:342,0
DA:344,0
DA:345,0
DA:348,0
DA:354,0
DA:355,0
DA:362,21
LF:118
LH:23
BRDA:13,0,0,0
BRDA:13,0,1,0
BRDA:27,1,0,0
BRDA:27,1,1,0
BRDA:46,2,0,0
BRDA:46,2,1,0
BRDA:88,3,0,0
BRDA:88,3,1,0
BRDA:104,4,0,0
BRDA:104,4,1,0
BRDA:105,5,0,0
BRDA:105,5,1,0
BRDA:119,6,0,0
BRDA:119,6,1,0
BRDA:139,7,0,0
BRDA:139,7,1,0
BRDA:157,8,0,0
BRDA:157,8,1,0
BRDA:195,9,0,0
BRDA:195,9,1,0
BRDA:201,10,0,0
BRDA:201,10,1,0
BRDA:214,11,0,0
BRDA:214,11,1,0
BRDA:220,12,0,0
BRDA:220,12,1,0
BRDA:233,13,0,0
BRDA:233,13,1,0
BRDA:239,14,0,0
BRDA:239,14,1,0
BRDA:289,15,0,0
BRDA:289,15,1,0
BRDA:308,16,0,0
BRDA:308,16,1,0
BRDA:327,17,0,0
BRDA:327,17,1,0
BRDA:338,18,0,0
BRDA:338,18,1,0
BRDA:341,19,0,0
BRDA:341,19,1,0
BRDA:344,20,0,0
BRDA:344,20,1,0
BRDA:357,21,0,0
BRDA:357,21,1,0
BRF:44
BRH:0
end_of_record
TN:
SF:src/routes/locations.js
FN:155,(anonymous_0)
FN:220,(anonymous_1)
FN:348,(anonymous_2)
FN:447,(anonymous_3)
FN:550,(anonymous_4)
FN:663,(anonymous_5)
FNF:6
FNH:0
FNDA:0,(anonymous_0)
FNDA:0,(anonymous_1)
FNDA:0,(anonymous_2)
FNDA:0,(anonymous_3)
FNDA:0,(anonymous_4)
FNDA:0,(anonymous_5)
DA:63,21
DA:64,21
DA:65,21
DA:66,21
DA:67,21
DA:68,21
DA:70,21
DA:92,21
DA:127,21
DA:155,21
DA:156,0
DA:157,0
DA:158,0
DA:164,0
DA:169,21
DA:220,21
DA:221,0
DA:223,0
DA:227,0
DA:233,0
DA:234,0
DA:242,0
DA:243,0
DA:248,0
DA:249,0
DA:253,0
DA:254,0
DA:258,0
DA:262,0
DA:277,0
DA:289,0
DA:290,0
DA:348,21
DA:349,0
DA:351,0
DA:352,0
DA:353,0
DA:362,0
DA:377,0
DA:378,0
DA:385,0
DA:391,0
DA:392,0
DA:447,21
DA:448,0
DA:451,0
DA:459,0
DA:460,0
DA:468,0
DA:476,0
DA:487,0
DA:494,0
DA:495,0
DA:545,21
DA:551,0
DA:554,0
DA:562,0
DA:563,0
DA:571,0
DA:572,0
DA:581,0
DA:582,0
DA:591,0
DA:595,0
DA:606,0
DA:613,0
DA:614,0
DA:659,21
DA:664,0
DA:667,0
DA:675,0
DA:676,0
DA:685,0
DA:686,0
DA:696,0
DA:697,0
DA:705,0
DA:708,0
DA:714,0
DA:715,0
DA:723,21
LF:81
LH:17
BRDA:157,0,0,0
BRDA:157,0,1,0
BRDA:223,1,0,0
BRDA:223,2,0,0
BRDA:233,3,0,0
BRDA:233,3,1,0
BRDA:242,4,0,0
BRDA:242,4,1,0
BRDA:248,5,0,0
BRDA:248,5,1,0
BRDA:253,6,0,0
BRDA:253,6,1,0
BRDA:352,7,0,0
BRDA:352,7,1,0
BRDA:377,8,0,0
BRDA:377,8,1,0
BRDA:459,9,0,0
BRDA:459,9,1,0
BRDA:562,10,0,0
BRDA:562,10,1,0
BRDA:571,11,0,0
BRDA:571,11,1,0
BRDA:571,12,0,0
BRDA:571,12,1,0
BRDA:581,13,0,0
BRDA:581,13,1,0
BRDA:675,14,0,0
BRDA:675,14,1,0
BRDA:696,15,0,0
BRDA:696,15,1,0
BRF:30
BRH:0
end_of_record
TN:
SF:src/routes/players.js
FN:63,(anonymous_0)
FN:179,(anonymous_1)
FN:290,(anonymous_2)
FN:406,(anonymous_3)
FN:500,(anonymous_4)
FN:554,(anonymous_5)
FN:654,(anonymous_6)
FN:763,(anonymous_7)
FN:790,(anonymous_8)
FN:791,(anonymous_9)
FN:812,(anonymous_10)
FN:864,(anonymous_11)
FN:928,(anonymous_12)
FNF:13
FNH:0
FNDA:0,(anonymous_0)
FNDA:0,(anonymous_1)
FNDA:0,(anonymous_2)
FNDA:0,(anonymous_3)
FNDA:0,(anonymous_4)
FNDA:0,(anonymous_5)
FNDA:0,(anonymous_6)
FNDA:0,(anonymous_7)
FNDA:0,(anonymous_8)
FNDA:0,(anonymous_9)
FNDA:0,(anonymous_10)
FNDA:0,(anonymous_11)
FNDA:0,(anonymous_12)
DA:15,21
DA:16,21
DA:17,21
DA:18,21
DA:19,21
DA:20,21
DA:21,21
DA:22,21
DA:23,21
DA:24,21
DA:26,21
DA:30,21
DA:63,21
DA:64,0
DA:66,0
DA:67,0
DA:68,0
DA:84,0
DA:87,0
DA:90,0
DA:95,0
DA:96,0
DA:99,0
DA:100,0
DA:103,0
DA:104,0
DA:108,0
DA:109,0
DA:119,0
DA:122,0
DA:140,0
DA:152,0
DA:153,0
DA:179,21
DA:180,0
DA:182,0
DA:212,0
DA:213,0
DA:219,0
DA:224,0
DA:225,0
DA:269,21
DA:291,0
DA:293,0
DA:294,0
DA:295,0
DA:303,0
DA:310,0
DA:311,0
DA:315,0
DA:318,0
DA:332,0
DA:337,0
DA:338,0
DA:385,21
DA:407,0
DA:409,0
DA:410,0
DA:411,0
DA:419,0
DA:428,0
DA:429,0
DA:436,0
DA:439,0
DA:441,0
DA:442,0
DA:443,0
DA:444,0
DA:448,0
DA:452,0
DA:455,0
DA:469,0
DA:474,0
DA:475,0
DA:500,21
DA:501,0
DA:503,0
DA:512,0
DA:513,0
DA:521,0
DA:523,0
DA:528,0
DA:529,0
DA:554,21
DA:555,0
DA:557,0
DA:566,0
DA:575,0
DA:576,0
DA:579,0
DA:596,0
DA:611,0
DA:613,0
DA:623,0
DA:624,0
DA:654,21
DA:655,0
DA:657,0
DA:678,0
DA:679,0
DA:687,0
DA:726,0
DA:731,0
DA:732,0
DA:758,21
DA:764,0
DA:766,0
DA:767,0
DA:768,0
DA:775,0
DA:779,0
DA:790,0
DA:791,0
DA:794,0
DA:805,0
DA:811,0
DA:812,0
DA:818,0
DA:820,0
DA:821,0
DA:861,21
DA:865,0
DA:867,0
DA:868,0
DA:869,0
DA:884,0
DA:887,0
DA:892,0
DA:893,0
DA:896,0
DA:897,0
DA:900,0
DA:901,0
DA:905,0
DA:928,0
DA:929,0
DA:932,0
DA:933,0
DA:934,0
DA:935,0
DA:936,0
DA:937,0
DA:938,0
DA:939,0
DA:940,0
DA:943,0
DA:944,0
DA:947,0
DA:951,0
DA:952,0
DA:954,0
DA:957,0
DA:960,0
DA:981,0
DA:989,0
DA:998,0
DA:1011,0
DA:1018,0
DA:1019,0
DA:1026,21
LF:160
LH:22
BRDA:67,0,0,0
BRDA:67,0,1,0
BRDA:82,1,0,0
BRDA:83,2,0,0
BRDA:95,3,0,0
BRDA:95,3,1,0
BRDA:99,4,0,0
BRDA:99,4,1,0
BRDA:103,5,0,0
BRDA:103,5,1,0
BRDA:108,6,0,0
BRDA:108,6,1,0
BRDA:212,7,0,0
BRDA:212,7,1,0
BRDA:294,8,0,0
BRDA:294,8,1,0
BRDA:310,9,0,0
BRDA:310,9,1,0
BRDA:410,10,0,0
BRDA:410,10,1,0
BRDA:428,11,0,0
BRDA:428,11,1,0
BRDA:439,12,0,0
BRDA:439,12,1,0
BRDA:441,13,0,0
BRDA:441,13,1,0
BRDA:443,14,0,0
BRDA:443,14,1,0
BRDA:512,15,0,0
BRDA:512,15,1,0
BRDA:611,16,0,0
BRDA:611,16,1,0
BRDA:678,17,0,0
BRDA:678,17,1,0
BRDA:694,18,0,0
BRDA:694,18,1,0
BRDA:695,19,0,0
BRDA:695,19,1,0
BRDA:696,20,0,0
BRDA:696,20,1,0
BRDA:697,21,0,0
BRDA:697,21,1,0
BRDA:698,22,0,0
BRDA:698,22,1,0
BRDA:699,23,0,0
BRDA:699,23,1,0
BRDA:700,24,0,0
BRDA:700,24,1,0
BRDA:701,25,0,0
BRDA:701,25,1,0
BRDA:702,26,0,0
BRDA:702,26,1,0
BRDA:703,27,0,0
BRDA:703,27,1,0
BRDA:704,28,0,0
BRDA:704,28,1,0
BRDA:705,29,0,0
BRDA:705,29,1,0
BRDA:706,30,0,0
BRDA:706,30,1,0
BRDA:707,31,0,0
BRDA:707,31,1,0
BRDA:711,32,0,0
BRDA:711,32,1,0
BRDA:712,33,0,0
BRDA:712,33,1,0
BRDA:713,34,0,0
BRDA:713,34,1,0
BRDA:714,35,0,0
BRDA:714,35,1,0
BRDA:715,36,0,0
BRDA:715,36,1,0
BRDA:716,37,0,0
BRDA:716,37,1,0
BRDA:717,38,0,0
BRDA:717,38,1,0
BRDA:718,39,0,0
BRDA:718,39,1,0
BRDA:719,40,0,0
BRDA:719,40,1,0
BRDA:720,41,0,0
BRDA:720,41,1,0
BRDA:721,42,0,0
BRDA:721,42,1,0
BRDA:722,43,0,0
BRDA:722,43,1,0
BRDA:767,44,0,0
BRDA:767,44,1,0
BRDA:811,45,0,0
BRDA:811,45,1,0
BRDA:868,46,0,0
BRDA:868,46,1,0
BRDA:880,47,0,0
BRDA:881,48,0,0
BRDA:882,49,0,0
BRDA:883,50,0,0
BRDA:892,51,0,0
BRDA:892,51,1,0
BRDA:896,52,0,0
BRDA:896,52,1,0
BRDA:900,53,0,0
BRDA:900,53,1,0
BRDA:932,54,0,0
BRDA:932,54,1,0
BRDA:933,55,0,0
BRDA:933,55,1,0
BRDA:934,56,0,0
BRDA:934,56,1,0
BRDA:935,57,0,0
BRDA:935,57,1,0
BRDA:936,58,0,0
BRDA:936,58,1,0
BRDA:937,59,0,0
BRDA:937,59,1,0
BRDA:938,60,0,0
BRDA:938,60,1,0
BRDA:939,61,0,0
BRDA:939,61,1,0
BRDA:940,62,0,0
BRDA:940,62,1,0
BRDA:944,63,0,0
BRDA:944,63,1,0
BRDA:947,64,0,0
BRDA:947,64,1,0
BRDA:952,65,0,0
BRDA:952,65,1,0
BRDA:954,66,0,0
BRDA:954,66,1,0
BRDA:1000,67,0,0
BRDA:1000,67,1,0
BRDA:1001,68,0,0
BRDA:1001,68,1,0
BRF:132
BRH:0
end_of_record
TN:
SF:src/routes/recruits.js
FN:131,(anonymous_0)
FN:296,(anonymous_1)
FN:448,(anonymous_2)
FN:597,(anonymous_3)
FN:686,(anonymous_4)
FNF:5
FNH:0
FNDA:0,(anonymous_0)
FNDA:0,(anonymous_1)
FNDA:0,(anonymous_2)
FNDA:0,(anonymous_3)
FNDA:0,(anonymous_4)
DA:50,21
DA:51,21
DA:52,21
DA:53,21
DA:54,21
DA:55,21
DA:57,21
DA:61,21
DA:124,21
DA:132,0
DA:134,0
DA:135,0
DA:136,0
DA:150,0
DA:153,0
DA:159,0
DA:167,0
DA:168,0
DA:173,0
DA:174,0
DA:179,0
DA:180,0
DA:192,0
DA:208,0
DA:220,0
DA:221,0
DA:290,21
DA:297,0
DA:299,0
DA:300,0
DA:301,0
DA:314,0
DA:317,0
DA:321,0
DA:326,0
DA:327,0
DA:332,0
DA:333,0
DA:338,0
DA:357,0
DA:369,0
DA:370,0
DA:434,21
DA:449,0
DA:451,0
DA:452,0
DA:453,0
DA:461,0
DA:465,0
DA:473,0
DA:474,0
DA:483,0
DA:492,0
DA:493,0
DA:501,0
DA:510,0
DA:525,0
DA:531,0
DA:532,0
DA:579,21
DA:598,0
DA:600,0
DA:601,0
DA:602,0
DA:611,0
DA:619,0
DA:620,0
DA:628,0
DA:631,0
DA:646,0
DA:652,0
DA:653,0
DA:686,21
DA:687,0
DA:690,0
DA:698,0
DA:699,0
DA:708,0
DA:711,0
DA:717,0
DA:718,0
DA:725,21
LF:82
LH:14
BRDA:135,0,0,0
BRDA:135,0,1,0
BRDA:148,1,0,0
BRDA:149,2,0,0
BRDA:167,3,0,0
BRDA:167,3,1,0
BRDA:173,4,0,0
BRDA:173,4,1,0
BRDA:179,5,0,0
BRDA:179,5,1,0
BRDA:300,6,0,0
BRDA:300,6,1,0
BRDA:312,7,0,0
BRDA:313,8,0,0
BRDA:326,9,0,0
BRDA:326,9,1,0
BRDA:332,10,0,0
BRDA:332,10,1,0
BRDA:452,11,0,0
BRDA:452,11,1,0
BRDA:473,12,0,0
BRDA:473,12,1,0
BRDA:492,13,0,0
BRDA:492,13,1,0
BRDA:601,14,0,0
BRDA:601,14,1,0
BRDA:619,15,0,0
BRDA:619,15,1,0
BRDA:698,16,0,0
BRDA:698,16,1,0
BRF:30
BRH:0
end_of_record
TN:
SF:src/routes/reports.js
FN:114,(anonymous_0)
FN:157,(anonymous_1)
FN:225,(anonymous_2)
FN:313,(anonymous_3)
FN:372,(anonymous_4)
FN:438,(anonymous_5)
FN:492,(anonymous_6)
FN:548,(anonymous_7)
FN:617,(anonymous_8)
FN:715,(anonymous_9)
FN:742,(anonymous_10)
FN:743,(anonymous_11)
FN:746,(anonymous_12)
FN:752,(anonymous_13)
FN:753,(anonymous_14)
FN:756,(anonymous_15)
FN:761,(anonymous_16)
FN:762,(anonymous_17)
FN:814,(anonymous_18)
FN:890,(anonymous_19)
FN:933,(anonymous_20)
FN:985,(anonymous_21)
FN:1026,(anonymous_22)
FN:1027,(anonymous_23)
FN:1074,(anonymous_24)
FN:1098,(anonymous_25)
FN:1099,(anonymous_26)
FN:1100,(anonymous_27)
FN:1101,(anonymous_28)
FN:1105,(anonymous_29)
FN:1106,(anonymous_30)
FN:1107,(anonymous_31)
FN:1108,(anonymous_32)
FN:1153,(anonymous_33)
FN:1187,(anonymous_34)
FN:1200,(anonymous_35)
FN:1200,(anonymous_36)
FN:1202,(anonymous_37)
FN:1216,(anonymous_38)
FN:1264,(anonymous_39)
FN:1291,(anonymous_40)
FN:1292,(anonymous_41)
FN:1293,(anonymous_42)
FN:1294,(anonymous_43)
FN:1297,(anonymous_44)
FN:1298,(anonymous_45)
FN:1299,(anonymous_46)
FN:1300,(anonymous_47)
FN:1307,(anonymous_48)
FN:1352,(anonymous_49)
FN:1396,(anonymous_50)
FN:1445,(anonymous_51)
FN:1532,(anonymous_52)
FN:1601,(anonymous_53)
FNF:54
FNH:0
FNDA:0,(anonymous_0)
FNDA:0,(anonymous_1)
FNDA:0,(anonymous_2)
FNDA:0,(anonymous_3)
FNDA:0,(anonymous_4)
FNDA:0,(anonymous_5)
FNDA:0,(anonymous_6)
FNDA:0,(anonymous_7)
FNDA:0,(anonymous_8)
FNDA:0,(anonymous_9)
FNDA:0,(anonymous_10)
FNDA:0,(anonymous_11)
FNDA:0,(anonymous_12)
FNDA:0,(anonymous_13)
FNDA:0,(anonymous_14)
FNDA:0,(anonymous_15)
FNDA:0,(anonymous_16)
FNDA:0,(anonymous_17)
FNDA:0,(anonymous_18)
FNDA:0,(anonymous_19)
FNDA:0,(anonymous_20)
FNDA:0,(anonymous_21)
FNDA:0,(anonymous_22)
FNDA:0,(anonymous_23)
FNDA:0,(anonymous_24)
FNDA:0,(anonymous_25)
FNDA:0,(anonymous_26)
FNDA:0,(anonymous_27)
FNDA:0,(anonymous_28)
FNDA:0,(anonymous_29)
FNDA:0,(anonymous_30)
FNDA:0,(anonymous_31)
FNDA:0,(anonymous_32)
FNDA:0,(anonymous_33)
FNDA:0,(anonymous_34)
FNDA:0,(anonymous_35)
FNDA:0,(anonymous_36)
FNDA:0,(anonymous_37)
FNDA:0,(anonymous_38)
FNDA:0,(anonymous_39)
FNDA:0,(anonymous_40)
FNDA:0,(anonymous_41)
FNDA:0,(anonymous_42)
FNDA:0,(anonymous_43)
FNDA:0,(anonymous_44)
FNDA:0,(anonymous_45)
FNDA:0,(anonymous_46)
FNDA:0,(anonymous_47)
FNDA:0,(anonymous_48)
FNDA:0,(anonymous_49)
FNDA:0,(anonymous_50)
FNDA:0,(anonymous_51)
FNDA:0,(anonymous_52)
FNDA:0,(anonymous_53)
DA:46,21
DA:47,21
DA:48,21
DA:49,21
DA:50,21
DA:51,21
DA:53,21
DA:72,21
DA:97,21
DA:114,21
DA:115,0
DA:116,0
DA:117,0
DA:123,0
DA:128,21
DA:157,21
DA:158,0
DA:160,0
DA:177,0
DA:183,0
DA:184,0
DA:225,21
DA:226,0
DA:227,0
DA:228,0
DA:231,0
DA:232,0
DA:233,0
DA:236,0
DA:239,0
DA:240,0
DA:244,0
DA:245,0
DA:251,0
DA:267,0
DA:279,0
DA:280,0
DA:313,21
DA:314,0
DA:316,0
DA:332,0
DA:333,0
DA:339,0
DA:345,0
DA:346,0
DA:372,21
DA:373,0
DA:375,0
DA:391,0
DA:392,0
DA:398,0
DA:404,0
DA:405,0
DA:438,21
DA:439,0
DA:441,0
DA:451,0
DA:458,0
DA:459,0
DA:492,21
DA:493,0
DA:495,0
DA:504,0
DA:505,0
DA:512,0
DA:514,0
DA:521,0
DA:522,0
DA:548,21
DA:549,0
DA:551,0
DA:560,0
DA:561,0
DA:568,0
DA:570,0
DA:576,0
DA:577,0
DA:617,21
DA:618,0
DA:619,0
DA:620,0
DA:623,0
DA:624,0
DA:625,0
DA:632,0
DA:638,0
DA:639,0
DA:645,0
DA:646,0
DA:649,0
DA:652,0
DA:655,0
DA:658,0
DA:669,0
DA:671,0
DA:681,0
DA:682,0
DA:683,0
DA:684,0
DA:715,21
DA:716,0
DA:718,0
DA:721,0
DA:722,0
DA:729,0
DA:734,0
DA:741,0
DA:742,0
DA:743,0
DA:745,0
DA:746,0
DA:751,0
DA:752,0
DA:753,0
DA:755,0
DA:756,0
DA:761,0
DA:762,0
DA:765,0
DA:769,0
DA:785,0
DA:786,0
DA:814,21
DA:815,0
DA:818,0
DA:851,0
DA:861,0
DA:862,0
DA:890,21
DA:891,0
DA:894,0
DA:904,0
DA:905,0
DA:933,21
DA:934,0
DA:937,0
DA:947,0
DA:948,0
DA:985,21
DA:986,0
DA:987,0
DA:988,0
DA:991,0
DA:997,0
DA:998,0
DA:1001,0
DA:1002,0
DA:1006,0
DA:1018,0
DA:1026,0
DA:1027,0
DA:1033,0
DA:1034,0
DA:1074,21
DA:1075,0
DA:1076,0
DA:1077,0
DA:1080,0
DA:1082,0
DA:1083,0
DA:1087,0
DA:1090,0
DA:1095,0
DA:1098,0
DA:1099,0
DA:1100,0
DA:1101,0
DA:1105,0
DA:1106,0
DA:1107,0
DA:1108,0
DA:1113,0
DA:1119,0
DA:1120,0
DA:1153,21
DA:1154,0
DA:1155,0
DA:1157,0
DA:1158,0
DA:1161,0
DA:1162,0
DA:1163,0
DA:1167,0
DA:1178,0
DA:1187,0
DA:1188,0
DA:1195,0
DA:1199,0
DA:1200,0
DA:1201,0
DA:1202,0
DA:1206,0
DA:1216,0
DA:1217,0
DA:1218,0
DA:1219,0
DA:1221,0
DA:1224,0
DA:1230,0
DA:1231,0
DA:1232,0
DA:1233,0
DA:1264,21
DA:1265,0
DA:1266,0
DA:1269,0
DA:1288,0
DA:1291,0
DA:1292,0
DA:1293,0
DA:1294,0
DA:1297,0
DA:1298,0
DA:1299,0
DA:1300,0
DA:1307,0
DA:1308,0
DA:1309,0
DA:1310,0
DA:1312,0
DA:1315,0
DA:1321,0
DA:1322,0
DA:1352,21
DA:1353,0
DA:1354,0
DA:1358,0
DA:1365,0
DA:1366,0
DA:1396,21
DA:1397,0
DA:1398,0
DA:1402,0
DA:1409,0
DA:1410,0
DA:1445,21
DA:1446,0
DA:1447,0
DA:1448,0
DA:1452,0
DA:1459,0
DA:1460,0
DA:1467,0
DA:1474,0
DA:1487,0
DA:1494,0
DA:1495,0
DA:1532,21
DA:1533,0
DA:1535,0
DA:1552,0
DA:1553,0
DA:1559,0
DA:1565,0
DA:1566,0
DA:1601,21
DA:1602,0
DA:1603,0
DA:1606,0
DA:1617,0
DA:1618,0
DA:1626,0
DA:1627,0
DA:1634,0
DA:1635,0
DA:1643,0
DA:1646,0
DA:1659,0
DA:1666,0
DA:1667,0
DA:1674,21
LF:271
LH:33
BRDA:116,0,0,0
BRDA:116,0,1,0
BRDA:231,1,0,0
BRDA:231,1,1,0
BRDA:232,2,0,0
BRDA:232,2,1,0
BRDA:239,3,0,0
BRDA:239,3,1,0
BRDA:244,4,0,0
BRDA:244,4,1,0
BRDA:244,5,0,0
BRDA:244,5,1,0
BRDA:332,6,0,0
BRDA:332,6,1,0
BRDA:391,7,0,0
BRDA:391,7,1,0
BRDA:448,8,0,0
BRDA:448,8,1,0
BRDA:504,9,0,0
BRDA:504,9,1,0
BRDA:560,10,0,0
BRDA:560,10,1,0
BRDA:623,11,0,0
BRDA:623,11,1,0
BRDA:638,12,0,0
BRDA:638,12,1,0
BRDA:638,13,0,0
BRDA:638,13,1,0
BRDA:645,14,0,0
BRDA:645,14,1,0
BRDA:721,15,0,0
BRDA:721,15,1,0
BRDA:743,16,0,0
BRDA:743,16,1,0
BRDA:745,17,0,0
BRDA:745,17,1,0
BRDA:753,18,0,0
BRDA:753,18,1,0
BRDA:755,19,0,0
BRDA:755,19,1,0
BRDA:761,20,0,0
BRDA:761,20,1,0
BRDA:762,21,0,0
BRDA:762,21,1,0
BRDA:765,22,0,0
BRDA:765,22,1,0
BRDA:997,23,0,0
BRDA:997,23,1,0
BRDA:1001,24,0,0
BRDA:1001,24,1,0
BRDA:1026,25,0,0
BRDA:1026,25,1,0
BRDA:1026,26,0,0
BRDA:1026,26,1,0
BRDA:1027,27,0,0
BRDA:1027,27,1,0
BRDA:1027,28,0,0
BRDA:1027,28,1,0
BRDA:1082,29,0,0
BRDA:1082,29,1,0
BRDA:1101,30,0,0
BRDA:1101,30,1,0
BRDA:1110,31,0,0
BRDA:1110,31,1,0
BRDA:1162,32,0,0
BRDA:1162,32,1,0
BRDA:1162,33,0,0
BRDA:1162,33,1,0
BRDA:1195,34,0,0
BRDA:1195,34,1,0
BRDA:1201,35,0,0
BRDA:1201,35,1,0
BRDA:1218,36,0,0
BRDA:1218,36,1,0
BRDA:1300,37,0,0
BRDA:1300,37,1,0
BRDA:1309,38,0,0
BRDA:1309,38,1,0
BRDA:1459,39,0,0
BRDA:1459,39,1,0
BRDA:1552,40,0,0
BRDA:1552,40,1,0
BRDA:1617,41,0,0
BRDA:1617,41,1,0
BRDA:1626,42,0,0
BRDA:1626,42,1,0
BRDA:1626,43,0,0
BRDA:1626,43,1,0
BRDA:1634,44,0,0
BRDA:1634,44,1,0
BRF:90
BRH:0
end_of_record
TN:
SF:src/routes/review-modules.js
FN:34,checkFile
FN:59,(anonymous_1)
FN:68,(anonymous_2)
FN:86,(anonymous_3)
FN:93,(anonymous_4)
FN:99,(anonymous_5)
FN:109,(anonymous_6)
FN:125,(anonymous_7)
FN:130,(anonymous_8)
FN:135,(anonymous_9)
FN:140,(anonymous_10)
FNF:11
FNH:0
FNDA:0,checkFile
FNDA:0,(anonymous_1)
FNDA:0,(anonymous_2)
FNDA:0,(anonymous_3)
FNDA:0,(anonymous_4)
FNDA:0,(anonymous_5)
FNDA:0,(anonymous_6)
FNDA:0,(anonymous_7)
FNDA:0,(anonymous_8)
FNDA:0,(anonymous_9)
FNDA:0,(anonymous_10)
DA:10,0
DA:11,0
DA:13,0
DA:20,0
DA:27,0
DA:35,0
DA:36,0
DA:37,0
DA:39,0
DA:42,0
DA:43,0
DA:44,0
DA:46,0
DA:50,0
DA:51,0
DA:52,0
DA:54,0
DA:58,0
DA:59,0
DA:61,0
DA:63,0
DA:68,0
DA:70,0
DA:73,0
DA:74,0
DA:75,0
DA:77,0
DA:81,0
DA:82,0
DA:83,0
DA:86,0
DA:87,0
DA:88,0
DA:89,0
DA:90,0
DA:93,0
DA:95,0
DA:96,0
DA:97,0
DA:99,0
DA:100,0
DA:105,0
DA:106,0
DA:107,0
DA:109,0
DA:110,0
DA:111,0
DA:112,0
DA:114,0
DA:119,0
DA:120,0
DA:121,0
DA:123,0
DA:124,0
DA:125,0
DA:128,0
DA:129,0
DA:130,0
DA:133,0
DA:134,0
DA:135,0
DA:138,0
DA:139,0
DA:140,0
DA:143,0
DA:148,0
DA:149,0
DA:150,0
DA:151,0
DA:153,0
DA:154,0
DA:156,0
DA:158,0
LF:73
LH:0
BRDA:42,0,0,0
BRDA:42,0,1,0
BRDA:50,1,0,0
BRDA:50,1,1,0
BRDA:50,2,0,0
BRDA:50,2,1,0
BRDA:61,3,0,0
BRDA:61,3,1,0
BRDA:61,4,0,0
BRDA:61,4,1,0
BRDA:61,4,2,0
BRDA:61,4,3,0
BRDA:73,5,0,0
BRDA:73,5,1,0
BRDA:88,6,0,0
BRDA:88,6,1,0
BRDA:111,7,0,0
BRDA:111,7,1,0
BRDA:123,8,0,0
BRDA:123,8,1,0
BRDA:128,9,0,0
BRDA:128,9,1,0
BRDA:133,10,0,0
BRDA:133,10,1,0
BRDA:138,11,0,0
BRDA:138,11,1,0
BRDA:149,12,0,0
BRDA:149,12,1,0
BRDA:158,13,0,0
BRDA:158,13,1,0
BRF:30
BRH:0
end_of_record
TN:
SF:src/routes/scheduleEvents.js
FN:113,(anonymous_0)
FN:161,(anonymous_1)
FN:296,(anonymous_2)
FN:413,(anonymous_3)
FN:464,(anonymous_4)
FN:562,(anonymous_5)
FN:596,(anonymous_6)
FN:683,(anonymous_7)
FNF:8
FNH:0
FNDA:0,(anonymous_0)
FNDA:0,(anonymous_1)
FNDA:0,(anonymous_2)
FNDA:0,(anonymous_3)
FNDA:0,(anonymous_4)
FNDA:0,(anonymous_5)
FNDA:0,(anonymous_6)
FNDA:0,(anonymous_7)
DA:31,21
DA:32,21
DA:33,21
DA:34,21
DA:35,21
DA:36,21
DA:38,21
DA:65,21
DA:113,21
DA:114,0
DA:115,0
DA:116,0
DA:122,0
DA:127,21
DA:161,21
DA:162,0
DA:171,0
DA:174,0
DA:179,0
DA:180,0
DA:183,0
DA:184,0
DA:187,0
DA:188,0
DA:192,0
DA:195,0
DA:242,0
DA:253,0
DA:254,0
DA:296,21
DA:297,0
DA:299,0
DA:300,0
DA:301,0
DA:309,0
DA:345,0
DA:346,0
DA:352,0
DA:357,0
DA:358,0
DA:413,21
DA:414,0
DA:416,0
DA:420,0
DA:428,0
DA:429,0
DA:437,0
DA:438,0
DA:446,0
DA:447,0
DA:456,0
DA:464,0
DA:471,0
DA:475,0
DA:504,0
DA:510,0
DA:511,0
DA:559,21
DA:563,0
DA:565,0
DA:568,0
DA:577,0
DA:578,0
DA:585,0
DA:589,0
DA:591,0
DA:596,0
DA:603,0
DA:607,0
DA:636,0
DA:642,0
DA:643,0
DA:679,21
DA:684,0
DA:686,0
DA:695,0
DA:696,0
DA:704,0
DA:709,0
DA:711,0
DA:716,0
DA:717,0
DA:725,21
LF:83
LH:16
BRDA:115,0,0,0
BRDA:115,0,1,0
BRDA:169,1,0,0
BRDA:170,2,0,0
BRDA:179,3,0,0
BRDA:179,3,1,0
BRDA:183,4,0,0
BRDA:183,4,1,0
BRDA:187,5,0,0
BRDA:187,5,1,0
BRDA:213,6,0,0
BRDA:213,6,1,0
BRDA:213,7,0,0
BRDA:213,7,1,0
BRDA:300,8,0,0
BRDA:300,8,1,0
BRDA:345,9,0,0
BRDA:345,9,1,0
BRDA:428,10,0,0
BRDA:428,10,1,0
BRDA:437,11,0,0
BRDA:437,11,1,0
BRDA:446,12,0,0
BRDA:446,12,1,0
BRDA:577,13,0,0
BRDA:577,13,1,0
BRDA:589,14,0,0
BRDA:589,14,1,0
BRDA:589,15,0,0
BRDA:589,15,1,0
BRDA:695,16,0,0
BRDA:695,16,1,0
BRF:32
BRH:0
end_of_record
TN:
SF:src/routes/scheduleTemplates.js
FN:75,(anonymous_0)
FN:165,(anonymous_1)
FN:250,(anonymous_2)
FN:351,(anonymous_3)
FN:452,(anonymous_4)
FN:528,(anonymous_5)
FNF:6
FNH:0
FNDA:0,(anonymous_0)
FNDA:0,(anonymous_1)
FNDA:0,(anonymous_2)
FNDA:0,(anonymous_3)
FNDA:0,(anonymous_4)
FNDA:0,(anonymous_5)
DA:31,21
DA:32,21
DA:33,21
DA:34,21
DA:35,21
DA:36,21
DA:38,21
DA:42,21
DA:70,21
DA:76,0
DA:78,0
DA:79,0
DA:80,0
DA:87,0
DA:91,0
DA:98,0
DA:99,0
DA:104,0
DA:105,0
DA:112,0
DA:127,0
DA:132,0
DA:133,0
DA:165,21
DA:166,0
DA:168,0
DA:187,0
DA:188,0
DA:194,0
DA:199,0
DA:200,0
DA:241,21
DA:251,0
DA:253,0
DA:254,0
DA:255,0
DA:264,0
DA:265,0
DA:278,0
DA:285,0
DA:295,0
DA:300,0
DA:301,0
DA:342,21
DA:352,0
DA:354,0
DA:355,0
DA:356,0
DA:365,0
DA:374,0
DA:375,0
DA:384,0
DA:385,0
DA:398,0
DA:401,0
DA:411,0
DA:416,0
DA:417,0
DA:452,21
DA:453,0
DA:455,0
DA:464,0
DA:465,0
DA:473,0
DA:475,0
DA:480,0
DA:481,0
DA:523,21
DA:529,0
DA:531,0
DA:532,0
DA:533,0
DA:542,0
DA:553,0
DA:554,0
DA:562,0
DA:576,0
DA:586,0
DA:591,0
DA:592,0
DA:599,21
LF:81
LH:15
BRDA:79,0,0,0
BRDA:79,0,1,0
BRDA:98,1,0,0
BRDA:98,1,1,0
BRDA:104,2,0,0
BRDA:104,2,1,0
BRDA:187,3,0,0
BRDA:187,3,1,0
BRDA:254,4,0,0
BRDA:254,4,1,0
BRDA:264,5,0,0
BRDA:264,5,1,0
BRDA:355,6,0,0
BRDA:355,6,1,0
BRDA:374,7,0,0
BRDA:374,7,1,0
BRDA:384,8,0,0
BRDA:384,8,1,0
BRDA:464,9,0,0
BRDA:464,9,1,0
BRDA:532,10,0,0
BRDA:532,10,1,0
BRDA:553,11,0,0
BRDA:553,11,1,0
BRDA:565,12,0,0
BRDA:565,12,1,0
BRF:26
BRH:0
end_of_record
TN:
SF:src/routes/schedules.js
FN:80,(anonymous_0)
FN:114,(anonymous_1)
FN:190,(anonymous_2)
FN:294,(anonymous_3)
FN:374,(anonymous_4)
FN:404,(anonymous_5)
FN:484,(anonymous_6)
FN:531,(anonymous_7)
FN:599,(anonymous_8)
FN:649,(anonymous_9)
FN:721,(anonymous_10)
FN:793,(anonymous_11)
FN:842,(anonymous_12)
FN:897,(anonymous_13)
FN:949,(anonymous_14)
FN:961,(anonymous_15)
FN:977,(anonymous_16)
FNF:17
FNH:0
FNDA:0,(anonymous_0)
FNDA:0,(anonymous_1)
FNDA:0,(anonymous_2)
FNDA:0,(anonymous_3)
FNDA:0,(anonymous_4)
FNDA:0,(anonymous_5)
FNDA:0,(anonymous_6)
FNDA:0,(anonymous_7)
FNDA:0,(anonymous_8)
FNDA:0,(anonymous_9)
FNDA:0,(anonymous_10)
FNDA:0,(anonymous_11)
FNDA:0,(anonymous_12)
FNDA:0,(anonymous_13)
FNDA:0,(anonymous_14)
FNDA:0,(anonymous_15)
FNDA:0,(anonymous_16)
DA:23,21
DA:24,21
DA:25,21
DA:26,21
DA:27,21
DA:31,21
DA:38,21
DA:56,21
DA:68,21
DA:80,21
DA:81,0
DA:82,0
DA:83,0
DA:88,0
DA:114,21
DA:115,0
DA:116,0
DA:118,0
DA:121,0
DA:127,0
DA:128,0
DA:130,0
DA:134,0
DA:135,0
DA:140,0
DA:159,0
DA:169,0
DA:170,0
DA:190,21
DA:191,0
DA:193,0
DA:194,0
DA:196,0
DA:198,0
DA:202,0
DA:220,0
DA:241,0
DA:261,0
DA:269,0
DA:270,0
DA:294,21
DA:295,0
DA:297,0
DA:331,0
DA:332,0
DA:335,0
DA:337,0
DA:338,0
DA:374,21
DA:375,0
DA:376,0
DA:380,0
DA:391,0
DA:392,0
DA:393,0
DA:395,0
DA:403,0
DA:404,0
DA:417,0
DA:424,0
DA:449,0
DA:454,0
DA:455,0
DA:484,21
DA:485,0
DA:486,0
DA:489,0
DA:499,0
DA:500,0
DA:504,0
DA:513,0
DA:519,0
DA:520,0
DA:521,0
DA:522,0
DA:530,0
DA:531,0
DA:542,0
DA:548,0
DA:573,0
DA:578,0
DA:579,0
DA:599,21
DA:600,0
DA:602,0
DA:612,0
DA:613,0
DA:618,0
DA:620,0
DA:622,0
DA:623,0
DA:649,21
DA:650,0
DA:651,0
DA:654,0
DA:664,0
DA:665,0
DA:669,0
DA:675,0
DA:678,0
DA:685,0
DA:690,0
DA:691,0
DA:721,21
DA:722,0
DA:723,0
DA:727,0
DA:742,0
DA:743,0
DA:747,0
DA:753,0
DA:756,0
DA:767,0
DA:772,0
DA:773,0
DA:793,21
DA:794,0
DA:796,0
DA:811,0
DA:812,0
DA:817,0
DA:819,0
DA:821,0
DA:822,0
DA:842,21
DA:843,0
DA:846,0
DA:866,0
DA:867,0
DA:871,0
DA:873,0
DA:875,0
DA:876,0
DA:897,21
DA:898,0
DA:901,0
DA:920,0
DA:949,0
DA:950,0
DA:960,0
DA:961,0
DA:962,0
DA:977,0
DA:993,0
DA:996,0
DA:999,0
DA:1006,0
DA:1007,0
DA:1008,0
DA:1011,0
DA:1012,0
DA:1016,21
LF:152
LH:22
BRDA:82,0,0,0
BRDA:82,0,1,0
BRDA:116,1,0,0
BRDA:116,2,0,0
BRDA:127,3,0,0
BRDA:127,3,1,0
BRDA:134,4,0,0
BRDA:134,4,1,0
BRDA:331,5,0,0
BRDA:331,5,1,0
BRDA:391,6,0,0
BRDA:391,6,1,0
BRDA:391,7,0,0
BRDA:391,7,1,0
BRDA:403,8,0,0
BRDA:403,8,1,0
BRDA:403,9,0,0
BRDA:403,9,1,0
BRDA:408,10,0,0
BRDA:408,10,1,0
BRDA:409,11,0,0
BRDA:409,11,1,0
BRDA:410,12,0,0
BRDA:410,12,1,0
BRDA:411,13,0,0
BRDA:411,13,1,0
BRDA:499,14,0,0
BRDA:499,14,1,0
BRDA:519,15,0,0
BRDA:519,15,1,0
BRDA:519,16,0,0
BRDA:519,16,1,0
BRDA:530,17,0,0
BRDA:530,17,1,0
BRDA:530,18,0,0
BRDA:530,18,1,0
BRDA:535,19,0,0
BRDA:535,19,1,0
BRDA:536,20,0,0
BRDA:536,20,1,0
BRDA:537,21,0,0
BRDA:537,21,1,0
BRDA:538,22,0,0
BRDA:538,22,1,0
BRDA:612,23,0,0
BRDA:612,23,1,0
BRDA:664,24,0,0
BRDA:664,24,1,0
BRDA:675,25,0,0
BRDA:675,25,1,0
BRDA:742,26,0,0
BRDA:742,26,1,0
BRDA:753,27,0,0
BRDA:753,27,1,0
BRDA:811,28,0,0
BRDA:811,28,1,0
BRDA:866,29,0,0
BRDA:866,29,1,0
BRDA:955,30,0,0
BRDA:955,30,1,0
BRDA:960,31,0,0
BRDA:960,31,1,0
BRDA:960,32,0,0
BRDA:960,32,1,0
BRDA:965,33,0,0
BRDA:965,33,1,0
BRDA:965,34,0,0
BRDA:965,34,1,0
BRDA:981,35,0,0
BRDA:981,35,1,0
BRDA:982,36,0,0
BRDA:982,36,1,0
BRDA:982,36,2,0
BRDA:983,37,0,0
BRDA:983,37,1,0
BRF:75
BRH:0
end_of_record
TN:
SF:src/routes/scouts.js
FN:116,(anonymous_0)
FN:236,(anonymous_1)
FN:334,(anonymous_2)
FN:436,(anonymous_3)
FN:520,(anonymous_4)
FNF:5
FNH:0
FNDA:0,(anonymous_0)
FNDA:0,(anonymous_1)
FNDA:0,(anonymous_2)
FNDA:0,(anonymous_3)
FNDA:0,(anonymous_4)
DA:46,21
DA:47,21
DA:48,21
DA:49,21
DA:50,21
DA:51,21
DA:53,21
DA:57,21
DA:109,21
DA:117,0
DA:119,0
DA:120,0
DA:121,0
DA:135,0
DA:138,0
DA:142,0
DA:147,0
DA:148,0
DA:152,0
DA:153,0
DA:158,0
DA:159,0
DA:170,0
DA:185,0
DA:197,0
DA:198,0
DA:236,21
DA:237,0
DA:240,0
DA:255,0
DA:256,0
DA:263,0
DA:269,0
DA:270,0
DA:319,21
DA:335,0
DA:337,0
DA:338,0
DA:339,0
DA:348,0
DA:356,0
DA:367,0
DA:373,0
DA:374,0
DA:421,21
DA:437,0
DA:439,0
DA:440,0
DA:441,0
DA:450,0
DA:458,0
DA:459,0
DA:467,0
DA:470,0
DA:481,0
DA:487,0
DA:488,0
DA:520,21
DA:521,0
DA:524,0
DA:532,0
DA:533,0
DA:541,0
DA:544,0
DA:550,0
DA:551,0
DA:558,21
LF:67
LH:14
BRDA:120,0,0,0
BRDA:120,0,1,0
BRDA:131,1,0,0
BRDA:133,2,0,0
BRDA:134,3,0,0
BRDA:147,4,0,0
BRDA:147,4,1,0
BRDA:152,5,0,0
BRDA:152,5,1,0
BRDA:158,6,0,0
BRDA:158,6,1,0
BRDA:255,7,0,0
BRDA:255,7,1,0
BRDA:338,8,0,0
BRDA:338,8,1,0
BRDA:440,9,0,0
BRDA:440,9,1,0
BRDA:458,10,0,0
BRDA:458,10,1,0
BRDA:532,11,0,0
BRDA:532,11,1,0
BRF:21
BRH:0
end_of_record
TN:
SF:src/routes/settings.js
FN:153,(anonymous_0)
FN:193,(anonymous_1)
FN:242,(anonymous_2)
FN:388,(anonymous_3)
FN:461,(anonymous_4)
FN:570,(anonymous_5)
FN:639,(anonymous_6)
FN:706,(anonymous_7)
FN:781,(anonymous_8)
FN:834,(anonymous_9)
FN:882,(anonymous_10)
FN:935,(anonymous_11)
FN:1004,(anonymous_12)
FN:1089,(anonymous_13)
FN:1149,(anonymous_14)
FN:1211,(anonymous_15)
FN:1276,(anonymous_16)
FN:1334,(anonymous_17)
FN:1409,(anonymous_18)
FN:1445,(anonymous_19)
FN:1500,(anonymous_20)
FNF:21
FNH:0
FNDA:0,(anonymous_0)
FNDA:0,(anonymous_1)
FNDA:0,(anonymous_2)
FNDA:0,(anonymous_3)
FNDA:0,(anonymous_4)
FNDA:0,(anonymous_5)
FNDA:0,(anonymous_6)
FNDA:0,(anonymous_7)
FNDA:0,(anonymous_8)
FNDA:0,(anonymous_9)
FNDA:0,(anonymous_10)
FNDA:0,(anonymous_11)
FNDA:0,(anonymous_12)
FNDA:0,(anonymous_13)
FNDA:0,(anonymous_14)
FNDA:0,(anonymous_15)
FNDA:0,(anonymous_16)
FNDA:0,(anonymous_17)
FNDA:0,(anonymous_18)
FNDA:0,(anonymous_19)
FNDA:0,(anonymous_20)
DA:35,21
DA:36,21
DA:37,21
DA:38,21
DA:39,21
DA:40,21
DA:41,21
DA:43,21
DA:60,21
DA:85,21
DA:110,21
DA:132,21
DA:150,21
DA:155,0
DA:156,0
DA:158,0
DA:174,21
DA:193,21
DA:194,0
DA:195,0
DA:196,0
DA:202,0
DA:207,21
DA:242,21
DA:243,0
DA:245,0
DA:254,0
DA:255,0
DA:263,0
DA:343,0
DA:349,0
DA:350,0
DA:385,21
DA:389,0
DA:391,0
DA:393,0
DA:394,0
DA:402,0
DA:403,0
DA:412,0
DA:414,0
DA:421,0
DA:422,0
DA:458,21
DA:462,0
DA:464,0
DA:466,0
DA:467,0
DA:475,0
DA:476,0
DA:480,0
DA:481,0
DA:490,0
DA:491,0
DA:492,0
DA:494,0
DA:495,0
DA:497,0
DA:498,0
DA:500,0
DA:501,0
DA:503,0
DA:504,0
DA:506,0
DA:507,0
DA:509,0
DA:510,0
DA:514,0
DA:516,0
DA:532,0
DA:533,0
DA:567,21
DA:571,0
DA:573,0
DA:575,0
DA:576,0
DA:583,0
DA:584,0
DA:593,0
DA:595,0
DA:602,0
DA:603,0
DA:636,21
DA:640,0
DA:642,0
DA:644,0
DA:645,0
DA:652,0
DA:653,0
DA:662,0
DA:664,0
DA:671,0
DA:672,0
DA:703,21
DA:707,0
DA:708,0
DA:711,0
DA:713,0
DA:714,0
DA:722,0
DA:723,0
DA:724,0
DA:732,0
DA:733,0
DA:736,0
DA:741,0
DA:747,0
DA:748,0
DA:778,21
DA:782,0
DA:783,0
DA:786,0
DA:788,0
DA:789,0
DA:796,0
DA:798,0
DA:805,0
DA:806,0
DA:834,21
DA:835,0
DA:839,0
DA:848,0
DA:849,0
DA:879,21
DA:883,0
DA:884,0
DA:889,0
DA:890,0
DA:895,0
DA:902,0
DA:903,0
DA:935,21
DA:936,0
DA:940,0
DA:967,0
DA:973,0
DA:974,0
DA:1004,21
DA:1005,0
DA:1007,0
DA:1016,0
DA:1017,0
DA:1025,0
DA:1048,0
DA:1049,0
DA:1050,0
DA:1053,0
DA:1054,0
DA:1086,21
DA:1090,0
DA:1092,0
DA:1094,0
DA:1095,0
DA:1107,0
DA:1109,0
DA:1115,0
DA:1116,0
DA:1149,21
DA:1150,0
DA:1160,0
DA:1162,0
DA:1163,0
DA:1171,0
DA:1174,0
DA:1176,0
DA:1183,0
DA:1184,0
DA:1211,21
DA:1212,0
DA:1214,0
DA:1216,0
DA:1217,0
DA:1225,0
DA:1234,0
DA:1240,0
DA:1241,0
DA:1273,21
DA:1277,0
DA:1279,0
DA:1281,0
DA:1282,0
DA:1289,0
DA:1290,0
DA:1299,0
DA:1301,0
DA:1308,0
DA:1309,0
DA:1334,21
DA:1335,0
DA:1338,0
DA:1342,0
DA:1374,0
DA:1380,0
DA:1381,0
DA:1409,21
DA:1410,0
DA:1412,0
DA:1416,0
DA:1423,0
DA:1424,0
DA:1445,21
DA:1446,0
DA:1448,0
DA:1451,0
DA:1453,0
DA:1454,0
DA:1460,0
DA:1467,0
DA:1468,0
DA:1500,21
DA:1501,0
DA:1508,0
DA:1519,0
DA:1525,0
DA:1526,0
DA:1533,21
LF:216
LH:36
BRDA:155,0,0,0
BRDA:155,0,1,0
BRDA:195,1,0,0
BRDA:195,1,1,0
BRDA:254,2,0,0
BRDA:254,2,1,0
BRDA:266,3,0,0
BRDA:266,3,1,0
BRDA:267,4,0,0
BRDA:267,4,1,0
BRDA:268,5,0,0
BRDA:268,5,1,0
BRDA:269,6,0,0
BRDA:269,6,1,0
BRDA:270,7,0,0
BRDA:270,7,1,0
BRDA:271,8,0,0
BRDA:271,8,1,0
BRDA:272,9,0,0
BRDA:272,9,1,0
BRDA:273,10,0,0
BRDA:273,10,1,0
BRDA:277,11,0,0
BRDA:277,11,1,0
BRDA:278,12,0,0
BRDA:278,12,1,0
BRDA:279,13,0,0
BRDA:279,13,1,0
BRDA:280,14,0,0
BRDA:280,14,1,0
BRDA:281,15,0,0
BRDA:281,15,1,0
BRDA:282,16,0,0
BRDA:282,16,1,0
BRDA:283,17,0,0
BRDA:283,17,1,0
BRDA:284,18,0,0
BRDA:284,18,1,0
BRDA:289,19,0,0
BRDA:289,19,1,0
BRDA:290,20,0,0
BRDA:290,20,1,0
BRDA:292,21,0,0
BRDA:292,21,1,0
BRDA:293,22,0,0
BRDA:293,22,1,0
BRDA:294,23,0,0
BRDA:294,23,1,0
BRDA:295,24,0,0
BRDA:295,24,1,0
BRDA:296,25,0,0
BRDA:296,25,1,0
BRDA:297,26,0,0
BRDA:297,26,1,0
BRDA:301,27,0,0
BRDA:301,27,1,0
BRDA:303,28,0,0
BRDA:303,28,1,0
BRDA:304,29,0,0
BRDA:304,29,1,0
BRDA:305,30,0,0
BRDA:305,30,1,0
BRDA:306,31,0,0
BRDA:306,31,1,0
BRDA:307,32,0,0
BRDA:307,32,1,0
BRDA:311,33,0,0
BRDA:311,33,1,0
BRDA:312,34,0,0
BRDA:312,34,1,0
BRDA:314,35,0,0
BRDA:314,35,1,0
BRDA:315,36,0,0
BRDA:315,36,1,0
BRDA:316,37,0,0
BRDA:316,37,1,0
BRDA:317,38,0,0
BRDA:317,38,1,0
BRDA:318,39,0,0
BRDA:318,39,1,0
BRDA:324,40,0,0
BRDA:324,40,1,0
BRDA:325,41,0,0
BRDA:325,41,1,0
BRDA:326,42,0,0
BRDA:326,42,1,0
BRDA:327,43,0,0
BRDA:327,43,1,0
BRDA:328,44,0,0
BRDA:328,44,1,0
BRDA:329,45,0,0
BRDA:329,45,1,0
BRDA:330,46,0,0
BRDA:330,46,1,0
BRDA:334,47,0,0
BRDA:334,47,1,0
BRDA:335,48,0,0
BRDA:335,48,1,0
BRDA:336,49,0,0
BRDA:336,49,1,0
BRDA:337,50,0,0
BRDA:337,50,1,0
BRDA:338,51,0,0
BRDA:338,51,1,0
BRDA:339,52,0,0
BRDA:339,52,1,0
BRDA:393,53,0,0
BRDA:393,53,1,0
BRDA:402,54,0,0
BRDA:402,54,1,0
BRDA:466,55,0,0
BRDA:466,55,1,0
BRDA:475,56,0,0
BRDA:475,56,1,0
BRDA:475,57,0,0
BRDA:475,57,1,0
BRDA:480,58,0,0
BRDA:480,58,1,0
BRDA:491,59,0,0
BRDA:491,59,1,0
BRDA:494,60,0,0
BRDA:494,60,1,0
BRDA:497,61,0,0
BRDA:497,61,1,0
BRDA:500,62,0,0
BRDA:500,62,1,0
BRDA:503,63,0,0
BRDA:503,63,1,0
BRDA:506,64,0,0
BRDA:506,64,1,0
BRDA:509,65,0,0
BRDA:509,65,1,0
BRDA:575,66,0,0
BRDA:575,66,1,0
BRDA:583,67,0,0
BRDA:583,67,1,0
BRDA:644,68,0,0
BRDA:644,68,1,0
BRDA:652,69,0,0
BRDA:652,69,1,0
BRDA:713,70,0,0
BRDA:713,70,1,0
BRDA:723,71,0,0
BRDA:723,71,1,0
BRDA:788,72,0,0
BRDA:788,72,1,0
BRDA:800,73,0,0
BRDA:800,73,1,0
BRDA:889,74,0,0
BRDA:889,74,1,0
BRDA:1016,75,0,0
BRDA:1016,75,1,0
BRDA:1038,76,0,0
BRDA:1038,76,1,0
BRDA:1094,77,0,0
BRDA:1094,77,1,0
BRDA:1162,78,0,0
BRDA:1162,78,1,0
BRDA:1216,79,0,0
BRDA:1216,79,1,0
BRDA:1225,80,0,0
BRDA:1225,80,1,0
BRDA:1281,81,0,0
BRDA:1281,81,1,0
BRDA:1289,82,0,0
BRDA:1289,82,1,0
BRDA:1453,83,0,0
BRDA:1453,83,1,0
BRF:168
BRH:0
end_of_record
TN:
SF:src/routes/teams.js
FN:37,(anonymous_0)
FN:102,(anonymous_1)
FN:134,(anonymous_2)
FN:191,(anonymous_3)
FN:250,(anonymous_4)
FN:284,(anonymous_5)
FN:285,(anonymous_6)
FN:286,(anonymous_7)
FN:301,(anonymous_8)
FN:343,(anonymous_9)
FN:376,(anonymous_10)
FN:377,(anonymous_11)
FN:378,(anonymous_12)
FN:393,(anonymous_13)
FN:427,(anonymous_14)
FN:488,(anonymous_15)
FN:548,(anonymous_16)
FN:604,(anonymous_17)
FN:615,(anonymous_18)
FN:683,(anonymous_19)
FN:759,(anonymous_20)
FN:829,(anonymous_21)
FN:883,(anonymous_22)
FN:930,(anonymous_23)
FN:992,(anonymous_24)
FN:1074,(anonymous_25)
FN:1127,(anonymous_26)
FN:1169,(anonymous_27)
FN:1232,(anonymous_28)
FN:1327,(anonymous_29)
FN:1393,(anonymous_30)
FN:1452,(anonymous_31)
FN:1563,(anonymous_32)
FN:1588,(anonymous_33)
FN:1589,(anonymous_34)
FN:1590,(anonymous_35)
FN:1591,(anonymous_36)
FN:1592,(anonymous_37)
FN:1629,(anonymous_38)
FN:1700,(anonymous_39)
FNF:40
FNH:0
FNDA:0,(anonymous_0)
FNDA:0,(anonymous_1)
FNDA:0,(anonymous_2)
FNDA:0,(anonymous_3)
FNDA:0,(anonymous_4)
FNDA:0,(anonymous_5)
FNDA:0,(anonymous_6)
FNDA:0,(anonymous_7)
FNDA:0,(anonymous_8)
FNDA:0,(anonymous_9)
FNDA:0,(anonymous_10)
FNDA:0,(anonymous_11)
FNDA:0,(anonymous_12)
FNDA:0,(anonymous_13)
FNDA:0,(anonymous_14)
FNDA:0,(anonymous_15)
FNDA:0,(anonymous_16)
FNDA:0,(anonymous_17)
FNDA:0,(anonymous_18)
FNDA:0,(anonymous_19)
FNDA:0,(anonymous_20)
FNDA:0,(anonymous_21)
FNDA:0,(anonymous_22)
FNDA:0,(anonymous_23)
FNDA:0,(anonymous_24)
FNDA:0,(anonymous_25)
FNDA:0,(anonymous_26)
FNDA:0,(anonymous_27)
FNDA:0,(anonymous_28)
FNDA:0,(anonymous_29)
FNDA:0,(anonymous_30)
FNDA:0,(anonymous_31)
FNDA:0,(anonymous_32)
FNDA:0,(anonymous_33)
FNDA:0,(anonymous_34)
FNDA:0,(anonymous_35)
FNDA:0,(anonymous_36)
FNDA:0,(anonymous_37)
FNDA:0,(anonymous_38)
FNDA:0,(anonymous_39)
DA:23,21
DA:24,21
DA:25,21
DA:26,21
DA:27,21
DA:28,21
DA:29,21
DA:37,21
DA:38,0
DA:40,21
DA:42,21
DA:50,21
DA:66,21
DA:83,21
DA:102,21
DA:103,0
DA:104,0
DA:105,0
DA:111,0
DA:134,21
DA:135,0
DA:137,0
DA:142,0
DA:147,0
DA:148,0
DA:186,21
DA:192,0
DA:194,0
DA:198,0
DA:199,0
DA:206,0
DA:208,0
DA:214,0
DA:215,0
DA:225,21
DA:250,21
DA:251,0
DA:252,0
DA:253,0
DA:257,0
DA:283,0
DA:284,0
DA:285,0
DA:286,0
DA:287,0
DA:301,0
DA:302,0
DA:303,0
DA:304,0
DA:307,0
DA:312,0
DA:313,0
DA:343,21
DA:344,0
DA:345,0
DA:346,0
DA:350,0
DA:375,0
DA:376,0
DA:377,0
DA:378,0
DA:379,0
DA:393,0
DA:394,0
DA:395,0
DA:396,0
DA:399,0
DA:404,0
DA:405,0
DA:427,21
DA:428,0
DA:429,0
DA:430,0
DA:431,0
DA:434,0
DA:435,0
DA:442,0
DA:445,0
DA:446,0
DA:452,0
DA:457,0
DA:458,0
DA:488,21
DA:489,0
DA:491,0
DA:500,0
DA:501,0
DA:507,0
DA:512,0
DA:513,0
DA:546,21
DA:549,0
DA:551,0
DA:553,0
DA:554,0
DA:561,0
DA:563,0
DA:569,0
DA:570,0
DA:602,21
DA:605,0
DA:606,0
DA:611,0
DA:616,0
DA:618,0
DA:619,0
DA:626,0
DA:627,0
DA:628,0
DA:635,0
DA:636,0
DA:637,0
DA:638,0
DA:639,0
DA:642,0
DA:647,0
DA:648,0
DA:650,0
DA:658,0
DA:659,0
DA:682,21
DA:684,0
DA:686,0
DA:687,0
DA:694,0
DA:695,0
DA:696,0
DA:703,0
DA:704,0
DA:705,0
DA:706,0
DA:707,0
DA:710,0
DA:715,0
DA:717,0
DA:722,0
DA:723,0
DA:755,21
DA:760,0
DA:762,0
DA:763,0
DA:770,0
DA:771,0
DA:772,0
DA:779,0
DA:780,0
DA:782,0
DA:783,0
DA:785,0
DA:786,0
DA:790,0
DA:792,0
DA:801,0
DA:802,0
DA:829,21
DA:830,0
DA:832,0
DA:836,0
DA:837,0
DA:844,0
DA:855,0
DA:856,0
DA:883,21
DA:884,0
DA:887,0
DA:895,0
DA:900,0
DA:901,0
DA:930,21
DA:931,0
DA:934,0
DA:947,0
DA:952,0
DA:953,0
DA:988,21
DA:993,0
DA:996,0
DA:1003,0
DA:1004,0
DA:1011,0
DA:1019,0
DA:1020,0
DA:1028,0
DA:1035,0
DA:1041,0
DA:1042,0
DA:1072,21
DA:1075,0
DA:1077,0
DA:1085,0
DA:1086,0
DA:1093,0
DA:1095,0
DA:1101,0
DA:1102,0
DA:1127,21
DA:1128,0
DA:1131,0
DA:1139,0
DA:1144,0
DA:1145,0
DA:1169,21
DA:1170,0
DA:1172,0
DA:1185,0
DA:1190,0
DA:1191,0
DA:1228,21
DA:1233,0
DA:1235,0
DA:1242,0
DA:1243,0
DA:1250,0
DA:1258,0
DA:1259,0
DA:1266,0
DA:1276,0
DA:1282,0
DA:1283,0
DA:1320,21
DA:1328,0
DA:1331,0
DA:1338,0
DA:1339,0
DA:1346,0
DA:1352,0
DA:1358,0
DA:1359,0
DA:1389,21
DA:1394,0
DA:1396,0
DA:1404,0
DA:1405,0
DA:1412,0
DA:1414,0
DA:1419,0
DA:1420,0
DA:1452,21
DA:1453,0
DA:1454,0
DA:1457,0
DA:1462,0
DA:1471,0
DA:1481,0
DA:1489,0
DA:1493,0
DA:1500,0
DA:1507,0
DA:1515,0
DA:1530,0
DA:1535,0
DA:1536,0
DA:1563,21
DA:1564,0
DA:1565,0
DA:1568,0
DA:1587,0
DA:1588,0
DA:1589,0
DA:1590,0
DA:1591,0
DA:1592,0
DA:1596,0
DA:1601,0
DA:1602,0
DA:1629,21
DA:1630,0
DA:1632,0
DA:1633,0
DA:1634,0
DA:1641,0
DA:1650,0
DA:1651,0
DA:1657,0
DA:1662,0
DA:1663,0
DA:1698,21
DA:1701,0
DA:1703,0
DA:1704,0
DA:1705,0
DA:1712,0
DA:1713,0
DA:1720,0
DA:1722,0
DA:1723,0
DA:1730,0
DA:1732,0
DA:1738,0
DA:1739,0
DA:1747,21
LF:291
LH:40
BRDA:38,0,0,0
BRDA:38,0,1,0
BRDA:104,1,0,0
BRDA:104,1,1,0
BRDA:198,2,0,0
BRDA:198,2,1,0
BRDA:252,3,0,0
BRDA:252,3,1,0
BRDA:292,4,0,0
BRDA:292,4,1,0
BRDA:345,5,0,0
BRDA:345,5,1,0
BRDA:384,6,0,0
BRDA:384,6,1,0
BRDA:434,7,0,0
BRDA:434,7,1,0
BRDA:445,8,0,0
BRDA:445,8,1,0
BRDA:500,9,0,0
BRDA:500,9,1,0
BRDA:553,10,0,0
BRDA:553,10,1,0
BRDA:605,11,0,0
BRDA:605,11,1,0
BRDA:618,12,0,0
BRDA:618,12,1,0
BRDA:627,13,0,0
BRDA:627,13,1,0
BRDA:635,14,0,0
BRDA:635,14,1,0
BRDA:638,15,0,0
BRDA:638,15,1,0
BRDA:686,16,0,0
BRDA:686,16,1,0
BRDA:695,17,0,0
BRDA:695,17,1,0
BRDA:703,18,0,0
BRDA:703,18,1,0
BRDA:706,19,0,0
BRDA:706,19,1,0
BRDA:762,20,0,0
BRDA:762,20,1,0
BRDA:771,21,0,0
BRDA:771,21,1,0
BRDA:782,22,0,0
BRDA:782,22,1,0
BRDA:785,23,0,0
BRDA:785,23,1,0
BRDA:836,24,0,0
BRDA:836,24,1,0
BRDA:850,25,0,0
BRDA:850,25,1,0
BRDA:851,26,0,0
BRDA:851,26,1,0
BRDA:1003,27,0,0
BRDA:1003,27,1,0
BRDA:1019,28,0,0
BRDA:1019,28,1,0
BRDA:1085,29,0,0
BRDA:1085,29,1,0
BRDA:1242,30,0,0
BRDA:1242,30,1,0
BRDA:1258,31,0,0
BRDA:1258,31,1,0
BRDA:1271,32,0,0
BRDA:1271,32,1,0
BRDA:1272,33,0,0
BRDA:1272,33,1,0
BRDA:1338,34,0,0
BRDA:1338,34,1,0
BRDA:1347,35,0,0
BRDA:1347,35,1,0
BRDA:1348,36,0,0
BRDA:1348,36,1,0
BRDA:1349,37,0,0
BRDA:1349,37,1,0
BRDA:1404,38,0,0
BRDA:1404,38,1,0
BRDA:1525,39,0,0
BRDA:1525,39,1,0
BRDA:1527,40,0,0
BRDA:1527,40,1,0
BRDA:1633,41,0,0
BRDA:1633,41,1,0
BRDA:1650,42,0,0
BRDA:1650,42,1,0
BRDA:1704,43,0,0
BRDA:1704,43,1,0
BRDA:1712,44,0,0
BRDA:1712,44,1,0
BRDA:1722,45,0,0
BRDA:1722,45,1,0
BRF:92
BRH:0
end_of_record
TN:
SF:src/routes/vendors.js
FN:180,(anonymous_0)
FN:247,(anonymous_1)
FN:379,(anonymous_2)
FN:470,(anonymous_3)
FN:563,(anonymous_4)
FN:645,(anonymous_5)
FNF:6
FNH:0
FNDA:0,(anonymous_0)
FNDA:0,(anonymous_1)
FNDA:0,(anonymous_2)
FNDA:0,(anonymous_3)
FNDA:0,(anonymous_4)
FNDA:0,(anonymous_5)
DA:68,21
DA:69,21
DA:70,21
DA:71,21
DA:72,21
DA:74,21
DA:78,21
DA:93,21
DA:120,21
DA:154,21
DA:180,21
DA:181,0
DA:182,0
DA:183,0
DA:189,0
DA:247,21
DA:248,0
DA:250,0
DA:251,0
DA:252,0
DA:262,0
DA:265,0
DA:269,0
DA:274,0
DA:275,0
DA:279,0
DA:280,0
DA:286,0
DA:287,0
DA:296,0
DA:311,0
DA:323,0
DA:324,0
DA:379,21
DA:380,0
DA:382,0
DA:397,0
DA:398,0
DA:404,0
DA:410,0
DA:411,0
DA:470,21
DA:471,0
DA:473,0
DA:474,0
DA:475,0
DA:480,0
DA:487,0
DA:498,0
DA:504,0
DA:505,0
DA:563,21
DA:564,0
DA:566,0
DA:567,0
DA:568,0
DA:572,0
DA:580,0
DA:581,0
DA:589,0
DA:592,0
DA:602,0
DA:608,0
DA:609,0
DA:645,21
DA:646,0
DA:648,0
DA:656,0
DA:657,0
DA:665,0
DA:667,0
DA:673,0
DA:674,0
DA:681,21
LF:74
LH:17
BRDA:182,0,0,0
BRDA:182,0,1,0
BRDA:251,1,0,0
BRDA:251,1,1,0
BRDA:259,2,0,0
BRDA:260,3,0,0
BRDA:261,4,0,0
BRDA:274,5,0,0
BRDA:274,5,1,0
BRDA:279,6,0,0
BRDA:279,6,1,0
BRDA:286,7,0,0
BRDA:286,7,1,0
BRDA:397,8,0,0
BRDA:397,8,1,0
BRDA:474,9,0,0
BRDA:474,9,1,0
BRDA:567,10,0,0
BRDA:567,10,1,0
BRDA:580,11,0,0
BRDA:580,11,1,0
BRDA:656,12,0,0
BRDA:656,12,1,0
BRF:23
BRH:0
end_of_record
TN:
SF:src/routes/depthCharts/helpers.js
FN:24,getPositionMatchScore
FN:92,getPerformanceScore
FNF:2
FNH:0
FNDA:0,getPositionMatchScore
FNDA:0,getPerformanceScore
DA:25,0
DA:26,0
DA:29,0
DA:30,0
DA:31,0
DA:32,0
DA:37,0
DA:50,0
DA:53,0
DA:54,0
DA:55,0
DA:56,0
DA:58,0
DA:59,0
DA:62,0
DA:63,0
DA:66,0
DA:93,0
DA:94,0
DA:97,0
DA:99,0
DA:100,0
DA:101,0
DA:102,0
DA:103,0
DA:104,0
DA:108,0
DA:109,0
DA:110,0
DA:114,0
DA:115,0
DA:116,0
DA:117,0
DA:118,0
DA:125,0
DA:126,0
DA:127,0
DA:128,0
DA:129,0
DA:130,0
DA:134,0
DA:135,0
DA:136,0
DA:140,0
DA:141,0
DA:142,0
DA:146,0
DA:147,0
DA:148,0
DA:152,0
DA:155,0
LF:51
LH:0
BRDA:29,0,0,0
BRDA:29,0,1,0
BRDA:50,1,0,0
BRDA:50,1,1,0
BRDA:53,2,0,0
BRDA:53,2,1,0
BRDA:56,3,0,0
BRDA:56,3,1,0
BRDA:56,4,0,0
BRDA:56,4,1,0
BRDA:56,4,2,0
BRDA:97,5,0,0
BRDA:97,5,1,0
BRDA:99,6,0,0
BRDA:99,6,1,0
BRDA:99,7,0,0
BRDA:99,7,1,0
BRDA:102,8,0,0
BRDA:102,8,1,0
BRDA:102,9,0,0
BRDA:102,9,1,0
BRDA:108,10,0,0
BRDA:108,10,1,0
BRDA:108,11,0,0
BRDA:108,11,1,0
BRDA:114,12,0,0
BRDA:114,12,1,0
BRDA:114,13,0,0
BRDA:114,13,1,0
BRDA:116,14,0,0
BRDA:116,14,1,0
BRDA:125,15,0,0
BRDA:125,15,1,0
BRDA:125,16,0,0
BRDA:125,16,1,0
BRDA:128,17,0,0
BRDA:128,17,1,0
BRDA:128,18,0,0
BRDA:128,18,1,0
BRDA:134,19,0,0
BRDA:134,19,1,0
BRDA:134,20,0,0
BRDA:134,20,1,0
BRDA:140,21,0,0
BRDA:140,21,1,0
BRDA:140,22,0,0
BRDA:140,22,1,0
BRDA:146,23,0,0
BRDA:146,23,1,0
BRDA:146,24,0,0
BRDA:146,24,1,0
BRF:51
BRH:0
end_of_record
TN:
SF:src/routes/depthCharts/index.js
FN:78,(anonymous_0)
FN:138,(anonymous_1)
FN:248,(anonymous_2)
FN:358,(anonymous_3)
FN:440,(anonymous_4)
FN:507,(anonymous_5)
FN:613,(anonymous_6)
FNF:7
FNH:0
FNDA:0,(anonymous_0)
FNDA:0,(anonymous_1)
FNDA:0,(anonymous_2)
FNDA:0,(anonymous_3)
FNDA:0,(anonymous_4)
FNDA:0,(anonymous_5)
FNDA:0,(anonymous_6)
DA:26,0
DA:27,0
DA:28,0
DA:29,0
DA:35,0
DA:39,0
DA:42,0
DA:43,0
DA:44,0
DA:46,0
DA:50,0
DA:54,0
DA:55,0
DA:56,0
DA:78,0
DA:79,0
DA:81,0
DA:103,0
DA:109,0
DA:110,0
DA:138,0
DA:139,0
DA:141,0
DA:144,0
DA:193,0
DA:194,0
DA:200,0
DA:205,0
DA:206,0
DA:244,0
DA:249,0
DA:250,0
DA:254,0
DA:255,0
DA:262,0
DA:273,0
DA:275,0
DA:289,0
DA:291,0
DA:292,0
DA:300,0
DA:310,0
DA:315,0
DA:316,0
DA:353,0
DA:359,0
DA:361,0
DA:371,0
DA:372,0
DA:378,0
DA:382,0
DA:383,0
DA:390,0
DA:400,0
DA:405,0
DA:406,0
DA:436,0
DA:441,0
DA:443,0
DA:453,0
DA:454,0
DA:462,0
DA:464,0
DA:469,0
DA:470,0
DA:503,0
DA:508,0
DA:510,0
DA:526,0
DA:527,0
DA:534,0
DA:551,0
DA:552,0
DA:553,0
DA:567,0
DA:573,0
DA:574,0
DA:609,0
DA:614,0
DA:616,0
DA:626,0
DA:627,0
DA:635,0
DA:649,0
DA:654,0
DA:655,0
DA:663,0
LF:87
LH:0
BRDA:193,0,0,0
BRDA:193,0,1,0
BRDA:254,1,0,0
BRDA:254,1,1,0
BRDA:273,2,0,0
BRDA:273,2,1,0
BRDA:273,3,0,0
BRDA:273,3,1,0
BRDA:289,4,0,0
BRDA:289,4,1,0
BRDA:371,5,0,0
BRDA:371,5,1,0
BRDA:382,6,0,0
BRDA:382,6,1,0
BRDA:382,7,0,0
BRDA:382,7,1,0
BRDA:453,8,0,0
BRDA:453,8,1,0
BRDA:526,9,0,0
BRDA:526,9,1,0
BRDA:551,10,0,0
BRDA:551,10,1,0
BRDA:626,11,0,0
BRDA:626,11,1,0
BRF:24
BRH:0
end_of_record
TN:
SF:src/routes/depthCharts/players.js
FN:70,(anonymous_0)
FN:191,(anonymous_1)
FN:266,(anonymous_2)
FN:295,(anonymous_3)
FN:353,(anonymous_4)
FN:382,(anonymous_5)
FNF:6
FNH:0
FNDA:0,(anonymous_0)
FNDA:0,(anonymous_1)
FNDA:0,(anonymous_2)
FNDA:0,(anonymous_3)
FNDA:0,(anonymous_4)
FNDA:0,(anonymous_5)
DA:18,0
DA:19,0
DA:20,0
DA:21,0
DA:27,0
DA:31,0
DA:33,0
DA:36,0
DA:65,0
DA:71,0
DA:72,0
DA:75,0
DA:87,0
DA:88,0
DA:95,0
DA:104,0
DA:105,0
DA:113,0
DA:123,0
DA:124,0
DA:131,0
DA:142,0
DA:151,0
DA:156,0
DA:157,0
DA:187,0
DA:192,0
DA:194,0
DA:211,0
DA:212,0
DA:219,0
DA:221,0
DA:226,0
DA:227,0
DA:262,0
DA:267,0
DA:269,0
DA:278,0
DA:279,0
DA:286,0
DA:295,0
DA:298,0
DA:315,0
DA:320,0
DA:321,0
DA:349,0
DA:354,0
DA:356,0
DA:365,0
DA:366,0
DA:373,0
DA:382,0
DA:385,0
DA:400,0
DA:405,0
DA:406,0
DA:414,0
LF:57
LH:0
BRDA:87,0,0,0
BRDA:87,0,1,0
BRDA:104,1,0,0
BRDA:104,1,1,0
BRDA:123,2,0,0
BRDA:123,2,1,0
BRDA:211,3,0,0
BRDA:211,3,1,0
BRDA:278,4,0,0
BRDA:278,4,1,0
BRDA:365,5,0,0
BRDA:365,5,1,0
BRF:12
BRH:0
end_of_record
TN:
SF:src/routes/depthCharts/positions.js
FN:71,(anonymous_0)
FN:145,(anonymous_1)
FN:210,(anonymous_2)
FNF:3
FNH:0
FNDA:0,(anonymous_0)
FNDA:0,(anonymous_1)
FNDA:0,(anonymous_2)
DA:18,0
DA:19,0
DA:20,0
DA:21,0
DA:25,0
DA:29,0
DA:31,0
DA:34,0
DA:66,0
DA:72,0
DA:74,0
DA:83,0
DA:84,0
DA:91,0
DA:96,0
DA:101,0
DA:102,0
DA:140,0
DA:146,0
DA:148,0
DA:160,0
DA:161,0
DA:168,0
DA:170,0
DA:175,0
DA:176,0
DA:206,0
DA:211,0
DA:213,0
DA:225,0
DA:226,0
DA:233,0
DA:235,0
DA:240,0
DA:241,0
DA:249,0
LF:36
LH:0
BRDA:83,0,0,0
BRDA:83,0,1,0
BRDA:160,1,0,0
BRDA:160,1,1,0
BRDA:225,2,0,0
BRDA:225,2,1,0
BRF:6
BRH:0
end_of_record
TN:
SF:src/routes/depthCharts/recommendations.js
FN:85,(anonymous_0)
FN:130,(anonymous_1)
FN:148,(anonymous_2)
FN:195,(anonymous_3)
FN:239,(anonymous_4)
FN:284,(anonymous_5)
FN:302,(anonymous_6)
FN:347,(anonymous_7)
FNF:8
FNH:0
FNDA:0,(anonymous_0)
FNDA:0,(anonymous_1)
FNDA:0,(anonymous_2)
FNDA:0,(anonymous_3)
FNDA:0,(anonymous_4)
FNDA:0,(anonymous_5)
FNDA:0,(anonymous_6)
FNDA:0,(anonymous_7)
DA:17,0
DA:18,0
DA:19,0
DA:20,0
DA:26,0
DA:27,0
DA:28,0
DA:30,0
DA:33,0
DA:80,0
DA:86,0
DA:88,0
DA:97,0
DA:98,0
DA:105,0
DA:114,0
DA:115,0
DA:122,0
DA:130,0
DA:133,0
DA:148,0
DA:149,0
DA:150,0
DA:153,0
DA:154,0
DA:155,0
DA:156,0
DA:160,0
DA:161,0
DA:162,0
DA:165,0
DA:166,0
DA:167,0
DA:168,0
DA:170,0
DA:171,0
DA:176,0
DA:177,0
DA:178,0
DA:181,0
DA:182,0
DA:185,0
DA:194,0
DA:195,0
DA:198,0
DA:203,0
DA:204,0
DA:234,0
DA:240,0
DA:242,0
DA:251,0
DA:252,0
DA:259,0
DA:268,0
DA:269,0
DA:276,0
DA:284,0
DA:287,0
DA:302,0
DA:303,0
DA:304,0
DA:307,0
DA:308,0
DA:309,0
DA:310,0
DA:314,0
DA:315,0
DA:316,0
DA:319,0
DA:320,0
DA:321,0
DA:322,0
DA:323,0
DA:324,0
DA:330,0
DA:331,0
DA:332,0
DA:334,0
DA:335,0
DA:338,0
DA:346,0
DA:347,0
DA:350,0
DA:355,0
DA:356,0
DA:364,0
LF:86
LH:0
BRDA:97,0,0,0
BRDA:97,0,1,0
BRDA:114,1,0,0
BRDA:114,1,1,0
BRDA:153,2,0,0
BRDA:153,2,1,0
BRDA:153,3,0,0
BRDA:153,3,1,0
BRDA:165,4,0,0
BRDA:165,4,1,0
BRDA:168,5,0,0
BRDA:168,5,1,0
BRDA:176,6,0,0
BRDA:176,6,1,0
BRDA:251,7,0,0
BRDA:251,7,1,0
BRDA:268,8,0,0
BRDA:268,8,1,0
BRDA:307,9,0,0
BRDA:307,9,1,0
BRDA:307,10,0,0
BRDA:307,10,1,0
BRDA:319,11,0,0
BRDA:319,11,1,0
BRDA:322,12,0,0
BRDA:322,12,1,0
BRDA:330,13,0,0
BRDA:330,13,1,0
BRF:28
BRH:0
end_of_record
TN:
SF:src/routes/depthCharts/validators.js
FN:57,(anonymous_0)
FNF:1
FNH:0
FNDA:0,(anonymous_0)
DA:9,0
DA:16,0
DA:29,0
DA:44,0
DA:57,0
DA:58,0
DA:59,0
DA:60,0
DA:66,0
DA:69,0
LF:10
LH:0
BRDA:59,0,0,0
BRDA:59,0,1,0
BRF:2
BRH:0
end_of_record
TN:
SF:src/routes/reports/analytics.js
FN:99,(anonymous_0)
FN:135,(anonymous_1)
FN:136,(anonymous_2)
FN:180,(anonymous_3)
FN:201,(anonymous_4)
FN:202,(anonymous_5)
FN:203,(anonymous_6)
FN:204,(anonymous_7)
FN:208,(anonymous_8)
FN:209,(anonymous_9)
FN:210,(anonymous_10)
FN:211,(anonymous_11)
FN:256,(anonymous_12)
FN:280,(anonymous_13)
FN:280,(anonymous_14)
FN:282,(anonymous_15)
FN:296,(anonymous_16)
FN:349,(anonymous_17)
FN:374,(anonymous_18)
FN:375,(anonymous_19)
FN:376,(anonymous_20)
FN:377,(anonymous_21)
FN:380,(anonymous_22)
FN:381,(anonymous_23)
FN:382,(anonymous_24)
FN:383,(anonymous_25)
FN:390,(anonymous_26)
FNF:27
FNH:0
FNDA:0,(anonymous_0)
FNDA:0,(anonymous_1)
FNDA:0,(anonymous_2)
FNDA:0,(anonymous_3)
FNDA:0,(anonymous_4)
FNDA:0,(anonymous_5)
FNDA:0,(anonymous_6)
FNDA:0,(anonymous_7)
FNDA:0,(anonymous_8)
FNDA:0,(anonymous_9)
FNDA:0,(anonymous_10)
FNDA:0,(anonymous_11)
FNDA:0,(anonymous_12)
FNDA:0,(anonymous_13)
FNDA:0,(anonymous_14)
FNDA:0,(anonymous_15)
FNDA:0,(anonymous_16)
FNDA:0,(anonymous_17)
FNDA:0,(anonymous_18)
FNDA:0,(anonymous_19)
FNDA:0,(anonymous_20)
FNDA:0,(anonymous_21)
FNDA:0,(anonymous_22)
FNDA:0,(anonymous_23)
FNDA:0,(anonymous_24)
FNDA:0,(anonymous_25)
FNDA:0,(anonymous_26)
DA:41,0
DA:42,0
DA:43,0
DA:44,0
DA:45,0
DA:46,0
DA:48,0
DA:51,0
DA:99,0
DA:100,0
DA:101,0
DA:104,0
DA:110,0
DA:112,0
DA:115,0
DA:127,0
DA:135,0
DA:136,0
DA:142,0
DA:143,0
DA:180,0
DA:181,0
DA:182,0
DA:185,0
DA:187,0
DA:190,0
DA:193,0
DA:198,0
DA:201,0
DA:202,0
DA:203,0
DA:204,0
DA:208,0
DA:209,0
DA:210,0
DA:211,0
DA:216,0
DA:222,0
DA:223,0
DA:256,0
DA:257,0
DA:258,0
DA:261,0
DA:262,0
DA:263,0
DA:267,0
DA:279,0
DA:280,0
DA:281,0
DA:282,0
DA:286,0
DA:296,0
DA:297,0
DA:298,0
DA:299,0
DA:301,0
DA:304,0
DA:310,0
DA:311,0
DA:312,0
DA:313,0
DA:349,0
DA:350,0
DA:352,0
DA:371,0
DA:374,0
DA:375,0
DA:376,0
DA:377,0
DA:380,0
DA:381,0
DA:382,0
DA:383,0
DA:390,0
DA:391,0
DA:392,0
DA:393,0
DA:395,0
DA:398,0
DA:404,0
DA:405,0
DA:412,0
LF:82
LH:0
BRDA:110,0,0,0
BRDA:110,0,1,0
BRDA:112,1,0,0
BRDA:112,1,1,0
BRDA:135,2,0,0
BRDA:135,2,1,0
BRDA:135,3,0,0
BRDA:135,3,1,0
BRDA:136,4,0,0
BRDA:136,4,1,0
BRDA:136,5,0,0
BRDA:136,5,1,0
BRDA:187,6,0,0
BRDA:187,6,1,0
BRDA:204,7,0,0
BRDA:204,7,1,0
BRDA:213,8,0,0
BRDA:213,8,1,0
BRDA:262,9,0,0
BRDA:262,9,1,0
BRDA:262,10,0,0
BRDA:262,10,1,0
BRDA:281,11,0,0
BRDA:281,11,1,0
BRDA:298,12,0,0
BRDA:298,12,1,0
BRDA:383,13,0,0
BRDA:383,13,1,0
BRDA:392,14,0,0
BRDA:392,14,1,0
BRF:30
BRH:0
end_of_record
TN:
SF:src/routes/reports/exports.js
FN:75,(anonymous_0)
FN:138,(anonymous_1)
FNF:2
FNH:0
FNDA:0,(anonymous_0)
FNDA:0,(anonymous_1)
DA:29,0
DA:30,0
DA:31,0
DA:33,0
DA:36,0
DA:75,0
DA:76,0
DA:77,0
DA:86,0
DA:93,0
DA:94,0
DA:138,0
DA:139,0
DA:140,0
DA:150,0
DA:157,0
DA:158,0
DA:165,0
LF:18
LH:0
BRF:0
BRH:0
end_of_record
TN:
SF:src/routes/reports/helpers.js
FN:22,(anonymous_0)
FNF:1
FNH:0
FNDA:0,(anonymous_0)
DA:22,0
DA:23,0
DA:30,0
DA:33,0
LF:4
LH:0
BRDA:30,0,0,0
BRDA:30,0,1,0
BRF:2
BRH:0
end_of_record
TN:
SF:src/routes/reports/index.js
FN:100,(anonymous_0)
FN:160,(anonymous_1)
FN:219,(anonymous_2)
FN:288,(anonymous_3)
FN:345,(anonymous_4)
FN:401,(anonymous_5)
FNF:6
FNH:0
FNDA:0,(anonymous_0)
FNDA:0,(anonymous_1)
FNDA:0,(anonymous_2)
FNDA:0,(anonymous_3)
FNDA:0,(anonymous_4)
FNDA:0,(anonymous_5)
DA:46,0
DA:47,0
DA:48,0
DA:49,0
DA:54,0
DA:57,0
DA:58,0
DA:59,0
DA:61,0
DA:65,0
DA:69,0
DA:70,0
DA:71,0
DA:100,0
DA:101,0
DA:103,0
DA:120,0
DA:126,0
DA:127,0
DA:160,0
DA:161,0
DA:163,0
DA:179,0
DA:180,0
DA:186,0
DA:192,0
DA:193,0
DA:219,0
DA:220,0
DA:222,0
DA:238,0
DA:239,0
DA:245,0
DA:251,0
DA:252,0
DA:288,0
DA:289,0
DA:291,0
DA:301,0
DA:308,0
DA:309,0
DA:345,0
DA:346,0
DA:348,0
DA:357,0
DA:358,0
DA:365,0
DA:367,0
DA:374,0
DA:375,0
DA:401,0
DA:402,0
DA:404,0
DA:413,0
DA:414,0
DA:421,0
DA:423,0
DA:429,0
DA:430,0
DA:437,0
LF:60
LH:0
BRDA:179,0,0,0
BRDA:179,0,1,0
BRDA:238,1,0,0
BRDA:238,1,1,0
BRDA:298,2,0,0
BRDA:298,2,1,0
BRDA:357,3,0,0
BRDA:357,3,1,0
BRDA:413,4,0,0
BRDA:413,4,1,0
BRF:10
BRH:0
end_of_record
TN:
SF:src/routes/reports/scouting.js
FN:66,(anonymous_0)
FN:153,(anonymous_1)
FN:237,(anonymous_2)
FN:306,(anonymous_3)
FNF:4
FNH:0
FNDA:0,(anonymous_0)
FNDA:0,(anonymous_1)
FNDA:0,(anonymous_2)
FNDA:0,(anonymous_3)
DA:22,0
DA:23,0
DA:24,0
DA:25,0
DA:27,0
DA:30,0
DA:66,0
DA:67,0
DA:69,0
DA:70,0
DA:71,0
DA:74,0
DA:77,0
DA:78,0
DA:82,0
DA:83,0
DA:89,0
DA:105,0
DA:117,0
DA:118,0
DA:153,0
DA:154,0
DA:157,0
DA:164,0
DA:165,0
DA:172,0
DA:179,0
DA:192,0
DA:199,0
DA:200,0
DA:237,0
DA:238,0
DA:240,0
DA:257,0
DA:258,0
DA:264,0
DA:270,0
DA:271,0
DA:306,0
DA:307,0
DA:309,0
DA:320,0
DA:321,0
DA:329,0
DA:330,0
DA:337,0
DA:338,0
DA:346,0
DA:349,0
DA:362,0
DA:369,0
DA:370,0
DA:377,0
LF:53
LH:0
BRDA:69,0,0,0
BRDA:69,0,1,0
BRDA:70,1,0,0
BRDA:70,1,1,0
BRDA:77,2,0,0
BRDA:77,2,1,0
BRDA:82,3,0,0
BRDA:82,3,1,0
BRDA:82,4,0,0
BRDA:82,4,1,0
BRDA:164,5,0,0
BRDA:164,5,1,0
BRDA:257,6,0,0
BRDA:257,6,1,0
BRDA:320,7,0,0
BRDA:320,7,1,0
BRDA:329,8,0,0
BRDA:329,8,1,0
BRDA:329,9,0,0
BRDA:329,9,1,0
BRDA:337,10,0,0
BRDA:337,10,1,0
BRF:22
BRH:0
end_of_record
TN:
SF:src/routes/reports/validators.js
FN:70,(anonymous_0)
FNF:1
FNH:0
FNDA:0,(anonymous_0)
DA:9,0
DA:28,0
DA:53,0
DA:70,0
DA:71,0
DA:72,0
DA:73,0
DA:79,0
DA:82,0
LF:9
LH:0
BRDA:72,0,0,0
BRDA:72,0,1,0
BRF:2
BRH:0
end_of_record
TN:
SF:src/routes/settings/account.js
FN:90,(anonymous_0)
FN:196,(anonymous_1)
FN:279,(anonymous_2)
FN:359,(anonymous_3)
FNF:4
FNH:0
FNDA:0,(anonymous_0)
FNDA:0,(anonymous_1)
FNDA:0,(anonymous_2)
FNDA:0,(anonymous_3)
DA:23,0
DA:24,0
DA:25,0
DA:26,0
DA:27,0
DA:29,0
DA:32,0
DA:87,0
DA:91,0
DA:93,0
DA:95,0
DA:96,0
DA:104,0
DA:105,0
DA:109,0
DA:110,0
DA:119,0
DA:120,0
DA:121,0
DA:122,0
DA:123,0
DA:124,0
DA:125,0
DA:126,0
DA:129,0
DA:131,0
DA:147,0
DA:148,0
DA:196,0
DA:197,0
DA:207,0
DA:209,0
DA:210,0
DA:218,0
DA:221,0
DA:223,0
DA:230,0
DA:231,0
DA:276,0
DA:280,0
DA:282,0
DA:284,0
DA:285,0
DA:297,0
DA:299,0
DA:305,0
DA:306,0
DA:359,0
DA:360,0
DA:362,0
DA:371,0
DA:372,0
DA:380,0
DA:403,0
DA:404,0
DA:405,0
DA:408,0
DA:409,0
DA:416,0
LF:59
LH:0
BRDA:95,0,0,0
BRDA:95,0,1,0
BRDA:104,1,0,0
BRDA:104,1,1,0
BRDA:104,2,0,0
BRDA:104,2,1,0
BRDA:109,3,0,0
BRDA:109,3,1,0
BRDA:120,4,0,0
BRDA:120,4,1,0
BRDA:121,5,0,0
BRDA:121,5,1,0
BRDA:122,6,0,0
BRDA:122,6,1,0
BRDA:123,7,0,0
BRDA:123,7,1,0
BRDA:124,8,0,0
BRDA:124,8,1,0
BRDA:125,9,0,0
BRDA:125,9,1,0
BRDA:126,10,0,0
BRDA:126,10,1,0
BRDA:209,11,0,0
BRDA:209,11,1,0
BRDA:284,12,0,0
BRDA:284,12,1,0
BRDA:371,13,0,0
BRDA:371,13,1,0
BRDA:393,14,0,0
BRDA:393,14,1,0
BRF:30
BRH:0
end_of_record
TN:
SF:src/routes/settings/general.js
FN:90,(anonymous_0)
FNF:1
FNH:0
FNDA:0,(anonymous_0)
DA:23,0
DA:24,0
DA:25,0
DA:26,0
DA:27,0
DA:29,0
DA:32,0
DA:87,0
DA:91,0
DA:93,0
DA:95,0
DA:96,0
DA:104,0
DA:105,0
DA:114,0
DA:116,0
DA:123,0
DA:124,0
DA:132,0
LF:19
LH:0
BRDA:95,0,0,0
BRDA:95,0,1,0
BRDA:104,1,0,0
BRDA:104,1,1,0
BRF:4
BRH:0
end_of_record
TN:
SF:src/routes/settings/helpers.js
FN:21,(anonymous_0)
FNF:1
FNH:0
FNDA:0,(anonymous_0)
DA:9,0
DA:21,0
DA:22,0
DA:23,0
DA:24,0
DA:30,0
DA:33,0
LF:7
LH:0
BRDA:23,0,0,0
BRDA:23,0,1,0
BRF:2
BRH:0
end_of_record
TN:
SF:src/routes/settings/index.js
FN:82,(anonymous_0)
FNF:1
FNH:0
FNDA:0,(anonymous_0)
DA:24,0
DA:25,0
DA:26,0
DA:29,0
DA:30,0
DA:31,0
DA:32,0
DA:33,0
DA:35,0
DA:39,0
DA:43,0
DA:44,0
DA:45,0
DA:46,0
DA:47,0
DA:82,0
DA:83,0
DA:85,0
DA:94,0
DA:95,0
DA:103,0
DA:183,0
DA:189,0
DA:190,0
DA:197,0
LF:25
LH:0
BRDA:94,0,0,0
BRDA:94,0,1,0
BRDA:106,1,0,0
BRDA:106,1,1,0
BRDA:107,2,0,0
BRDA:107,2,1,0
BRDA:108,3,0,0
BRDA:108,3,1,0
BRDA:109,4,0,0
BRDA:109,4,1,0
BRDA:110,5,0,0
BRDA:110,5,1,0
BRDA:111,6,0,0
BRDA:111,6,1,0
BRDA:112,7,0,0
BRDA:112,7,1,0
BRDA:113,8,0,0
BRDA:113,8,1,0
BRDA:117,9,0,0
BRDA:117,9,1,0
BRDA:118,10,0,0
BRDA:118,10,1,0
BRDA:119,11,0,0
BRDA:119,11,1,0
BRDA:120,12,0,0
BRDA:120,12,1,0
BRDA:121,13,0,0
BRDA:121,13,1,0
BRDA:122,14,0,0
BRDA:122,14,1,0
BRDA:123,15,0,0
BRDA:123,15,1,0
BRDA:124,16,0,0
BRDA:124,16,1,0
BRDA:129,17,0,0
BRDA:129,17,1,0
BRDA:130,18,0,0
BRDA:130,18,1,0
BRDA:132,19,0,0
BRDA:132,19,1,0
BRDA:133,20,0,0
BRDA:133,20,1,0
BRDA:134,21,0,0
BRDA:134,21,1,0
BRDA:135,22,0,0
BRDA:135,22,1,0
BRDA:136,23,0,0
BRDA:136,23,1,0
BRDA:137,24,0,0
BRDA:137,24,1,0
BRDA:141,25,0,0
BRDA:141,25,1,0
[...]
BRDA:43,4,1,2
BRDA:61,5,0,4
BRDA:62,6,0,2
BRDA:62,6,1,10
BRDA:62,7,0,12
BRDA:62,7,1,11
BRDA:96,8,0,1
BRDA:96,8,1,2
BRDA:102,9,0,1
BRDA:102,9,1,1
BRDA:124,10,0,1
BRDA:124,10,1,2
BRDA:129,11,0,1
BRDA:129,11,1,1
BRDA:131,12,0,2
BRDA:131,12,1,0
BRDA:152,13,0,1
BRDA:152,13,1,3
BRDA:157,14,0,3
BRDA:157,14,1,2
BRDA:157,14,2,1
BRDA:159,15,0,3
BRDA:159,15,1,0
BRF:31
BRH:29
end_of_record
TN:
SF:src/services/prestoSportsService.js
FN:6,(anonymous_0)
FN:14,(anonymous_1)
FN:31,(anonymous_2)
FN:45,(anonymous_3)
FN:68,(anonymous_4)
FN:93,(anonymous_5)
FN:120,(anonymous_6)
FN:127,(anonymous_7)
FN:134,(anonymous_8)
FN:141,(anonymous_9)
FN:148,(anonymous_10)
FN:155,(anonymous_11)
FN:162,(anonymous_12)
FN:169,(anonymous_13)
FN:176,(anonymous_14)
FN:183,(anonymous_15)
FN:190,(anonymous_16)
FN:197,(anonymous_17)
FN:204,(anonymous_18)
FN:211,(anonymous_19)
FN:218,(anonymous_20)
FN:225,(anonymous_21)
FN:232,(anonymous_22)
FN:239,(anonymous_23)
FN:246,(anonymous_24)
FN:253,(anonymous_25)
FN:260,(anonymous_26)
FN:270,(anonymous_27)
FNF:28
FNH:1
FNDA:21,(anonymous_0)
FNDA:0,(anonymous_1)
FNDA:0,(anonymous_2)
FNDA:0,(anonymous_3)
FNDA:0,(anonymous_4)
FNDA:0,(anonymous_5)
FNDA:0,(anonymous_6)
FNDA:0,(anonymous_7)
FNDA:0,(anonymous_8)
FNDA:0,(anonymous_9)
FNDA:0,(anonymous_10)
FNDA:0,(anonymous_11)
FNDA:0,(anonymous_12)
FNDA:0,(anonymous_13)
FNDA:0,(anonymous_14)
FNDA:0,(anonymous_15)
FNDA:0,(anonymous_16)
FNDA:0,(anonymous_17)
FNDA:0,(anonymous_18)
FNDA:0,(anonymous_19)
FNDA:0,(anonymous_20)
FNDA:0,(anonymous_21)
FNDA:0,(anonymous_22)
FNDA:0,(anonymous_23)
FNDA:0,(anonymous_24)
FNDA:0,(anonymous_25)
FNDA:0,(anonymous_26)
FNDA:0,(anonymous_27)
DA:1,21
DA:3,21
DA:7,21
DA:8,21
DA:15,0
DA:16,0
DA:19,0
DA:20,0
DA:21,0
DA:22,0
DA:25,0
DA:32,0
DA:46,0
DA:47,0
DA:56,0
DA:58,0
DA:59,0
DA:69,0
DA:70,0
DA:78,0
DA:80,0
DA:81,0
DA:94,0
DA:95,0
DA:105,0
DA:106,0
DA:109,0
DA:110,0
DA:112,0
DA:113,0
DA:121,0
DA:128,0
DA:135,0
DA:142,0
DA:149,0
DA:156,0
DA:163,0
DA:170,0
DA:177,0
DA:184,0
DA:191,0
DA:198,0
DA:205,0
DA:212,0
DA:219,0
DA:226,0
DA:233,0
DA:240,0
DA:247,0
DA:254,0
DA:261,0
DA:271,0
DA:272,0
DA:273,0
DA:275,0
DA:281,0
DA:289,21
LF:57
LH:5
BRDA:16,0,0,0
BRDA:16,0,1,0
BRDA:20,1,0,0
BRDA:20,1,1,0
BRDA:58,2,0,0
BRDA:58,2,1,0
BRDA:59,3,0,0
BRDA:59,3,1,0
BRDA:80,4,0,0
BRDA:80,4,1,0
BRDA:81,5,0,0
BRDA:81,5,1,0
BRDA:93,6,0,0
BRDA:93,7,0,0
BRDA:105,8,0,0
BRDA:105,8,1,0
BRDA:112,9,0,0
BRDA:112,9,1,0
BRDA:141,10,0,0
BRDA:148,11,0,0
BRDA:211,12,0,0
BRDA:218,13,0,0
BRDA:225,14,0,0
BRDA:232,15,0,0
BRDA:239,16,0,0
BRDA:246,17,0,0
BRDA:283,18,0,0
BRDA:283,18,1,0
BRF:28
BRH:0
end_of_record
TN:
SF:src/services/prestoSyncService.js
FN:9,(anonymous_0)
FN:25,(anonymous_1)
FN:48,(anonymous_2)
FN:73,(anonymous_3)
FN:97,(anonymous_4)
FN:112,(anonymous_5)
FN:122,(anonymous_6)
FN:185,(anonymous_7)
FN:280,(anonymous_8)
FN:297,(anonymous_9)
FN:428,(anonymous_10)
FNF:11
FNH:0
FNDA:0,(anonymous_0)
FNDA:0,(anonymous_1)
FNDA:0,(anonymous_2)
FNDA:0,(anonymous_3)
FNDA:0,(anonymous_4)
FNDA:0,(anonymous_5)
FNDA:0,(anonymous_6)
FNDA:0,(anonymous_7)
FNDA:0,(anonymous_8)
FNDA:0,(anonymous_9)
FNDA:0,(anonymous_10)
DA:1,21
DA:2,21
DA:3,21
DA:10,0
DA:11,0
DA:12,0
DA:15,0
DA:16,0
DA:18,0
DA:27,0
DA:28,0
DA:29,0
DA:33,0
DA:34,0
DA:40,0
DA:42,0
DA:49,0
DA:67,0
DA:74,0
DA:91,0
DA:98,0
DA:101,0
DA:102,0
DA:103,0
DA:106,0
DA:113,0
DA:114,0
DA:115,0
DA:116,0
DA:123,0
DA:124,0
DA:125,0
DA:128,0
DA:129,0
DA:131,0
DA:132,0
DA:138,0
DA:139,0
DA:140,0
DA:159,0
DA:163,0
DA:164,0
DA:166,0
DA:169,0
DA:177,0
DA:179,0
DA:186,0
DA:187,0
DA:188,0
DA:191,0
DA:192,0
DA:194,0
DA:195,0
DA:201,0
DA:202,0
DA:205,0
DA:206,0
DA:207,0
DA:208,0
DA:210,0
DA:211,0
DA:214,0
DA:215,0
DA:219,0
DA:220,0
DA:222,0
DA:223,0
DA:224,0
DA:225,0
DA:226,0
DA:228,0
DA:229,0
DA:233,0
DA:252,0
DA:256,0
DA:257,0
DA:258,0
DA:260,0
DA:261,0
DA:264,0
DA:272,0
DA:274,0
DA:281,0
DA:291,0
DA:298,0
DA:299,0
DA:300,0
DA:303,0
DA:306,0
DA:314,0
DA:321,0
DA:322,0
DA:323,0
DA:324,0
DA:327,0
DA:329,0
DA:330,0
DA:332,0
DA:339,0
DA:341,0
DA:344,0
DA:392,0
DA:396,0
DA:397,0
DA:399,0
DA:402,0
DA:410,0
DA:412,0
DA:420,0
DA:422,0
DA:429,0
DA:436,0
DA:437,0
DA:439,0
DA:442,0
DA:443,0
DA:445,0
DA:448,0
DA:449,0
DA:451,0
DA:454,0
DA:458,21
LF:122
LH:4
BRDA:11,0,0,0
BRDA:11,0,1,0
BRDA:11,1,0,0
BRDA:11,1,1,0
BRDA:28,2,0,0
BRDA:28,2,1,0
BRDA:67,3,0,0
BRDA:67,3,1,0
BRDA:91,4,0,0
BRDA:91,4,1,0
BRDA:98,5,0,0
BRDA:98,5,1,0
BRDA:102,6,0,0
BRDA:102,6,1,0
BRDA:113,7,0,0
BRDA:113,7,1,0
BRDA:113,8,0,0
BRDA:113,8,1,0
BRDA:114,9,0,0
BRDA:114,9,1,0
BRDA:115,10,0,0
BRDA:115,10,1,0
BRDA:124,11,0,0
BRDA:124,11,1,0
BRDA:131,12,0,0
BRDA:131,12,1,0
BRDA:141,13,0,0
BRDA:141,13,1,0
BRDA:142,14,0,0
BRDA:142,14,1,0
BRDA:145,15,0,0
BRDA:145,15,1,0
BRDA:146,16,0,0
BRDA:146,16,1,0
BRDA:147,17,0,0
BRDA:147,17,1,0
BRDA:148,18,0,0
BRDA:148,18,1,0
BRDA:151,19,0,0
BRDA:151,19,1,0
BRDA:163,20,0,0
BRDA:163,20,1,0
BRDA:187,21,0,0
BRDA:187,21,1,0
BRDA:194,22,0,0
BRDA:194,22,1,0
BRDA:205,23,0,0
BRDA:205,23,1,0
BRDA:205,24,0,0
BRDA:205,24,1,0
BRDA:206,25,0,0
BRDA:206,25,1,0
BRDA:206,26,0,0
BRDA:206,26,1,0
BRDA:207,27,0,0
BRDA:207,27,1,0
BRDA:210,28,0,0
BRDA:210,28,1,0
BRDA:214,29,0,0
BRDA:214,29,1,0
BRDA:214,29,2,0
BRDA:215,30,0,0
BRDA:215,30,1,0
BRDA:222,31,0,0
BRDA:222,31,1,0
BRDA:222,32,0,0
BRDA:222,32,1,0
BRDA:223,33,0,0
BRDA:223,33,1,0
BRDA:224,34,0,0
BRDA:224,34,1,0
BRDA:225,35,0,0
BRDA:225,35,1,0
BRDA:225,35,2,0
BRDA:226,36,0,0
BRDA:226,36,1,0
BRDA:226,36,2,0
BRDA:228,37,0,0
BRDA:228,37,1,0
BRDA:228,37,2,0
BRDA:229,38,0,0
BRDA:229,38,1,0
BRDA:229,38,2,0
BRDA:235,39,0,0
BRDA:235,39,1,0
BRDA:236,40,0,0
BRDA:236,40,1,0
BRDA:236,40,2,0
BRDA:241,41,0,0
BRDA:241,41,1,0
BRDA:241,41,2,0
BRDA:242,42,0,0
BRDA:242,42,1,0
BRDA:242,42,2,0
BRDA:244,43,0,0
BRDA:244,43,1,0
BRDA:256,44,0,0
BRDA:256,44,1,0
BRDA:265,45,0,0
BRDA:265,45,1,0
BRDA:291,46,0,0
BRDA:291,46,1,0
BRDA:299,47,0,0
BRDA:299,47,1,0
BRDA:324,48,0,0
BRDA:324,48,1,0
BRDA:327,49,0,0
BRDA:327,49,1,0
BRDA:327,49,2,0
BRDA:334,50,0,0
BRDA:334,50,1,0
BRDA:339,51,0,0
BRDA:339,51,1,0
BRDA:348,52,0,0
BRDA:348,52,1,0
BRDA:351,53,0,0
BRDA:351,53,1,0
BRDA:354,54,0,0
BRDA:354,54,1,0
BRDA:354,54,2,0
BRDA:355,55,0,0
BRDA:355,55,1,0
BRDA:355,55,2,0
BRDA:356,56,0,0
BRDA:356,56,1,0
BRDA:356,56,2,0
BRDA:357,57,0,0
BRDA:357,57,1,0
BRDA:357,57,2,0
BRDA:358,58,0,0
BRDA:358,58,1,0
BRDA:358,58,2,0
BRDA:359,59,0,0
BRDA:359,59,1,0
BRDA:359,59,2,0
BRDA:360,60,0,0
BRDA:360,60,1,0
BRDA:361,61,0,0
BRDA:361,61,1,0
BRDA:361,61,2,0
BRDA:362,62,0,0
BRDA:362,62,1,0
BRDA:362,62,2,0
BRDA:363,63,0,0
BRDA:363,63,1,0
BRDA:363,63,2,0
BRDA:364,64,0,0
BRDA:364,64,1,0
BRDA:364,64,2,0
BRDA:365,65,0,0
BRDA:365,65,1,0
BRDA:366,66,0,0
BRDA:366,66,1,0
BRDA:367,67,0,0
BRDA:367,67,1,0
BRDA:367,67,2,0
BRDA:370,68,0,0
BRDA:370,68,1,0
BRDA:370,68,2,0
BRDA:371,69,0,0
BRDA:371,69,1,0
BRDA:371,69,2,0
BRDA:372,70,0,0
BRDA:372,70,1,0
BRDA:372,70,2,0
BRDA:373,71,0,0
BRDA:373,71,1,0
BRDA:373,71,2,0
BRDA:374,72,0,0
BRDA:374,72,1,0
BRDA:374,72,2,0
BRDA:375,73,0,0
BRDA:375,73,1,0
BRDA:375,73,2,0
BRDA:376,74,0,0
BRDA:376,74,1,0
BRDA:376,74,2,0
BRDA:377,75,0,0
BRDA:377,75,1,0
BRDA:377,75,2,0
BRDA:378,76,0,0
BRDA:378,76,1,0
BRDA:378,76,2,0
BRDA:379,77,0,0
BRDA:379,77,1,0
BRDA:379,77,2,0
BRDA:380,78,0,0
BRDA:380,78,1,0
BRDA:381,79,0,0
BRDA:381,79,1,0
BRDA:382,80,0,0
BRDA:382,80,1,0
BRDA:383,81,0,0
BRDA:383,81,1,0
BRDA:386,82,0,0
BRDA:386,82,1,0
BRDA:386,82,2,0
BRDA:387,83,0,0
BRDA:387,83,1,0
BRDA:387,83,2,0
BRDA:388,84,0,0
BRDA:388,84,1,0
BRDA:388,84,2,0
BRDA:396,85,0,0
BRDA:396,85,1,0
BRF:205
BRH:0
end_of_record
TN:
SF:src/services/tokenBlacklistService.js
FN:17,(anonymous_0)
FN:41,(anonymous_1)
FN:94,(anonymous_2)
FN:135,(anonymous_3)
FNF:4
FNH:4
FNDA:6,(anonymous_0)
FNDA:9,(anonymous_1)
FNDA:9,(anonymous_2)
FNDA:4,(anonymous_3)
DA:1,23
DA:2,23
DA:18,6
DA:19,6
DA:26,5
DA:28,1
DA:29,1
DA:42,9
DA:44,9
DA:53,8
DA:54,1
DA:58,7
DA:59,3
DA:60,3
DA:71,3
DA:72,1
DA:76,6
DA:78,1
DA:81,1
DA:95,9
DA:99,9
DA:103,9
DA:104,9
DA:107,9
DA:115,8
DA:122,8
DA:123,8
DA:125,1
DA:126,1
DA:136,4
DA:137,4
DA:145,3
DA:146,3
DA:148,1
DA:149,1
DA:155,23
LF:36
LH:36
BRDA:41,0,0,5
BRDA:41,1,0,6
BRDA:53,2,0,1
BRDA:53,2,1,7
BRDA:58,3,0,3
BRDA:58,3,1,4
BRDA:58,4,0,7
BRDA:58,4,1,4
BRDA:71,5,0,1
BRDA:71,5,1,2
BRDA:71,6,0,3
BRDA:71,6,1,2
BRF:12
BRH:12
end_of_record
TN:
SF:src/test/helpers.js
FN:11,getCsrfToken
FN:29,requestWithCsrf
FN:46,authenticatedRequestWithCsrf
FNF:3
FNH:1
FNDA:20,getCsrfToken
FNDA:0,requestWithCsrf
FNDA:0,authenticatedRequestWithCsrf
DA:4,16
DA:12,20
DA:16,20
DA:30,0
DA:32,0
DA:47,0
DA:49,0
DA:56,16
LF:8
LH:4
BRDA:18,0,0,20
BRDA:18,0,1,0
BRF:2
BRH:1
end_of_record
TN:
SF:src/utils/cleanupExpiredTokens.js
FN:27,main
FNF:1
FNH:0
FNDA:0,main
DA:19,0
DA:20,0
DA:21,0
DA:28,0
DA:30,0
DA:31,0
DA:32,0
DA:33,0
DA:34,0
DA:35,0
DA:37,0
DA:39,0
DA:40,0
DA:43,0
DA:45,0
DA:47,0
DA:48,0
DA:49,0
DA:50,0
DA:51,0
DA:52,0
DA:53,0
DA:54,0
DA:55,0
DA:56,0
DA:57,0
DA:60,0
DA:61,0
DA:63,0
DA:64,0
DA:65,0
DA:66,0
DA:67,0
DA:68,0
DA:69,0
DA:71,0
DA:72,0
DA:73,0
DA:74,0
DA:77,0
DA:78,0
DA:81,0
DA:82,0
DA:87,0
DA:92,0
DA:93,0
DA:96,0
LF:47
LH:0
BRDA:71,0,0,0
BRDA:71,0,1,0
BRDA:92,1,0,0
BRDA:92,1,1,0
BRF:4
BRH:0
end_of_record
TN:
SF:src/utils/csvExport.js
FN:26,(anonymous_0)
FN:83,(anonymous_1)
FN:95,(anonymous_2)
FN:98,(anonymous_3)
FN:100,(anonymous_4)
FN:102,(anonymous_5)
FN:129,(anonymous_6)
FNF:7
FNH:7
FNDA:33346,(anonymous_0)
FNDA:34,(anonymous_1)
FNDA:150,(anonymous_2)
FNDA:11028,(anonymous_3)
FNDA:33157,(anonymous_4)
FNDA:33164,(anonymous_5)
FNDA:24,(anonymous_6)
DA:26,1
DA:28,33346
DA:29,12
DA:33,33334
DA:36,33334
DA:41,33334
DA:43,2027
DA:46,31307
DA:83,1
DA:85,34
DA:86,4
DA:90,30
DA:91,5
DA:95,150
DA:98,25
DA:99,11028
DA:102,33157
DA:103,33164
DA:105,33157
DA:111,25
DA:129,1
DA:131,24
DA:132,6
DA:136,18
DA:137,18
DA:138,18
DA:139,18
DA:141,18
DA:144,1
LF:29
LH:29
BRDA:28,0,0,12
BRDA:28,0,1,33334
BRDA:28,1,0,33346
BRDA:28,1,1,33335
BRDA:36,2,0,33334
BRDA:36,2,1,32321
BRDA:36,2,2,31313
BRDA:36,2,3,31308
BRDA:41,3,0,2027
BRDA:41,3,1,31307
BRDA:85,4,0,4
BRDA:85,4,1,30
BRDA:90,5,0,5
BRDA:90,5,1,25
BRDA:90,6,0,30
BRDA:90,6,1,26
BRDA:103,7,0,33155
BRDA:103,7,1,9
BRDA:103,8,0,33164
BRDA:103,8,1,33162
BRDA:129,9,0,7
BRDA:131,10,0,6
BRDA:131,10,1,18
BRDA:131,11,0,24
BRDA:131,11,1,21
BRF:25
BRH:25
end_of_record
TN:
SF:src/utils/jwtSecretValidator.js
FN:54,calculateEntropyScore
FN:85,isRepetitivePattern
FN:120,validateJwtSecret
FN:146,(anonymous_3)
FN:209,isSecureSecret
FN:219,getSecretGenerationInstructions
FNF:6
FNH:6
FNDA:78,calculateEntropyScore
FNDA:78,isRepetitivePattern
FNDA:78,validateJwtSecret
FNDA:709,(anonymous_3)
FNDA:5,isSecureSecret
FNDA:7,getSecretGenerationInstructions
DA:9,23
DA:12,23
DA:32,23
DA:55,78
DA:56,3
DA:60,75
DA:61,75
DA:62,2104
DA:66,75
DA:67,75
DA:68,75
DA:69,829
DA:70,829
DA:75,75
DA:76,75
DA:86,78
DA:87,3
DA:91,75
DA:92,3
DA:96,72
DA:97,2
DA:98,2
DA:99,2
DA:104,70
DA:105,70
DA:106,0
DA:109,70
DA:121,78
DA:122,78
DA:124,78
DA:125,78
DA:128,78
DA:129,6
DA:130,6
DA:133,72
DA:134,1
DA:135,1
DA:139,71
DA:140,71
DA:141,2
DA:145,71
DA:146,709
DA:147,20
DA:151,71
DA:152,897
DA:153,20
DA:154,20
DA:159,71
DA:160,46
DA:161,46
DA:162,16
DA:164,30
DA:169,71
DA:170,3
DA:171,3
DA:172,2
DA:174,1
DA:179,71
DA:180,71
DA:182,71
DA:183,3
DA:184,3
DA:185,2
DA:187,1
DA:193,71
DA:195,71
DA:210,5
DA:211,5
DA:220,7
DA:235,23
LF:70
LH:69
BRDA:55,0,0,3
BRDA:55,0,1,75
BRDA:55,1,0,78
BRDA:55,1,1,75
BRDA:62,2,0,2104
BRDA:62,2,1,829
BRDA:76,3,0,75
BRDA:76,3,1,0
BRDA:86,4,0,3
BRDA:86,4,1,75
BRDA:86,5,0,78
BRDA:86,5,1,76
BRDA:91,6,0,3
BRDA:91,6,1,72
BRDA:96,7,0,2
BRDA:96,7,1,70
BRDA:96,8,0,72
BRDA:96,8,1,2
BRDA:98,9,0,2
BRDA:98,9,1,0
BRDA:105,10,0,0
BRDA:105,10,1,70
BRDA:105,11,0,70
BRDA:105,11,1,70
BRDA:120,12,0,2
BRDA:121,13,0,78
BRDA:121,13,1,2
BRDA:121,13,2,1
BRDA:128,14,0,6
BRDA:128,14,1,72
BRDA:133,15,0,1
BRDA:133,15,1,71
BRDA:140,16,0,2
BRDA:140,16,1,69
BRDA:146,17,0,20
BRDA:146,17,1,51
BRDA:152,18,0,20
BRDA:152,18,1,877
BRDA:159,19,0,46
BRDA:159,19,1,25
BRDA:161,20,0,16
BRDA:161,20,1,30
BRDA:169,21,0,3
BRDA:169,21,1,68
BRDA:171,22,0,2
BRDA:171,22,1,1
BRDA:182,23,0,3
BRDA:182,23,1,68
BRDA:182,24,0,71
BRDA:182,24,1,3
BRDA:184,25,0,2
BRDA:184,25,1,1
BRF:52
BRH:49
end_of_record
TN:
SF:src/utils/logger.js
FN:117,(anonymous_0)
FN:146,(anonymous_1)
FN:150,(anonymous_2)
FN:162,(anonymous_3)
FN:206,(anonymous_4)
FN:226,(anonymous_5)
FN:243,(anonymous_6)
FN:273,(anonymous_7)
FN:304,(anonymous_8)
FN:305,(anonymous_9)
FN:323,(anonymous_10)
FN:351,(anonymous_11)
FN:360,(anonymous_12)
FN:391,(anonymous_13)
FN:399,(anonymous_14)
FN:407,(anonymous_15)
FN:415,(anonymous_16)
FN:425,(anonymous_17)
FNF:18
FNH:17
FNDA:103,(anonymous_0)
FNDA:401,(anonymous_1)
FNDA:19359,(anonymous_2)
FNDA:228,(anonymous_3)
FNDA:2,(anonymous_4)
FNDA:147,(anonymous_5)
FNDA:0,(anonymous_6)
FNDA:6,(anonymous_7)
FNDA:136,(anonymous_8)
FNDA:163,(anonymous_9)
FNDA:136,(anonymous_10)
FNDA:136,(anonymous_11)
FNDA:136,(anonymous_12)
FNDA:22,(anonymous_13)
FNDA:110,(anonymous_14)
FNDA:1,(anonymous_15)
FNDA:3,(anonymous_16)
FNDA:64,(anonymous_17)
DA:25,31
DA:97,31
DA:117,31
DA:118,103
DA:120,103
DA:121,89
DA:122,81
DA:123,27
DA:125,54
DA:126,31
DA:127,27
DA:128,13
DA:130,14
DA:131,11
DA:132,10
DA:133,3
DA:135,7
DA:136,2
DA:138,1
DA:146,31
DA:147,401
DA:149,401
DA:150,401
DA:151,19359
DA:162,31
DA:164,228
DA:167,226
DA:169,72
DA:172,71
DA:173,0
DA:177,71
DA:178,8
DA:182,63
DA:183,1
DA:186,62
DA:190,154
DA:192,5
DA:193,0
DA:195,5
DA:199,149
DA:202,62
DA:205,61
DA:206,2
DA:210,60
DA:211,60
DA:215,0
DA:226,31
DA:228,147
DA:231,147
DA:232,0
DA:236,147
DA:237,0
DA:239,147
DA:242,147
DA:243,1
DA:247,146
DA:248,4
DA:252,142
DA:253,142
DA:255,325
DA:256,103
DA:259,222
DA:260,222
DA:264,142
DA:273,31
DA:274,6
DA:276,6
DA:282,6
DA:284,4
DA:290,6
DA:291,2
DA:292,2
DA:296,6
DA:304,31
DA:305,136
DA:306,163
DA:307,136
DA:309,27
DA:310,2
DA:312,25
DA:313,25
DA:315,0
DA:323,31
DA:324,136
DA:330,31
DA:342,31
DA:351,31
DA:352,136
DA:360,31
DA:361,136
DA:363,136
DA:364,136
DA:365,136
DA:368,136
DA:370,3
DA:371,3
DA:373,1
DA:374,1
DA:378,132
DA:379,132
DA:386,31
DA:392,22
DA:400,110
DA:408,1
DA:416,3
DA:426,64
DA:427,62
DA:429,2
DA:433,31
LF:109
LH:103
BRDA:120,0,0,14
BRDA:120,0,1,89
BRDA:121,1,0,8
BRDA:121,1,1,81
BRDA:122,2,0,27
BRDA:122,2,1,54
BRDA:122,3,0,81
BRDA:122,3,1,55
BRDA:122,3,2,54
BRDA:125,4,0,23
BRDA:125,4,1,31
BRDA:126,5,0,4
BRDA:126,5,1,27
BRDA:127,6,0,13
BRDA:127,6,1,14
BRDA:127,7,0,27
BRDA:127,7,1,13
BRDA:127,7,2,5
BRDA:130,8,0,3
BRDA:130,8,1,11
BRDA:130,9,0,14
BRDA:130,9,1,12
BRDA:131,10,0,1
BRDA:131,10,1,10
BRDA:131,11,0,11
BRDA:131,11,1,10
BRDA:132,12,0,3
BRDA:132,12,1,7
BRDA:132,13,0,10
BRDA:132,13,1,8
BRDA:132,13,2,7
BRDA:135,14,0,5
BRDA:135,14,1,2
BRDA:135,15,0,7
BRDA:135,15,1,5
BRDA:136,16,0,1
BRDA:136,16,1,1
BRDA:147,17,0,0
BRDA:147,17,1,401
BRDA:147,18,0,401
BRDA:147,18,1,401
BRDA:151,19,0,19359
BRDA:151,19,1,19309
BRDA:162,20,0,2
BRDA:164,21,0,2
BRDA:164,21,1,226
BRDA:164,22,0,228
BRDA:164,22,1,227
BRDA:167,23,0,72
BRDA:167,23,1,154
BRDA:169,24,0,1
BRDA:169,24,1,71
BRDA:172,25,0,0
BRDA:172,25,1,71
BRDA:177,26,0,8
BRDA:177,26,1,63
BRDA:182,27,0,1
BRDA:182,27,1,62
BRDA:182,28,0,63
BRDA:182,28,1,1
BRDA:190,29,0,5
BRDA:190,29,1,149
BRDA:192,30,0,0
BRDA:192,30,1,5
BRDA:199,31,0,87
BRDA:199,31,1,62
BRDA:202,32,0,1
BRDA:202,32,1,61
BRDA:205,33,0,1
BRDA:205,33,1,60
BRDA:210,34,0,60
BRDA:210,34,1,0
BRDA:226,35,0,87
BRDA:226,36,0,147
BRDA:228,37,0,0
BRDA:228,37,1,147
BRDA:231,38,0,0
BRDA:231,38,1,147
BRDA:236,39,0,0
BRDA:236,39,1,147
BRDA:242,40,0,1
BRDA:242,40,1,146
BRDA:247,41,0,4
BRDA:247,41,1,142
BRDA:255,42,0,103
BRDA:255,42,1,222
BRDA:259,43,0,146
BRDA:259,43,1,76
BRDA:282,44,0,4
BRDA:282,44,1,2
BRDA:282,45,0,6
BRDA:282,45,1,4
BRDA:284,46,0,1
BRDA:284,46,1,3
BRDA:291,47,0,2
BRDA:291,47,1,0
BRDA:291,48,0,2
BRDA:291,48,1,2
BRDA:291,48,2,2
BRDA:306,49,0,136
BRDA:306,49,1,27
BRDA:309,50,0,2
BRDA:309,50,1,25
BRDA:312,51,0,25
BRDA:312,51,1,0
BRDA:342,52,0,0
BRDA:342,52,1,31
BRDA:343,53,0,0
BRDA:343,53,1,0
BRDA:344,54,0,0
BRDA:344,54,1,31
BRDA:361,55,0,0
BRDA:361,55,1,136
BRDA:368,56,0,3
BRDA:368,56,1,1
BRDA:368,56,2,22
BRDA:368,56,3,132
BRDA:368,56,4,132
BRDA:426,57,0,62
BRDA:426,57,1,2
BRDA:426,58,0,64
BRDA:426,58,1,63
BRF:122
BRH:108
end_of_record
TN:
SF:src/utils/manual-logger-verification.js
FNF:0
FNH:0
DA:11,0
DA:13,0
DA:14,0
DA:15,0
DA:17,0
DA:18,0
DA:20,0
DA:21,0
DA:22,0
DA:25,0
DA:26,0
DA:27,0
DA:31,0
DA:34,0
DA:37,0
DA:38,0
DA:39,0
DA:44,0
DA:49,0
DA:52,0
DA:53,0
DA:54,0
DA:59,0
DA:63,0
DA:66,0
DA:67,0
DA:68,0
DA:73,0
DA:78,0
DA:81,0
DA:82,0
DA:83,0
DA:90,0
DA:93,0
DA:94,0
DA:95,0
DA:113,0
DA:116,0
DA:117,0
DA:118,0
DA:125,0
DA:128,0
DA:129,0
DA:130,0
DA:131,0
DA:132,0
DA:133,0
DA:134,0
DA:135,0
DA:138,0
DA:139,0
DA:140,0
DA:157,0
DA:160,0
DA:161,0
DA:162,0
DA:170,0
DA:173,0
DA:174,0
DA:175,0
DA:181,0
DA:182,0
DA:183,0
DA:184,0
DA:187,0
DA:188,0
DA:189,0
DA:193,0
DA:195,0
DA:196,0
DA:197,0
DA:199,0
DA:200,0
DA:201,0
DA:202,0
DA:203,0
DA:204,0
DA:205,0
DA:206,0
DA:207,0
DA:208,0
DA:209,0
DA:210,0
DA:212,0
DA:213,0
LF:85
LH:0
BRDA:20,0,0,0
BRDA:20,0,1,0
BRDA:21,1,0,0
BRDA:21,1,1,0
BRF:4
BRH:0
end_of_record
TN:
SF:src/utils/passwordValidator.js
FN:25,(anonymous_0)
FN:34,(anonymous_1)
FN:43,(anonymous_2)
FN:52,(anonymous_3)
FN:61,(anonymous_4)
FN:70,(anonymous_5)
FN:100,(anonymous_6)
FN:121,(anonymous_7)
FN:132,(anonymous_8)
FN:168,(anonymous_9)
FNF:10
FNH:10
FNDA:70,(anonymous_0)
FNDA:72,(anonymous_1)
FNDA:72,(anonymous_2)
FNDA:72,(anonymous_3)
FNDA:103,(anonymous_4)
FNDA:62,(anonymous_5)
FNDA:55,(anonymous_6)
FNDA:7,(anonymous_7)
FNDA:12,(anonymous_8)
FNDA:66,(anonymous_9)
DA:14,22
DA:15,22
DA:16,22
DA:17,22
DA:18,22
DA:25,22
DA:26,70
DA:34,22
DA:35,72
DA:43,22
DA:44,72
DA:52,22
DA:53,72
DA:61,22
DA:62,103
DA:70,22
DA:71,62
DA:100,22
DA:101,55
DA:102,55
DA:104,55
DA:105,275
DA:106,129
DA:110,55
DA:121,22
DA:122,7
DA:132,22
DA:133,12
DA:135,12
DA:136,10
DA:139,2
DA:147,22
DA:148,22
DA:150,0
DA:168,22
DA:169,66
DA:170,0
DA:173,66
DA:193,22
DA:207,22
DA:221,22
DA:223,22
LF:42
LH:40
BRDA:26,0,0,70
BRDA:26,0,1,58
BRDA:35,1,0,72
BRDA:35,1,1,60
BRDA:44,2,0,72
BRDA:44,2,1,60
BRDA:53,3,0,72
BRDA:53,3,1,60
BRDA:62,4,0,103
BRDA:62,4,1,91
BRDA:105,5,0,129
BRDA:105,5,1,146
BRDA:135,6,0,10
BRDA:135,6,1,2
BRDA:168,7,0,0
BRDA:169,8,0,0
BRDA:169,8,1,66
BRDA:193,9,0,22
BRDA:193,9,1,0
BRDA:207,10,0,22
BRDA:207,10,1,0
BRDA:221,11,0,22
BRDA:221,11,1,0
BRF:23
BRH:18
end_of_record
TN:
SF:src/utils/sorting.js
FN:89,(anonymous_0)
FN:107,(anonymous_1)
FN:120,(anonymous_2)
FN:134,(anonymous_3)
FN:143,(anonymous_4)
FN:154,(anonymous_5)
FN:188,(anonymous_6)
FN:219,(anonymous_7)
FN:220,(anonymous_8)
FN:260,(anonymous_9)
FNF:10
FNH:10
FNDA:105,(anonymous_0)
FNDA:84,(anonymous_1)
FNDA:61,(anonymous_2)
FNDA:73,(anonymous_3)
FNDA:57,(anonymous_4)
FNDA:70,(anonymous_5)
FNDA:50,(anonymous_6)
FNDA:56,(anonymous_7)
FNDA:14,(anonymous_8)
FNDA:48,(anonymous_9)
DA:18,22
DA:70,22
DA:81,22
DA:89,22
DA:90,105
DA:91,6
DA:94,99
DA:95,99
DA:96,2
DA:99,97
DA:107,22
DA:108,84
DA:109,7
DA:112,77
DA:120,22
DA:121,61
DA:122,6
DA:125,55
DA:126,55
DA:134,22
DA:135,73
DA:143,22
DA:144,57
DA:154,22
DA:155,70
DA:158,70
DA:159,4
DA:160,4
DA:164,66
DA:165,11
DA:166,11
DA:170,66
DA:171,3
DA:174,66
DA:188,22
DA:190,50
DA:191,50
DA:192,50
DA:195,50
DA:196,50
DA:197,7
DA:201,43
DA:219,22
DA:220,56
DA:221,14
DA:222,3
DA:225,11
DA:226,5
DA:227,5
DA:230,6
DA:239,22
DA:240,22
DA:242,0
DA:260,22
DA:261,48
DA:262,0
DA:265,48
DA:267,48
DA:282,22
LF:59
LH:57
BRDA:90,0,0,6
BRDA:90,0,1,99
BRDA:90,1,0,105
BRDA:90,1,1,102
BRDA:95,2,0,2
BRDA:95,2,1,97
BRDA:108,3,0,7
BRDA:108,3,1,77
BRDA:108,4,0,84
BRDA:108,4,1,81
BRDA:121,5,0,6
BRDA:121,5,1,55
BRDA:121,6,0,61
BRDA:121,6,1,58
BRDA:126,7,0,50
BRDA:126,7,1,5
BRDA:135,8,0,73
BRDA:135,8,1,5
BRDA:144,9,0,57
BRDA:144,9,1,4
BRDA:158,10,0,4
BRDA:158,10,1,66
BRDA:164,11,0,11
BRDA:164,11,1,55
BRDA:164,12,0,66
BRDA:164,12,1,63
BRDA:170,13,0,3
BRDA:170,13,1,63
BRDA:170,14,0,66
BRDA:170,14,1,63
BRDA:191,15,0,50
BRDA:191,15,1,4
BRDA:192,16,0,46
BRDA:192,16,1,4
BRDA:196,17,0,7
BRDA:196,17,1,43
BRDA:221,18,0,3
BRDA:221,18,1,11
BRDA:225,19,0,5
BRDA:225,19,1,6
BRDA:261,20,0,0
BRDA:261,20,1,48
BRF:42
BRH:41
end_of_record
